#
# A fatal error has been detected by the Java Runtime Environment:
#
#  EXCEPTION_ACCESS_VIOLATION (0xc0000005) at pc=0x00007ffbb62dd565, pid=15248, tid=10108
#
# JRE version: Java(TM) SE Runtime Environment (12.0.2+10) (build 12.0.2+10)
# Java VM: Java HotSpot(TM) 64-Bit Server VM (12.0.2+10, mixed mode, sharing, tiered, compressed oops, g1 gc, windows-amd64)
# Problematic frame:
# V  [jvm.dll+0x6cd565]
#
# No core dump will be written. Minidumps are not enabled by default on client versions of Windows
#
# If you would like to submit a bug report, please visit:
#   http://bugreport.java.com/bugreport/crash.jsp
#

---------------  S U M M A R Y ------------

Command Line: -Dcom.sun.management.jmxremote -Dcom.sun.management.jmxremote.port=53339 -Dcom.sun.management.jmxremote.authenticate=false -Dcom.sun.management.jmxremote.ssl=false -Djava.rmi.server.hostname=localhost -Dspring.jmx.enabled=true -Dspring.application.admin.enabled=true -Xverify:none -XX:TieredStopAtLevel=1 -Dfile.encoding=UTF-8 com.example.workshop.CursomcApplication --spring.output.ansi.enabled=always

Host: Intel(R) Core(TM) i7-6500U CPU @ 2.50GHz, 4 cores, 7G,  Windows 10 , 64 bit Build 18362 (10.0.18362.329)
Time: Wed Oct 16 09:07:55 2019 E. South America Standard Time elapsed time: 1 seconds (0d 0h 0m 1s)

---------------  T H R E A D  ---------------

Current thread (0x00000124bb71f800):  WatcherThread [stack: 0x0000000cf5400000,0x0000000cf5500000] [id=10108]

Stack: [0x0000000cf5400000,0x0000000cf5500000],  sp=0x0000000cf54ff670,  free space=1021k
Native frames: (J=compiled Java code, j=interpreted, Vv=VM code, C=native code)
V  [jvm.dll+0x6cd565]
V  [jvm.dll+0x71ccdd]
V  [jvm.dll+0x751449]
V  [jvm.dll+0x74a2c8]
V  [jvm.dll+0x639b16]
C  [ucrtbase.dll+0x20e72]
C  [KERNEL32.DLL+0x17bd4]
C  [ntdll.dll+0x6ced1]


siginfo: EXCEPTION_ACCESS_VIOLATION (0xc0000005), reading address 0xffffffffffffffff


Register to memory mapping:

RIP=0x00007ffbb62dd565 jvm.dll
RAX=0x24a3f1ece0ba4900 is an unknown value
RBX=0x0 is NULL
RCX=0x00000124bb739800 points into unknown readable memory: 78 f2 4f b6 fb 7f 00 00
RDX=0x0000000000000032 is an unknown value
RSP=0x0000000cf54ff670 points into unknown readable memory: 00 f8 71 bb 24 01 00 00
RBP=0x0000000000000002 is an unknown value
RSI=0x00000124bb6fd230 points into unknown readable memory: 07 00 00 00 08 00 00 00
RDI=0x0 is NULL
R8 =0x0 is NULL
R9 =0x00000124a3f10b80 is at begin+0 in a stub
StubRoutines::atomic_cmpxchg_long [0x00000124a3f10b80, 0x00000124a3f10b89[ (9 bytes)
R10=0x00000000546c6148 is an unknown value
R11=0x000000cd821e7180 is an unknown value
R12=0x0 is NULL
R13=0x00000124bb71f800 points into unknown readable memory: 90 3a 50 b6 fb 7f 00 00
R14=0x0000000000000032 is an unknown value
R15=0x00000124bb763a20 points into unknown readable memory: 00 00 00 00 00 00 00 00


Registers:
RAX=0x24a3f1ece0ba4900, RBX=0x0000000000000000, RCX=0x00000124bb739800, RDX=0x0000000000000032
RSP=0x0000000cf54ff670, RBP=0x0000000000000002, RSI=0x00000124bb6fd230, RDI=0x0000000000000000
R8 =0x0000000000000000, R9 =0x00000124a3f10b80, R10=0x00000000546c6148, R11=0x000000cd821e7180
R12=0x0000000000000000, R13=0x00000124bb71f800, R14=0x0000000000000032, R15=0x00000124bb763a20
RIP=0x00007ffbb62dd565, EFLAGS=0x0000000000010202

Top of Stack: (sp=0x0000000cf54ff670)
0x0000000cf54ff670:   00000124bb71f800 00000124bb71f800
0x0000000cf54ff680:   0000749ee7020b20 00007ffbb621ed19
0x0000000cf54ff690:   00007ffbb66d1b28 00007ffbb632ccdd
0x0000000cf54ff6a0:   0000000000000001 000001249bb67a40
0x0000000cf54ff6b0:   000001249bb67a40 431bde82d7b634db
0x0000000cf54ff6c0:   00000124bb763a20 0000749ee7020b20
0x0000000cf54ff6d0:   000001249bb67a40 00007ffbb6361449
0x0000000cf54ff6e0:   0000000000000001 0000000000000032
0x0000000cf54ff6f0:   0000000000000032 0000000000000002
0x0000000cf54ff700:   0000000000000000 0000000000000000
0x0000000cf54ff710:   0000000000000000 00007ffbb5fe05fe
0x0000000cf54ff720:   000000000000027f 0000000000000000
0x0000000cf54ff730:   0000000000000000 0000ffff00001f80
0x0000000cf54ff740:   00000124bb71f800 0000000000000000
0x0000000cf54ff750:   0000000000100000 0000000cf54ffa20
0x0000000cf54ff760:   0000000cf5400000 00007ffbb635a2c8 

Instructions: (pc=0x00007ffbb62dd565)
0x00007ffbb62dd465:   3d e7 68 34 00 00 74 6c 48 83 3d 53 24 3e 00 00
0x00007ffbb62dd475:   75 62 48 89 5c 24 20 e8 2f fb ff ff e8 8a 81 f9
0x00007ffbb62dd485:   ff 45 33 c0 48 89 05 40 24 3e 00 41 8d 50 07 8d
0x00007ffbb62dd495:   4a 09 e8 64 f5 9e ff 48 8b d8 48 85 c0 74 1b 48
0x00007ffbb62dd4a5:   63 15 15 6a 34 00 48 8b c8 e8 7d f5 04 00 48 8d
0x00007ffbb62dd4b5:   05 be 1d 22 00 48 89 03 eb 02 33 db 48 8b cb 48
0x00007ffbb62dd4c5:   89 1d fd 23 3e 00 48 8b 5c 24 20 48 83 c4 28 e9
0x00007ffbb62dd4d5:   d7 f6 04 00 48 83 c4 28 c3 cc cc 48 89 5c 24 10
0x00007ffbb62dd4e5:   56 48 83 ec 20 48 8b 01 33 db 48 8b f1 39 18 7e
0x00007ffbb62dd4f5:   2a 48 89 7c 24 30 8b fb 0f 1f 00 48 8b 40 18 48
0x00007ffbb62dd505:   8b 0c 07 48 8b 01 ff 50 08 48 8b 06 48 8d 7f 08
0x00007ffbb62dd515:   ff c3 3b 18 7c e5 48 8b 7c 24 30 48 8b 5c 24 38
0x00007ffbb62dd525:   48 83 c4 20 5e c3 cc cc cc cc cc e9 bb 74 f6 ff
0x00007ffbb62dd535:   cc cc cc cc cc cc cc cc cc cc cc 48 89 5c 24 10
0x00007ffbb62dd545:   56 48 83 ec 20 48 8b 35 7f 23 3e 00 33 db 48 8b
0x00007ffbb62dd555:   06 39 18 7e 27 48 89 7c 24 30 8b fb 48 8b 40 18
0x00007ffbb62dd565:   48 8b 0c 07 48 8b 01 ff 50 08 48 8b 06 48 8d 7f
0x00007ffbb62dd575:   08 ff c3 3b 18 7c e5 48 8b 7c 24 30 48 8b 5c 24
0x00007ffbb62dd585:   38 48 83 c4 20 5e c3 cc cc cc cc 48 89 11 48 8b
0x00007ffbb62dd595:   c1 4c 89 41 08 c3 cc cc cc cc cc 40 53 48 81 ec
0x00007ffbb62dd5a5:   b0 00 00 00 48 8b d9 48 8d 4c 24 20 e8 0a 02 00
0x00007ffbb62dd5b5:   00 48 8d 54 24 20 48 8b cb e8 dd 0d 00 00 48 81
0x00007ffbb62dd5c5:   c4 b0 00 00 00 5b c3 cc cc cc cc 48 83 ec 28 e8
0x00007ffbb62dd5d5:   47 5b ad ff 48 83 c4 28 e9 fe 0f 00 00 cc cc cc
0x00007ffbb62dd5e5:   cc cc cc cc cc cc cc cc cc cc cc 40 53 48 83 ec
0x00007ffbb62dd5f5:   20 0f b6 d9 e8 b2 00 00 00 0f b6 cb 48 83 c4 20
0x00007ffbb62dd605:   5b e9 f5 10 00 00 cc cc cc cc cc 40 53 48 83 ec
0x00007ffbb62dd615:   20 48 8b d9 e8 22 1f 00 00 48 8b d3 48 8b c8 4c
0x00007ffbb62dd625:   8b 00 41 ff 90 a0 00 00 00 48 8b cb 48 83 c4 20
0x00007ffbb62dd635:   5b e9 75 e5 f6 ff cc cc cc cc cc 48 83 ec 28 e8
0x00007ffbb62dd645:   f7 1e 00 00 48 8b c8 48 8b 10 48 83 c4 28 48 ff
0x00007ffbb62dd655:   a2 c0 00 00 00 cc cc cc cc cc cc 48 89 5c 24 08 


Stack slot to memory mapping:
stack at sp + 0 slots: 0x00000124bb71f800 points into unknown readable memory: 90 3a 50 b6 fb 7f 00 00
stack at sp + 1 slots: 0x00000124bb71f800 points into unknown readable memory: 90 3a 50 b6 fb 7f 00 00
stack at sp + 2 slots: 0x0000749ee7020b20 is an unknown value
stack at sp + 3 slots: 0x00007ffbb621ed19 jvm.dll
stack at sp + 4 slots: 0x00007ffbb66d1b28 jvm.dll
stack at sp + 5 slots: 0x00007ffbb632ccdd jvm.dll
stack at sp + 6 slots: 0x0000000000000001 is an unknown value
stack at sp + 7 slots: 0x000001249bb67a40 points into unknown readable memory: 01 00 00 00 00 00 00 00


---------------  P R O C E S S  ---------------

Threads class SMR info:
_java_thread_list=0x00000124bb75f380, length=16, elements={
0x000001249bb6a000, 0x00000124b9f75000, 0x00000124b9f76000, 0x00000124ba78f000,
0x00000124ba790000, 0x00000124ba792000, 0x00000124ba7b0800, 0x00000124ba930000,
0x00000124ba969000, 0x00000124bb441800, 0x00000124bb725800, 0x00000124bb71b800,
0x00000124bb71e800, 0x00000124bb7ae800, 0x00000124bb7b1800, 0x00000124bb78d000
}

Java Threads: ( => current thread )
  0x000001249bb6a000 JavaThread "main" [_thread_in_vm, id=7176, stack(0x0000000cf3d00000,0x0000000cf3e00000)]
  0x00000124b9f75000 JavaThread "Reference Handler" daemon [_thread_blocked, id=384, stack(0x0000000cf4500000,0x0000000cf4600000)]
  0x00000124b9f76000 JavaThread "Finalizer" daemon [_thread_blocked, id=15920, stack(0x0000000cf4600000,0x0000000cf4700000)]
  0x00000124ba78f000 JavaThread "Signal Dispatcher" daemon [_thread_blocked, id=14712, stack(0x0000000cf4800000,0x0000000cf4900000)]
  0x00000124ba790000 JavaThread "Attach Listener" daemon [_thread_blocked, id=15928, stack(0x0000000cf4900000,0x0000000cf4a00000)]
  0x00000124ba792000 JavaThread "C1 CompilerThread0" daemon [_thread_in_native, id=8468, stack(0x0000000cf4a00000,0x0000000cf4b00000)]
  0x00000124ba7b0800 JavaThread "Sweeper thread" daemon [_thread_blocked, id=3572, stack(0x0000000cf4b00000,0x0000000cf4c00000)]
  0x00000124ba930000 JavaThread "Common-Cleaner" daemon [_thread_blocked, id=1256, stack(0x0000000cf4c00000,0x0000000cf4d00000)]
  0x00000124ba969000 JavaThread "Service Thread" daemon [_thread_blocked, id=10496, stack(0x0000000cf4d00000,0x0000000cf4e00000)]
  0x00000124bb441800 JavaThread "RMI TCP Accept-0" daemon [_thread_in_native, id=14284, stack(0x0000000cf5000000,0x0000000cf5100000)]
  0x00000124bb725800 JavaThread "RMI TCP Accept-53339" daemon [_thread_in_native, id=15768, stack(0x0000000cf5100000,0x0000000cf5200000)]
  0x00000124bb71b800 JavaThread "RMI TCP Connection(1)-127.0.0.1" daemon [_thread_in_native, id=1304, stack(0x0000000cf5200000,0x0000000cf5300000)]
  0x00000124bb71e800 JavaThread "RMI TCP Accept-0" daemon [_thread_in_native, id=9976, stack(0x0000000cf5300000,0x0000000cf5400000)]
  0x00000124bb7ae800 JavaThread "RMI Scheduler(0)" daemon [_thread_blocked, id=14408, stack(0x0000000cf5500000,0x0000000cf5600000)]
  0x00000124bb7b1800 JavaThread "RMI TCP Connection(2)-127.0.0.1" daemon [_thread_in_native, id=14988, stack(0x0000000cf5600000,0x0000000cf5700000)]
  0x00000124bb78d000 JavaThread "JMX server connection timeout 19" daemon [_thread_blocked, id=6660, stack(0x0000000cf5700000,0x0000000cf5800000)]

Other Threads:
  0x00000124b9f6f800 VMThread "VM Thread" [stack: 0x0000000cf4400000,0x0000000cf4500000] [id=7728]
=>0x00000124bb71f800 WatcherThread [stack: 0x0000000cf5400000,0x0000000cf5500000] [id=10108]
  0x000001249bba8800 GCTaskThread "GC Thread#0" [stack: 0x0000000cf3f00000,0x0000000cf4000000] [id=16256]
  0x00000124bb435800 GCTaskThread "GC Thread#1" [stack: 0x0000000cf4e00000,0x0000000cf4f00000] [id=6748]
  0x00000124bb430800 GCTaskThread "GC Thread#2" [stack: 0x0000000cf4f00000,0x0000000cf5000000] [id=13036]
  0x000001249bbb7800 ConcurrentGCThread "G1 Main Marker" [stack: 0x0000000cf4000000,0x0000000cf4100000] [id=14824]
  0x000001249bbb9800 ConcurrentGCThread "G1 Conc#0" [stack: 0x0000000cf4100000,0x0000000cf4200000] [id=4872]
  0x00000124b9dee800 ConcurrentGCThread "G1 Refine#0" [stack: 0x0000000cf4200000,0x0000000cf4300000] [id=12012]
  0x00000124b9def000 ConcurrentGCThread "G1 Young RemSet Sampling" [stack: 0x0000000cf4300000,0x0000000cf4400000] [id=14920]

Threads with active compile tasks:

VM state:not at safepoint (normal execution)

VM Mutex/Monitor currently owned by a thread:  ([mutex/lock_event])
[0x000001249bb67a40] PeriodicTask_lock - owner thread: 0x00000124bb71f800

Heap address: 0x0000000081a00000, size: 2022 MB, Compressed Oops mode: 32-bit
Narrow klass base: 0x0000000800000000, Narrow klass shift: 3
Compressed class space size: 1073741824 Address: 0x0000000801190000

Heap:
 garbage-first heap   total 131072K, used 27960K [0x0000000081a00000, 0x0000000100000000)
  region size 1024K, 13 young (13312K), 1 survivors (1024K)
 Metaspace       used 6463K, capacity 6789K, committed 6912K, reserved 1056768K
  class space    used 820K, capacity 939K, committed 1024K, reserved 1048576K
Heap Regions: E=young(eden), S=young(survivor), O=old, HS=humongous(starts), HC=humongous(continues), CS=collection set, F=free, A=archive, TAMS=top-at-mark-start (previous, next)
|   0|0x0000000081a00000, 0x0000000081b00000, 0x0000000081b00000|100%|HS|  |TAMS 0x0000000081a00000, 0x0000000081a00000| Complete 
|   1|0x0000000081b00000, 0x0000000081c00000, 0x0000000081c00000|100%| O|  |TAMS 0x0000000081b00000, 0x0000000081b00000| Untracked 
|   2|0x0000000081c00000, 0x0000000081d00000, 0x0000000081d00000|100%| O|  |TAMS 0x0000000081c00000, 0x0000000081c00000| Untracked 
|   3|0x0000000081d00000, 0x0000000081e00000, 0x0000000081e00000|100%| O|  |TAMS 0x0000000081d00000, 0x0000000081d00000| Untracked 
|   4|0x0000000081e00000, 0x0000000081f00000, 0x0000000081f00000|100%| O|  |TAMS 0x0000000081e00000, 0x0000000081e00000| Untracked 
|   5|0x0000000081f00000, 0x0000000082000000, 0x0000000082000000|100%| O|  |TAMS 0x0000000081f00000, 0x0000000081f00000| Untracked 
|   6|0x0000000082000000, 0x0000000082100000, 0x0000000082100000|100%| O|  |TAMS 0x0000000082000000, 0x0000000082000000| Untracked 
|   7|0x0000000082100000, 0x0000000082200000, 0x0000000082200000|100%| O|  |TAMS 0x0000000082100000, 0x0000000082100000| Untracked 
|   8|0x0000000082200000, 0x0000000082300000, 0x0000000082300000|100%| O|  |TAMS 0x0000000082200000, 0x0000000082200000| Untracked 
|   9|0x0000000082300000, 0x0000000082400000, 0x0000000082400000|100%| O|  |TAMS 0x0000000082300000, 0x0000000082300000| Untracked 
|  10|0x0000000082400000, 0x0000000082500000, 0x0000000082500000|100%| O|  |TAMS 0x0000000082400000, 0x0000000082400000| Untracked 
|  11|0x0000000082500000, 0x0000000082600000, 0x0000000082600000|100%| O|  |TAMS 0x0000000082500000, 0x0000000082500000| Untracked 
|  12|0x0000000082600000, 0x0000000082700000, 0x0000000082700000|100%| O|  |TAMS 0x0000000082600000, 0x0000000082600000| Untracked 
|  13|0x0000000082700000, 0x0000000082800000, 0x0000000082800000|100%| O|  |TAMS 0x0000000082700000, 0x0000000082700000| Untracked 
|  14|0x0000000082800000, 0x0000000082900000, 0x0000000082900000|100%| O|  |TAMS 0x0000000082800000, 0x0000000082800000| Untracked 
|  15|0x0000000082900000, 0x000000008294e000, 0x0000000082a00000| 30%| O|  |TAMS 0x0000000082900000, 0x0000000082900000| Untracked 
|  16|0x0000000082a00000, 0x0000000082a00000, 0x0000000082b00000|  0%| F|  |TAMS 0x0000000082a00000, 0x0000000082a00000| Untracked 
|  17|0x0000000082b00000, 0x0000000082b00000, 0x0000000082c00000|  0%| F|  |TAMS 0x0000000082b00000, 0x0000000082b00000| Untracked 
|  18|0x0000000082c00000, 0x0000000082c00000, 0x0000000082d00000|  0%| F|  |TAMS 0x0000000082c00000, 0x0000000082c00000| Untracked 
|  19|0x0000000082d00000, 0x0000000082d00000, 0x0000000082e00000|  0%| F|  |TAMS 0x0000000082d00000, 0x0000000082d00000| Untracked 
|  20|0x0000000082e00000, 0x0000000082e00000, 0x0000000082f00000|  0%| F|  |TAMS 0x0000000082e00000, 0x0000000082e00000| Untracked 
|  21|0x0000000082f00000, 0x0000000082f00000, 0x0000000083000000|  0%| F|  |TAMS 0x0000000082f00000, 0x0000000082f00000| Untracked 
|  22|0x0000000083000000, 0x0000000083000000, 0x0000000083100000|  0%| F|  |TAMS 0x0000000083000000, 0x0000000083000000| Untracked 
|  23|0x0000000083100000, 0x0000000083100000, 0x0000000083200000|  0%| F|  |TAMS 0x0000000083100000, 0x0000000083100000| Untracked 
|  24|0x0000000083200000, 0x0000000083200000, 0x0000000083300000|  0%| F|  |TAMS 0x0000000083200000, 0x0000000083200000| Untracked 
|  25|0x0000000083300000, 0x0000000083300000, 0x0000000083400000|  0%| F|  |TAMS 0x0000000083300000, 0x0000000083300000| Untracked 
|  26|0x0000000083400000, 0x0000000083400000, 0x0000000083500000|  0%| F|  |TAMS 0x0000000083400000, 0x0000000083400000| Untracked 
|  27|0x0000000083500000, 0x0000000083500000, 0x0000000083600000|  0%| F|  |TAMS 0x0000000083500000, 0x0000000083500000| Untracked 
|  28|0x0000000083600000, 0x0000000083600000, 0x0000000083700000|  0%| F|  |TAMS 0x0000000083600000, 0x0000000083600000| Untracked 
|  29|0x0000000083700000, 0x0000000083700000, 0x0000000083800000|  0%| F|  |TAMS 0x0000000083700000, 0x0000000083700000| Untracked 
|  30|0x0000000083800000, 0x0000000083800000, 0x0000000083900000|  0%| F|  |TAMS 0x0000000083800000, 0x0000000083800000| Untracked 
|  31|0x0000000083900000, 0x0000000083900000, 0x0000000083a00000|  0%| F|  |TAMS 0x0000000083900000, 0x0000000083900000| Untracked 
|  32|0x0000000083a00000, 0x0000000083a00000, 0x0000000083b00000|  0%| F|  |TAMS 0x0000000083a00000, 0x0000000083a00000| Untracked 
|  33|0x0000000083b00000, 0x0000000083b00000, 0x0000000083c00000|  0%| F|  |TAMS 0x0000000083b00000, 0x0000000083b00000| Untracked 
|  34|0x0000000083c00000, 0x0000000083c00000, 0x0000000083d00000|  0%| F|  |TAMS 0x0000000083c00000, 0x0000000083c00000| Untracked 
|  35|0x0000000083d00000, 0x0000000083d00000, 0x0000000083e00000|  0%| F|  |TAMS 0x0000000083d00000, 0x0000000083d00000| Untracked 
|  36|0x0000000083e00000, 0x0000000083e00000, 0x0000000083f00000|  0%| F|  |TAMS 0x0000000083e00000, 0x0000000083e00000| Untracked 
|  37|0x0000000083f00000, 0x0000000083f00000, 0x0000000084000000|  0%| F|  |TAMS 0x0000000083f00000, 0x0000000083f00000| Untracked 
|  38|0x0000000084000000, 0x0000000084000000, 0x0000000084100000|  0%| F|  |TAMS 0x0000000084000000, 0x0000000084000000| Untracked 
|  39|0x0000000084100000, 0x0000000084100000, 0x0000000084200000|  0%| F|  |TAMS 0x0000000084100000, 0x0000000084100000| Untracked 
|  40|0x0000000084200000, 0x0000000084200000, 0x0000000084300000|  0%| F|  |TAMS 0x0000000084200000, 0x0000000084200000| Untracked 
|  41|0x0000000084300000, 0x0000000084300000, 0x0000000084400000|  0%| F|  |TAMS 0x0000000084300000, 0x0000000084300000| Untracked 
|  42|0x0000000084400000, 0x0000000084400000, 0x0000000084500000|  0%| F|  |TAMS 0x0000000084400000, 0x0000000084400000| Untracked 
|  43|0x0000000084500000, 0x0000000084500000, 0x0000000084600000|  0%| F|  |TAMS 0x0000000084500000, 0x0000000084500000| Untracked 
|  44|0x0000000084600000, 0x0000000084600000, 0x0000000084700000|  0%| F|  |TAMS 0x0000000084600000, 0x0000000084600000| Untracked 
|  45|0x0000000084700000, 0x0000000084700000, 0x0000000084800000|  0%| F|  |TAMS 0x0000000084700000, 0x0000000084700000| Untracked 
|  46|0x0000000084800000, 0x0000000084800000, 0x0000000084900000|  0%| F|  |TAMS 0x0000000084800000, 0x0000000084800000| Untracked 
|  47|0x0000000084900000, 0x0000000084900000, 0x0000000084a00000|  0%| F|  |TAMS 0x0000000084900000, 0x0000000084900000| Untracked 
|  48|0x0000000084a00000, 0x0000000084a00000, 0x0000000084b00000|  0%| F|  |TAMS 0x0000000084a00000, 0x0000000084a00000| Untracked 
|  49|0x0000000084b00000, 0x0000000084b00000, 0x0000000084c00000|  0%| F|  |TAMS 0x0000000084b00000, 0x0000000084b00000| Untracked 
|  50|0x0000000084c00000, 0x0000000084c00000, 0x0000000084d00000|  0%| F|  |TAMS 0x0000000084c00000, 0x0000000084c00000| Untracked 
|  51|0x0000000084d00000, 0x0000000084d00000, 0x0000000084e00000|  0%| F|  |TAMS 0x0000000084d00000, 0x0000000084d00000| Untracked 
|  52|0x0000000084e00000, 0x0000000084e00000, 0x0000000084f00000|  0%| F|  |TAMS 0x0000000084e00000, 0x0000000084e00000| Untracked 
|  53|0x0000000084f00000, 0x0000000084f00000, 0x0000000085000000|  0%| F|  |TAMS 0x0000000084f00000, 0x0000000084f00000| Untracked 
|  54|0x0000000085000000, 0x0000000085000000, 0x0000000085100000|  0%| F|  |TAMS 0x0000000085000000, 0x0000000085000000| Untracked 
|  55|0x0000000085100000, 0x0000000085100000, 0x0000000085200000|  0%| F|  |TAMS 0x0000000085100000, 0x0000000085100000| Untracked 
|  56|0x0000000085200000, 0x0000000085200000, 0x0000000085300000|  0%| F|  |TAMS 0x0000000085200000, 0x0000000085200000| Untracked 
|  57|0x0000000085300000, 0x0000000085300000, 0x0000000085400000|  0%| F|  |TAMS 0x0000000085300000, 0x0000000085300000| Untracked 
|  58|0x0000000085400000, 0x0000000085400000, 0x0000000085500000|  0%| F|  |TAMS 0x0000000085400000, 0x0000000085400000| Untracked 
|  59|0x0000000085500000, 0x0000000085500000, 0x0000000085600000|  0%| F|  |TAMS 0x0000000085500000, 0x0000000085500000| Untracked 
|  60|0x0000000085600000, 0x0000000085600000, 0x0000000085700000|  0%| F|  |TAMS 0x0000000085600000, 0x0000000085600000| Untracked 
|  61|0x0000000085700000, 0x0000000085700000, 0x0000000085800000|  0%| F|  |TAMS 0x0000000085700000, 0x0000000085700000| Untracked 
|  62|0x0000000085800000, 0x0000000085800000, 0x0000000085900000|  0%| F|  |TAMS 0x0000000085800000, 0x0000000085800000| Untracked 
|  63|0x0000000085900000, 0x0000000085900000, 0x0000000085a00000|  0%| F|  |TAMS 0x0000000085900000, 0x0000000085900000| Untracked 
|  64|0x0000000085a00000, 0x0000000085a00000, 0x0000000085b00000|  0%| F|  |TAMS 0x0000000085a00000, 0x0000000085a00000| Untracked 
|  65|0x0000000085b00000, 0x0000000085b00000, 0x0000000085c00000|  0%| F|  |TAMS 0x0000000085b00000, 0x0000000085b00000| Untracked 
|  66|0x0000000085c00000, 0x0000000085c00000, 0x0000000085d00000|  0%| F|  |TAMS 0x0000000085c00000, 0x0000000085c00000| Untracked 
|  67|0x0000000085d00000, 0x0000000085d00000, 0x0000000085e00000|  0%| F|  |TAMS 0x0000000085d00000, 0x0000000085d00000| Untracked 
|  68|0x0000000085e00000, 0x0000000085e00000, 0x0000000085f00000|  0%| F|  |TAMS 0x0000000085e00000, 0x0000000085e00000| Untracked 
|  69|0x0000000085f00000, 0x0000000085f00000, 0x0000000086000000|  0%| F|  |TAMS 0x0000000085f00000, 0x0000000085f00000| Untracked 
|  70|0x0000000086000000, 0x0000000086000000, 0x0000000086100000|  0%| F|  |TAMS 0x0000000086000000, 0x0000000086000000| Untracked 
|  71|0x0000000086100000, 0x0000000086100000, 0x0000000086200000|  0%| F|  |TAMS 0x0000000086100000, 0x0000000086100000| Untracked 
|  72|0x0000000086200000, 0x0000000086200000, 0x0000000086300000|  0%| F|  |TAMS 0x0000000086200000, 0x0000000086200000| Untracked 
|  73|0x0000000086300000, 0x0000000086300000, 0x0000000086400000|  0%| F|  |TAMS 0x0000000086300000, 0x0000000086300000| Untracked 
|  74|0x0000000086400000, 0x0000000086400000, 0x0000000086500000|  0%| F|  |TAMS 0x0000000086400000, 0x0000000086400000| Untracked 
|  75|0x0000000086500000, 0x0000000086500000, 0x0000000086600000|  0%| F|  |TAMS 0x0000000086500000, 0x0000000086500000| Untracked 
|  76|0x0000000086600000, 0x0000000086600000, 0x0000000086700000|  0%| F|  |TAMS 0x0000000086600000, 0x0000000086600000| Untracked 
|  77|0x0000000086700000, 0x0000000086700000, 0x0000000086800000|  0%| F|  |TAMS 0x0000000086700000, 0x0000000086700000| Untracked 
|  78|0x0000000086800000, 0x0000000086800000, 0x0000000086900000|  0%| F|  |TAMS 0x0000000086800000, 0x0000000086800000| Untracked 
|  79|0x0000000086900000, 0x0000000086900000, 0x0000000086a00000|  0%| F|  |TAMS 0x0000000086900000, 0x0000000086900000| Untracked 
|  80|0x0000000086a00000, 0x0000000086a00000, 0x0000000086b00000|  0%| F|  |TAMS 0x0000000086a00000, 0x0000000086a00000| Untracked 
|  81|0x0000000086b00000, 0x0000000086b00000, 0x0000000086c00000|  0%| F|  |TAMS 0x0000000086b00000, 0x0000000086b00000| Untracked 
|  82|0x0000000086c00000, 0x0000000086c00000, 0x0000000086d00000|  0%| F|  |TAMS 0x0000000086c00000, 0x0000000086c00000| Untracked 
|  83|0x0000000086d00000, 0x0000000086d00000, 0x0000000086e00000|  0%| F|  |TAMS 0x0000000086d00000, 0x0000000086d00000| Untracked 
|  84|0x0000000086e00000, 0x0000000086e00000, 0x0000000086f00000|  0%| F|  |TAMS 0x0000000086e00000, 0x0000000086e00000| Untracked 
|  85|0x0000000086f00000, 0x0000000086f00000, 0x0000000087000000|  0%| F|  |TAMS 0x0000000086f00000, 0x0000000086f00000| Untracked 
|  86|0x0000000087000000, 0x0000000087000000, 0x0000000087100000|  0%| F|  |TAMS 0x0000000087000000, 0x0000000087000000| Untracked 
|  87|0x0000000087100000, 0x0000000087100000, 0x0000000087200000|  0%| F|  |TAMS 0x0000000087100000, 0x0000000087100000| Untracked 
|  88|0x0000000087200000, 0x0000000087200000, 0x0000000087300000|  0%| F|  |TAMS 0x0000000087200000, 0x0000000087200000| Untracked 
|  89|0x0000000087300000, 0x0000000087300000, 0x0000000087400000|  0%| F|  |TAMS 0x0000000087300000, 0x0000000087300000| Untracked 
|  90|0x0000000087400000, 0x0000000087400000, 0x0000000087500000|  0%| F|  |TAMS 0x0000000087400000, 0x0000000087400000| Untracked 
|  91|0x0000000087500000, 0x0000000087500000, 0x0000000087600000|  0%| F|  |TAMS 0x0000000087500000, 0x0000000087500000| Untracked 
|  92|0x0000000087600000, 0x0000000087600000, 0x0000000087700000|  0%| F|  |TAMS 0x0000000087600000, 0x0000000087600000| Untracked 
|  93|0x0000000087700000, 0x0000000087700000, 0x0000000087800000|  0%| F|  |TAMS 0x0000000087700000, 0x0000000087700000| Untracked 
|  94|0x0000000087800000, 0x0000000087800000, 0x0000000087900000|  0%| F|  |TAMS 0x0000000087800000, 0x0000000087800000| Untracked 
|  95|0x0000000087900000, 0x0000000087900000, 0x0000000087a00000|  0%| F|  |TAMS 0x0000000087900000, 0x0000000087900000| Untracked 
|  96|0x0000000087a00000, 0x0000000087a00000, 0x0000000087b00000|  0%| F|  |TAMS 0x0000000087a00000, 0x0000000087a00000| Untracked 
|  97|0x0000000087b00000, 0x0000000087b00000, 0x0000000087c00000|  0%| F|  |TAMS 0x0000000087b00000, 0x0000000087b00000| Untracked 
|  98|0x0000000087c00000, 0x0000000087c00000, 0x0000000087d00000|  0%| F|  |TAMS 0x0000000087c00000, 0x0000000087c00000| Untracked 
|  99|0x0000000087d00000, 0x0000000087d00000, 0x0000000087e00000|  0%| F|  |TAMS 0x0000000087d00000, 0x0000000087d00000| Untracked 
| 100|0x0000000087e00000, 0x0000000087e00000, 0x0000000087f00000|  0%| F|  |TAMS 0x0000000087e00000, 0x0000000087e00000| Untracked 
| 101|0x0000000087f00000, 0x0000000087f00000, 0x0000000088000000|  0%| F|  |TAMS 0x0000000087f00000, 0x0000000087f00000| Untracked 
| 102|0x0000000088000000, 0x0000000088000000, 0x0000000088100000|  0%| F|  |TAMS 0x0000000088000000, 0x0000000088000000| Untracked 
| 103|0x0000000088100000, 0x0000000088100000, 0x0000000088200000|  0%| F|  |TAMS 0x0000000088100000, 0x0000000088100000| Untracked 
| 104|0x0000000088200000, 0x0000000088200000, 0x0000000088300000|  0%| F|  |TAMS 0x0000000088200000, 0x0000000088200000| Untracked 
| 105|0x0000000088300000, 0x0000000088300000, 0x0000000088400000|  0%| F|  |TAMS 0x0000000088300000, 0x0000000088300000| Untracked 
| 106|0x0000000088400000, 0x0000000088400000, 0x0000000088500000|  0%| F|  |TAMS 0x0000000088400000, 0x0000000088400000| Untracked 
| 107|0x0000000088500000, 0x0000000088500000, 0x0000000088600000|  0%| F|  |TAMS 0x0000000088500000, 0x0000000088500000| Untracked 
| 108|0x0000000088600000, 0x0000000088600000, 0x0000000088700000|  0%| F|  |TAMS 0x0000000088600000, 0x0000000088600000| Untracked 
| 109|0x0000000088700000, 0x0000000088700000, 0x0000000088800000|  0%| F|  |TAMS 0x0000000088700000, 0x0000000088700000| Untracked 
| 110|0x0000000088800000, 0x0000000088800000, 0x0000000088900000|  0%| F|  |TAMS 0x0000000088800000, 0x0000000088800000| Untracked 
| 111|0x0000000088900000, 0x0000000088900000, 0x0000000088a00000|  0%| F|  |TAMS 0x0000000088900000, 0x0000000088900000| Untracked 
| 112|0x0000000088a00000, 0x0000000088a00000, 0x0000000088b00000|  0%| F|  |TAMS 0x0000000088a00000, 0x0000000088a00000| Untracked 
| 113|0x0000000088b00000, 0x0000000088b00000, 0x0000000088c00000|  0%| F|  |TAMS 0x0000000088b00000, 0x0000000088b00000| Untracked 
| 114|0x0000000088c00000, 0x0000000088c00000, 0x0000000088d00000|  0%| F|  |TAMS 0x0000000088c00000, 0x0000000088c00000| Untracked 
| 115|0x0000000088d00000, 0x0000000088dbcdd0, 0x0000000088e00000| 73%| E|  |TAMS 0x0000000088d00000, 0x0000000088d00000| Complete 
| 116|0x0000000088e00000, 0x0000000088f00000, 0x0000000088f00000|100%| E|CS|TAMS 0x0000000088e00000, 0x0000000088e00000| Complete 
| 117|0x0000000088f00000, 0x0000000089000000, 0x0000000089000000|100%| E|CS|TAMS 0x0000000088f00000, 0x0000000088f00000| Complete 
| 118|0x0000000089000000, 0x0000000089100000, 0x0000000089100000|100%| E|CS|TAMS 0x0000000089000000, 0x0000000089000000| Complete 
| 119|0x0000000089100000, 0x0000000089200000, 0x0000000089200000|100%| E|CS|TAMS 0x0000000089100000, 0x0000000089100000| Complete 
| 120|0x0000000089200000, 0x0000000089300000, 0x0000000089300000|100%| E|CS|TAMS 0x0000000089200000, 0x0000000089200000| Complete 
| 121|0x0000000089300000, 0x0000000089400000, 0x0000000089400000|100%| S|CS|TAMS 0x0000000089300000, 0x0000000089300000| Complete 
| 122|0x0000000089400000, 0x0000000089500000, 0x0000000089500000|100%| E|CS|TAMS 0x0000000089400000, 0x0000000089400000| Complete 
| 123|0x0000000089500000, 0x0000000089600000, 0x0000000089600000|100%| E|CS|TAMS 0x0000000089500000, 0x0000000089500000| Complete 
| 124|0x0000000089600000, 0x0000000089700000, 0x0000000089700000|100%| E|CS|TAMS 0x0000000089600000, 0x0000000089600000| Complete 
| 125|0x0000000089700000, 0x0000000089800000, 0x0000000089800000|100%| E|CS|TAMS 0x0000000089700000, 0x0000000089700000| Complete 
| 126|0x0000000089800000, 0x0000000089900000, 0x0000000089900000|100%| E|CS|TAMS 0x0000000089800000, 0x0000000089800000| Complete 
| 127|0x0000000089900000, 0x0000000089a00000, 0x0000000089a00000|100%| E|CS|TAMS 0x0000000089900000, 0x0000000089900000| Complete 

Card table byte_map: [0x00000124b3310000,0x00000124b3710000] _byte_map_base: 0x00000124b2f03000

Marking Bits (Prev, Next): (CMBitMap*) 0x000001249bbaa7e8, (CMBitMap*) 0x000001249bbaa828
 Prev Bits: [0x00000124b3b10000, 0x00000124b5aa8000)
 Next Bits: [0x00000124b5ab0000, 0x00000124b7a48000)

Polling page: 0x000001249b2e0000

Metaspace:

Usage:
  Non-class:      5.71 MB capacity,     5.53 MB ( 97%) used,   158.25 KB (  3%) free+waste,    26.25 KB ( <1%) overhead. 
      Class:    939.00 KB capacity,   823.74 KB ( 88%) used,   100.45 KB ( 11%) free+waste,    14.81 KB (  2%) overhead. 
       Both:      6.63 MB capacity,     6.34 MB ( 96%) used,   258.70 KB (  4%) free+waste,    41.06 KB ( <1%) overhead. 

Virtual space:
  Non-class space:        8.00 MB reserved,       6.00 MB ( 75%) committed 
      Class space:        1.00 GB reserved,       1.00 MB ( <1%) committed 
             Both:        1.01 GB reserved,       7.00 MB ( <1%) committed 

Chunk freelists:
   Non-Class:  4.75 KB
       Class:  2.63 KB
        Both:  7.38 KB

CodeHeap 'non-profiled nmethods': size=238912Kb used=1963Kb max_used=1963Kb free=236948Kb
 bounds [0x00000124a45c0000, 0x00000124a4830000, 0x00000124b2f10000]
CodeHeap 'non-nmethods': size=6848Kb used=1138Kb max_used=1138Kb free=5709Kb
 bounds [0x00000124a3f10000, 0x00000124a4180000, 0x00000124a45c0000]
 total_blobs=1764 nmethods=1299 adapters=375
 compilation: enabled
              stopped_count=0, restarted_count=0
 full_count=0

Compilation events (10 events):
Event: 1.024 Thread 0x00000124ba792000 nmethod 1058 0x00000124a4731f90 code [0x00000124a4732180, 0x00000124a4732500]
Event: 1.024 Thread 0x00000124ba792000 1059       1       java.util.ArrayList::add (23 bytes)
Event: 1.024 Thread 0x00000124ba792000 nmethod 1059 0x00000124a4732690 code [0x00000124a4732880, 0x00000124a4732be0]
Event: 1.024 Thread 0x00000124ba792000 1050       1       java.lang.StringLatin1::regionMatchesCI (92 bytes)
Event: 1.025 Thread 0x00000124ba792000 nmethod 1050 0x00000124a4732d90 code [0x00000124a4732fc0, 0x00000124a4733360]
Event: 1.025 Thread 0x00000124ba792000 1052       1       sun.security.provider.PolicyParser::peek (177 bytes)
Event: 1.025 Thread 0x00000124ba792000 nmethod 1052 0x00000124a4733690 code [0x00000124a47338c0, 0x00000124a4733c50]
Event: 1.025 Thread 0x00000124ba792000 1054       1       sun.security.provider.PolicyParser::match (766 bytes)
Event: 1.028 Thread 0x00000124ba792000 nmethod 1054 0x00000124a4733e90 code [0x00000124a4734400, 0x00000124a4735c50]
Event: 1.028 Thread 0x00000124ba792000 1048       1       java.lang.String::regionMatches (150 bytes)

GC Heap History (4 events):
Event: 0.477 GC heap before
{Heap before GC invocations=0 (full 0):
 garbage-first heap   total 131072K, used 14336K [0x0000000081a00000, 0x0000000100000000)
  region size 1024K, 14 young (14336K), 0 survivors (0K)
 Metaspace       used 495K, capacity 4518K, committed 4864K, reserved 1056768K
  class space    used 46K, capacity 399K, committed 512K, reserved 1048576K
}
Event: 0.485 GC heap after
{Heap after GC invocations=1 (full 0):
 garbage-first heap   total 131072K, used 12873K [0x0000000081a00000, 0x0000000100000000)
  region size 1024K, 2 young (2048K), 2 survivors (2048K)
 Metaspace       used 495K, capacity 4518K, committed 4864K, reserved 1056768K
  class space    used 46K, capacity 399K, committed 512K, reserved 1048576K
}
Event: 0.669 GC heap before
{Heap before GC invocations=1 (full 0):
 garbage-first heap   total 131072K, used 19017K [0x0000000081a00000, 0x0000000100000000)
  region size 1024K, 8 young (8192K), 2 survivors (2048K)
 Metaspace       used 2889K, capacity 4789K, committed 4864K, reserved 1056768K
  class space    used 369K, capacity 494K, committed 512K, reserved 1048576K
}
Event: 0.673 GC heap after
{Heap after GC invocations=2 (full 0):
 garbage-first heap   total 131072K, used 16696K [0x0000000081a00000, 0x0000000100000000)
  region size 1024K, 1 young (1024K), 1 survivors (1024K)
 Metaspace       used 2889K, capacity 4789K, committed 4864K, reserved 1056768K
  class space    used 369K, capacity 494K, committed 512K, reserved 1048576K
}

Deoptimization events (0 events):
No events

Classes redefined (0 events):
No events

Internal exceptions (10 events):
Event: 0.682 Thread 0x000001249bb6a000 Exception <a 'java/lang/NoSuchMethodError'{0x00000000899238f0}: java.lang.invoke.DirectMethodHandle$Holder.invokeStaticInit(Ljava/lang/Object;IIII)Ljava/lang/Object;> (0x00000000899238f0) thrown at [t:/workspace/open/src/hotspot/share/interpreter/linkReso
Event: 0.922 Thread 0x000001249bb6a000 Exception <a 'java/lang/NoSuchMethodError'{0x000000008998e1d0}: java.lang.invoke.DirectMethodHandle$Holder.invokeStaticInit(Ljava/lang/Object;Ljava/lang/Object;IIII)Ljava/lang/Object;> (0x000000008998e1d0) thrown at [t:/workspace/open/src/hotspot/share/in
Event: 0.933 Thread 0x000001249bb6a000 Exception <a 'java/lang/ClassNotFoundException'{0x00000000899a9580}: javax/management/remote/rmi/RMIServerImpl_Skel> (0x00000000899a9580) thrown at [t:/workspace/open/src/hotspot/share/classfile/systemDictionary.cpp, line 235]
Event: 0.959 Thread 0x000001249bb6a000 Exception <a 'java/lang/ClassNotFoundException'{0x00000000898224a8}: jdk/internal/agent/resources/spi/agentProvider> (0x00000000898224a8) thrown at [t:/workspace/open/src/hotspot/share/classfile/systemDictionary.cpp, line 235]
Event: 1.001 Thread 0x00000124bb7b1800 Exception <a 'java/lang/NoSuchMethodError'{0x0000000089623920}: <clinit>> (0x0000000089623920) thrown at [t:/workspace/open/src/hotspot/share/prims/jni.cpp, line 1362]
Event: 1.011 Thread 0x00000124bb7b1800 Exception <a 'java/lang/ClassNotFoundException'{0x00000000896fa6d0}: javax/management/remote/rmi/RMIConnectionImpl_Skel> (0x00000000896fa6d0) thrown at [t:/workspace/open/src/hotspot/share/classfile/systemDictionary.cpp, line 235]
Event: 1.013 Thread 0x00000124bb78d000 Exception <a 'java/lang/NoSuchMethodError'{0x000000008951c420}: java.lang.invoke.Invokers$Holder.linkToTargetMethod(Ljava/lang/Object;JLjava/lang/Object;)Ljava/lang/Object;> (0x000000008951c420) thrown at [t:/workspace/open/src/hotspot/share/interpreter/l
Event: 1.022 Thread 0x00000124bb7b1800 Exception <a 'java/lang/reflect/InvocationTargetException'{0x000000008955fa30}> (0x000000008955fa30) thrown at [t:/workspace/open/src/hotspot/share/runtime/reflection.cpp, line 1183]
Event: 1.023 Thread 0x000001249bb6a000 Exception <a 'java/lang/ClassNotFoundException'{0x00000000896e15d0}: javax/smartcardio/CardPermission> (0x00000000896e15d0) thrown at [t:/workspace/open/src/hotspot/share/classfile/systemDictionary.cpp, line 235]
Event: 1.027 Thread 0x00000124bb7b1800 Exception <a 'java/lang/NoSuchMethodError'{0x00000000895852a0}: <clinit>> (0x00000000895852a0) thrown at [t:/workspace/open/src/hotspot/share/prims/jni.cpp, line 1362]

Events (10 events):
Event: 1.026 loading class java/lang/StackTraceElement$HashedModules
Event: 1.026 loading class sun/nio/cs/ThreadLocalCoders
Event: 1.026 loading class java/lang/StackTraceElement$HashedModules done
Event: 1.026 loading class sun/nio/cs/ThreadLocalCoders done
Event: 1.026 loading class sun/nio/cs/ThreadLocalCoders$1
Event: 1.026 loading class sun/nio/cs/ThreadLocalCoders$Cache
Event: 1.026 loading class sun/nio/cs/ThreadLocalCoders$Cache done
Event: 1.026 loading class sun/nio/cs/ThreadLocalCoders$1 done
Event: 1.026 loading class sun/nio/cs/ThreadLocalCoders$2
Event: 1.027 loading class sun/nio/cs/ThreadLocalCoders$2 done


Dynamic libraries:
0x00007ff64e500000 - 0x00007ff64e50f000 	C:\Program Files\Java\jdk-12.0.2\bin\javaw.exe
0x00007ffc0cec0000 - 0x00007ffc0d0b0000 	C:\WINDOWS\SYSTEM32\ntdll.dll
0x00007ffc0b8b0000 - 0x00007ffc0b962000 	C:\WINDOWS\System32\KERNEL32.DLL
0x00007ffc0a730000 - 0x00007ffc0a9d3000 	C:\WINDOWS\System32\KERNELBASE.dll
0x00007ffc07c00000 - 0x00007ffc07c8f000 	C:\WINDOWS\SYSTEM32\apphelp.dll
0x00007ffbdc190000 - 0x00007ffbdc621000 	C:\WINDOWS\SYSTEM32\AcLayers.DLL
0x00007ffc0b620000 - 0x00007ffc0b6be000 	C:\WINDOWS\System32\msvcrt.dll
0x00007ffc0ba90000 - 0x00007ffc0bc24000 	C:\WINDOWS\System32\USER32.dll
0x00007ffc0ac00000 - 0x00007ffc0ac21000 	C:\WINDOWS\System32\win32u.dll
0x00007ffc0c990000 - 0x00007ffc0c9b6000 	C:\WINDOWS\System32\GDI32.dll
0x00007ffc0add0000 - 0x00007ffc0af64000 	C:\WINDOWS\System32\gdi32full.dll
0x00007ffc0ad30000 - 0x00007ffc0adce000 	C:\WINDOWS\System32\msvcp_win.dll
0x00007ffc09e50000 - 0x00007ffc09f4a000 	C:\WINDOWS\System32\ucrtbase.dll
0x00007ffc0ba30000 - 0x00007ffc0ba82000 	C:\WINDOWS\System32\SHLWAPI.dll
0x00007ffc0c9c0000 - 0x00007ffc0ccf6000 	C:\WINDOWS\System32\combase.dll
0x00007ffc0b790000 - 0x00007ffc0b8b0000 	C:\WINDOWS\System32\RPCRT4.dll
0x00007ffc0ab80000 - 0x00007ffc0ac00000 	C:\WINDOWS\System32\bcryptPrimitives.dll
0x00007ffc0c170000 - 0x00007ffc0c213000 	C:\WINDOWS\System32\ADVAPI32.dll
0x00007ffc0af70000 - 0x00007ffc0b007000 	C:\WINDOWS\System32\sechost.dll
0x0000012499890000 - 0x0000012499893000 	C:\WINDOWS\SYSTEM32\sfc.dll
0x00007ffbfcfd0000 - 0x00007ffbfd059000 	C:\WINDOWS\SYSTEM32\WINSPOOL.DRV
0x00007ffc09df0000 - 0x00007ffc09e01000 	C:\WINDOWS\System32\kernel.appcore.dll
0x00007ffc0ac50000 - 0x00007ffc0ac76000 	C:\WINDOWS\System32\bcrypt.dll
0x00007ffc08850000 - 0x00007ffc0893f000 	C:\WINDOWS\SYSTEM32\PROPSYS.dll
0x00007ffc0b6c0000 - 0x00007ffc0b784000 	C:\WINDOWS\System32\OLEAUT32.dll
0x00007ffc0cdd0000 - 0x00007ffc0ce79000 	C:\WINDOWS\System32\shcore.dll
0x00007ffc09310000 - 0x00007ffc0934a000 	C:\WINDOWS\SYSTEM32\IPHLPAPI.DLL
0x00007ffbedf90000 - 0x00007ffbedfa1000 	C:\WINDOWS\SYSTEM32\sfc_os.DLL
0x00007ffc0b330000 - 0x00007ffc0b35e000 	C:\WINDOWS\System32\IMM32.DLL
0x00007ffbfba80000 - 0x00007ffbfba98000 	C:\Program Files\Java\jdk-12.0.2\bin\jli.dll
0x00007ffbfb900000 - 0x00007ffbfb916000 	C:\Program Files\Java\jdk-12.0.2\bin\VCRUNTIME140.dll
0x00007ffbfbbc0000 - 0x00007ffbfbe45000 	C:\WINDOWS\WinSxS\amd64_microsoft.windows.common-controls_6595b64144ccf1df_6.0.18362.418_none_e6c6b287130d565d\COMCTL32.dll
0x00007ffc05850000 - 0x00007ffc0585a000 	C:\WINDOWS\SYSTEM32\VERSION.dll
0x00007ffbf05a0000 - 0x00007ffbf064a000 	C:\Program Files\Java\jdk-12.0.2\bin\msvcp140.dll
0x00007ffbb5c10000 - 0x00007ffbb6787000 	C:\Program Files\Java\jdk-12.0.2\bin\server\jvm.dll
0x00007ffc0b5a0000 - 0x00007ffc0b5a8000 	C:\WINDOWS\System32\PSAPI.DLL
0x00007ffc04c30000 - 0x00007ffc04c39000 	C:\WINDOWS\SYSTEM32\WSOCK32.dll
0x00007ffc0b5b0000 - 0x00007ffc0b61f000 	C:\WINDOWS\System32\WS2_32.dll
0x00007ffc06310000 - 0x00007ffc06334000 	C:\WINDOWS\SYSTEM32\WINMM.dll
0x00007ffc062a0000 - 0x00007ffc062cd000 	C:\WINDOWS\SYSTEM32\WINMMBASE.dll
0x00007ffc0ab30000 - 0x00007ffc0ab7a000 	C:\WINDOWS\System32\cfgmgr32.dll
0x00007ffc063e0000 - 0x00007ffc063f1000 	C:\Program Files\Java\jdk-12.0.2\bin\verify.dll
0x00007ffbf9080000 - 0x00007ffbf9274000 	C:\WINDOWS\SYSTEM32\DBGHELP.DLL
0x00007ffbf8f60000 - 0x00007ffbf8f8a000 	C:\WINDOWS\SYSTEM32\dbgcore.DLL
0x00007ffbf7d00000 - 0x00007ffbf7d26000 	C:\Program Files\Java\jdk-12.0.2\bin\java.dll
0x00007ffc05660000 - 0x00007ffc05677000 	C:\Program Files\Java\jdk-12.0.2\bin\zip.dll
0x00007ffc06380000 - 0x00007ffc0638a000 	C:\Program Files\Java\jdk-12.0.2\bin\jimage.dll
0x00007ffc0c2a0000 - 0x00007ffc0c985000 	C:\WINDOWS\System32\SHELL32.dll
0x00007ffc09fb0000 - 0x00007ffc0a72f000 	C:\WINDOWS\System32\windows.storage.dll
0x00007ffc09e30000 - 0x00007ffc09e4f000 	C:\WINDOWS\System32\profapi.dll
0x00007ffc09da0000 - 0x00007ffc09dea000 	C:\WINDOWS\System32\powrprof.dll
0x00007ffc09d90000 - 0x00007ffc09da0000 	C:\WINDOWS\System32\UMPDC.dll
0x00007ffc0ac30000 - 0x00007ffc0ac47000 	C:\WINDOWS\SYSTEM32\AcLayers.DLL
0x00007ffc04e40000 - 0x00007ffc04e59000 	C:\WINDOWS\System32\GDI32.dll
0x00007ffbfb6e0000 - 0x00007ffbfb7d0000 	C:\WINDOWS\System32\SHLWAPI.dll
0x00007ffbfca30000 - 0x00007ffbfcc06000 	C:\WINDOWS\System32\bcryptPrimitives.dll
0x00007ffbfc780000 - 0x00007ffbfca26000 	C:\WINDOWS\SYSTEM32\sfc.dll
0x00007ffc097d0000 - 0x00007ffc097dc000 	C:\WINDOWS\System32\bcrypt.dll
0x00007ffc09600000 - 0x00007ffc09667000 	C:\WINDOWS\System32\shcore.dll
0x00007ffc03430000 - 0x00007ffc03443000 	C:\WINDOWS\System32\IMM32.DLL
0x00007ffc033d0000 - 0x00007ffc033d9000 	C:\Program Files\Java\jdk-12.0.2\bin\VCRUNTIME140.dll
0x00007ffbfc520000 - 0x00007ffbfc52c000 	C:\WINDOWS\SYSTEM32\VERSION.dll
0x00007ffbf8080000 - 0x00007ffbf8096000 	C:\Program Files\Java\jdk-12.0.2\bin\server\jvm.dll
0x00007ffbf8010000 - 0x00007ffbf802a000 	C:\WINDOWS\SYSTEM32\WSOCK32.dll
0x00007ffc09360000 - 0x00007ffc0942a000 	C:\WINDOWS\System32\WS2_32.dll
0x00007ffc0b320000 - 0x00007ffc0b328000 	C:\WINDOWS\System32\NSI.dll
0x00007ffbf7fe0000 - 0x00007ffbf7fee000 	C:\WINDOWS\System32\cfgmgr32.dll
0x00007ffc07990000 - 0x00007ffc079ac000 	C:\WINDOWS\SYSTEM32\DBGHELP.DLL
0x00007ffbf7e10000 - 0x00007ffbf7e25000 	C:\Program Files\Java\jdk-12.0.2\bin\java.dll
0x00007ffbfb6d0000 - 0x00007ffbfb6da000 	C:\Windows\System32\rasadhlp.dll
0x00007ffc01360000 - 0x00007ffc013d7000 	C:\WINDOWS\System32\fwpuclnt.dll
0x00007ffc09170000 - 0x00007ffc091a3000 	C:\WINDOWS\System32\msvcrt.dll
0x00007ffc09cb0000 - 0x00007ffc09cd5000 	C:\WINDOWS\System32\ucrtbase.dll
0x00007ffc02670000 - 0x00007ffc02686000 	C:\WINDOWS\System32\bcryptPrimitives.dll
0x00007ffc02f50000 - 0x00007ffc02f6c000 	C:\WINDOWS\SYSTEM32\WINSPOOL.DRV

dbghelp: loaded successfully - version: 4.0.5 - missing functions: none
symbol engine: initialized successfully - sym options: 0x614 - pdb path: .;C:\Program Files\Java\jdk-12.0.2\bin;C:\WINDOWS\SYSTEM32;C:\WINDOWS\WinSxS\amd64_microsoft.windows.common-controls_6595b64144ccf1df_6.0.18362.418_none_e6c6b287130d565d;C:\Program Files\Java\jdk-12.0.2\bin\server

VM Arguments:
jvm_args: -Dcom.sun.management.jmxremote -Dcom.sun.management.jmxremote.port=53339 -Dcom.sun.management.jmxremote.authenticate=false -Dcom.sun.management.jmxremote.ssl=false -Djava.rmi.server.hostname=localhost -Dspring.jmx.enabled=true -Dspring.application.admin.enabled=true -Xverify:none -XX:TieredStopAtLevel=1 -Dfile.encoding=UTF-8 
java_command: com.example.workshop.CursomcApplication --spring.output.ansi.enabled=always
java_class_path (initial): C:\Workspaces\ws-sts\cursomc\target\classes;C:\Users\gabri\.m2\repository\org\springframework\boot\spring-boot-starter-web\2.1.9.RELEASE\spring-boot-starter-web-2.1.9.RELEASE.jar;C:\Users\gabri\.m2\repository\org\springframework\boot\spring-boot-starter\2.1.9.RELEASE\spring-boot-starter-2.1.9.RELEASE.jar;C:\Users\gabri\.m2\repository\org\springframework\boot\spring-boot-starter-logging\2.1.9.RELEASE\spring-boot-starter-logging-2.1.9.RELEASE.jar;C:\Users\gabri\.m2\repository\ch\qos\logback\logback-classic\1.2.3\logback-classic-1.2.3.jar;C:\Users\gabri\.m2\repository\ch\qos\logback\logback-core\1.2.3\logback-core-1.2.3.jar;C:\Users\gabri\.m2\repository\org\apache\logging\log4j\log4j-to-slf4j\2.11.2\log4j-to-slf4j-2.11.2.jar;C:\Users\gabri\.m2\repository\org\apache\logging\log4j\log4j-api\2.11.2\log4j-api-2.11.2.jar;C:\Users\gabri\.m2\repository\org\slf4j\jul-to-slf4j\1.7.28\jul-to-slf4j-1.7.28.jar;C:\Users\gabri\.m2\repository\javax\annotation\javax.annotation-api\1.3.2\javax.annotation-api-1.3.2.jar;C:\Users\gabri\.m2\repository\org\yaml\snakeyaml\1.23\snakeyaml-1.23.jar;C:\Users\gabri\.m2\repository\org\springframework\boot\spring-boot-starter-json\2.1.9.RELEASE\spring-boot-starter-json-2.1.9.RELEASE.jar;C:\Users\gabri\.m2\repository\com\fasterxml\jackson\datatype\jackson-datatype-jdk8\2.9.9\jackson-datatype-jdk8-2.9.9.jar;C:\Users\gabri\.m2\repository\com\fasterxml\jackson\datatype\jackson-datatype-jsr310\2.9.9\jackson-datatype-jsr310-2.9.9.jar;C:\Users\gabri\.m2\repository\com\fasterxml\jackson\module\jackson-module-parameter-names\2.9.9\jackson-module-parameter-names-2.9.9.jar;C:\Users\gabri\.m2\repository\org\springframework\boot\spring-boot-starter-tomcat\2.1.9.RELEASE\spring-boot-starter-tomcat-2.1.9.RELEASE.jar;C:\Users\gabri\.m2\repository\org\apache\tomcat\embed\tomcat-embed-core\9.0.26\tomcat-embed-core-9.0.26.jar;C:\Users\gabri\.m2\repository\org\apache\tomcat\embed\tomcat-embed-el\9.0.26\tomcat-embed-el-9.0.26.jar;C:\Users\ga
Launcher Type: SUN_STANDARD

[Global flags]
     bool BytecodeVerificationLocal                = false                                     {product} {command line}
     bool BytecodeVerificationRemote               = false                                     {product} {command line}
     intx CICompilerCount                          = 3                                         {product} {ergonomic}
     uint ConcGCThreads                            = 1                                         {product} {ergonomic}
     uint G1ConcRefinementThreads                  = 4                                         {product} {ergonomic}
   size_t G1HeapRegionSize                         = 1048576                                   {product} {ergonomic}
    uintx GCDrainStackTargetSize                   = 64                                        {product} {ergonomic}
   size_t InitialHeapSize                          = 134217728                                 {product} {ergonomic}
     bool ManagementServer                         = true                                      {product} {command line}
   size_t MarkStackSize                            = 4194304                                   {product} {ergonomic}
   size_t MaxHeapSize                              = 2120220672                                {product} {ergonomic}
   size_t MaxNewSize                               = 1271922688                                {product} {ergonomic}
   size_t MinHeapDeltaBytes                        = 1048576                                   {product} {ergonomic}
    uintx NonNMethodCodeHeapSize                   = 6973028                                {pd product} {ergonomic}
    uintx NonProfiledCodeHeapSize                  = 244685212                              {pd product} {ergonomic}
    uintx ProfiledCodeHeapSize                     = 0                                      {pd product} {ergonomic}
    uintx ReservedCodeCacheSize                    = 251658240                              {pd product} {ergonomic}
     bool SegmentedCodeCache                       = true                                      {product} {ergonomic}
     intx TieredStopAtLevel                        = 1                                         {product} {command line}
     bool UseCompressedClassPointers               = true                                 {lp64_product} {ergonomic}
     bool UseCompressedOops                        = true                                 {lp64_product} {ergonomic}
     bool UseG1GC                                  = true                                      {product} {ergonomic}
     bool UseLargePagesIndividualAllocation        = false                                  {pd product} {ergonomic}

Logging:
Log output configuration:
 #0: stdout all=warning uptime,level,tags
 #1: stderr all=off uptime,level,tags

Environment Variables:
JAVA_HOME=C:\Program Files\Java\jdk-12.0.2
PATH=C:/Program Files/Java/jdk-12.0.2/bin/server;C:/Program Files/Java/jdk-12.0.2/bin;C:\Windows\system32;C:\Windows;C:\Windows\System32\Wbem;C:\Windows\System32\WindowsPowerShell\v1.0\;C:\Windows\System32\OpenSSH\;C:\Program Files (x86)\NVIDIA Corporation\PhysX\Common;C:\Program Files\dotnet\;C:\Program Files\Microsoft SQL Server\130\Tools\Binn\;C:\Program Files\Microsoft SQL Server\Client SDK\ODBC\170\Tools\Binn\;C:\WINDOWS\system32;C:\WINDOWS;C:\WINDOWS\System32\Wbem;C:\WINDOWS\System32\WindowsPowerShell\v1.0\;C:\WINDOWS\System32\OpenSSH\;C:\Program Files (x86)\Intel\Intel(R) Management Engine Components\DAL;C:\Program Files\Intel\Intel(R) Management Engine Components\DAL;C:\xampp\php;C:\Program Files\MySQL\MySQL Server 8.0\bin;C:\Program Files\nodejs\;C:\Program Files\MongoDB\Server\4.2\bin;C:\Program Files\Git\cmd;C:\Program Files\MySQL\MySQL Shell 8.0\bin\;C:\Users\gabri\.dotnet\tools;C:\Users\gabri\AppData\Local\Programs\Microsoft VS Code\bin;C:\xampp\php;C:\Users\gabri\AppData\Roaming\npm;C:\Program Files\Java\jdk-12.0.2\bin;;C:\Program Files\JetBrains\IntelliJ IDEA 2019.2.2\bin;;C:\Program Files\heroku\bin;C:\sts-4.4.0.RELEASE;
USERNAME=gabri
OS=Windows_NT
PROCESSOR_IDENTIFIER=Intel64 Family 6 Model 78 Stepping 3, GenuineIntel



---------------  S Y S T E M  ---------------

OS: Windows 10 , 64 bit Build 18362 (10.0.18362.329)

CPU:total 4 (initial active 4) (2 cores per cpu, 2 threads per core) family 6 model 78 stepping 3, cmov, cx8, fxsr, mmx, sse, sse2, sse3, ssse3, sse4.1, sse4.2, popcnt, avx, avx2, aes, clmul, erms, 3dnowpref, lzcnt, ht, tsc, tscinvbit, bmi1, bmi2, adx, fma

Memory: 4k page, system-wide physical 8083M (1543M free)
TotalPageFile size 13203M (AvailPageFile size 3567M)
current process WorkingSet (physical memory assigned to process): 82M, peak: 82M
current process commit charge ("private bytes"): 221M, peak: 221M

vm_info: Java HotSpot(TM) 64-Bit Server VM (12.0.2+10) for windows-amd64 JRE (12.0.2+10), built on Jul 16 2019 01:56:17 by "mach5one" with MS VC++ 15.5 (VS2017)

END.
