#
# A fatal error has been detected by the Java Runtime Environment:
#
#  EXCEPTION_ACCESS_VIOLATION (0xc0000005) at pc=0x00007ffbb62dd569, pid=14040, tid=9868
#
# JRE version: Java(TM) SE Runtime Environment (12.0.2+10) (build 12.0.2+10)
# Java VM: Java HotSpot(TM) 64-Bit Server VM (12.0.2+10, mixed mode, sharing, tiered, compressed oops, g1 gc, windows-amd64)
# Problematic frame:
# V  [jvm.dll+0x6cd569]
#
# No core dump will be written. Minidumps are not enabled by default on client versions of Windows
#
# If you would like to submit a bug report, please visit:
#   http://bugreport.java.com/bugreport/crash.jsp
#

---------------  S U M M A R Y ------------

Command Line: -Dcom.sun.management.jmxremote -Dcom.sun.management.jmxremote.port=60886 -Dcom.sun.management.jmxremote.authenticate=false -Dcom.sun.management.jmxremote.ssl=false -Djava.rmi.server.hostname=localhost -Dspring.jmx.enabled=true -Dspring.application.admin.enabled=true -Xverify:none -XX:TieredStopAtLevel=1 -Dfile.encoding=UTF-8 com.example.workshop.CursomcApplication --spring.output.ansi.enabled=always

Host: Intel(R) Core(TM) i7-6500U CPU @ 2.50GHz, 4 cores, 7G,  Windows 10 , 64 bit Build 18362 (10.0.18362.329)
Time: Wed Oct 16 12:27:42 2019 E. South America Standard Time elapsed time: 2 seconds (0d 0h 0m 2s)

---------------  T H R E A D  ---------------

Current thread (0x0000024dd643b000):  WatcherThread [stack: 0x000000ddc2f00000,0x000000ddc3000000] [id=9868]

Stack: [0x000000ddc2f00000,0x000000ddc3000000],  sp=0x000000ddc2fff880,  free space=1022k
Native frames: (J=compiled Java code, j=interpreted, Vv=VM code, C=native code)
V  [jvm.dll+0x6cd569]
V  [jvm.dll+0x71ccdd]
V  [jvm.dll+0x751449]
V  [jvm.dll+0x74a2c8]
V  [jvm.dll+0x639b16]
C  [ucrtbase.dll+0x20e72]
C  [KERNEL32.DLL+0x17bd4]
C  [ntdll.dll+0x6ced1]


siginfo: EXCEPTION_ACCESS_VIOLATION (0xc0000005), reading address 0x0000000400000003


Register to memory mapping:

RIP=0x00007ffbb62dd569 jvm.dll
RAX=0x0000024dd63ece00 points into unknown readable memory: 03 00 00 00 04 00 00 00
RBX=0x0 is NULL
RCX=0x0000000400000003 is an unknown value
RDX=0x0000000000000032 is an unknown value
RSP=0x000000ddc2fff880 points into unknown readable memory: 00 b0 43 d6 4d 02 00 00
RBP=0x0000000000000002 is an unknown value
RSI=0x0000024dd63ecf90 points into unknown readable memory: 70 ff 42 d6 4d 02 00 00
RDI=0x0 is NULL
R8 =0x0 is NULL
R9 =0x0000024dbe4c0b80 is at begin+0 in a stub
StubRoutines::atomic_cmpxchg_long [0x0000024dbe4c0b80, 0x0000024dbe4c0b89[ (9 bytes)
R10=0x00000000546c6148 is an unknown value
R11=0x000000cd821e7180 is an unknown value
R12=0x0 is NULL
R13=0x0000024dd643b000 points into unknown readable memory: 90 3a 50 b6 fb 7f 00 00
R14=0x0000000000000032 is an unknown value
R15=0x0000024dd642d850 points into unknown readable memory: 00 00 00 00 00 00 00 00


Registers:
RAX=0x0000024dd63ece00, RBX=0x0000000000000000, RCX=0x0000000400000003, RDX=0x0000000000000032
RSP=0x000000ddc2fff880, RBP=0x0000000000000002, RSI=0x0000024dd63ecf90, RDI=0x0000000000000000
R8 =0x0000000000000000, R9 =0x0000024dbe4c0b80, R10=0x00000000546c6148, R11=0x000000cd821e7180
R12=0x0000000000000000, R13=0x0000024dd643b000, R14=0x0000000000000032, R15=0x0000024dd642d850
RIP=0x00007ffbb62dd569, EFLAGS=0x0000000000010202

Top of Stack: (sp=0x000000ddc2fff880)
0x000000ddc2fff880:   0000024dd643b000 0000024dd643b000
0x000000ddc2fff890:   00007f85b64b9c20 00007ffbb621ed19
0x000000ddc2fff8a0:   00007ffbb66d1b28 00007ffbb632ccdd
0x000000ddc2fff8b0:   0000000000000001 0000024db4947c40
0x000000ddc2fff8c0:   0000024db4947c40 431bde82d7b634db
0x000000ddc2fff8d0:   0000024dd642d850 00007f85b64b9c20
0x000000ddc2fff8e0:   0000024db4947c40 00007ffbb6361449
0x000000ddc2fff8f0:   0000000000000001 0000000000000032
0x000000ddc2fff900:   0000000000000032 0000000000000002
0x000000ddc2fff910:   0000000000000000 0000000000000000
0x000000ddc2fff920:   0000000000000000 00007ffbb5fe05fe
0x000000ddc2fff930:   0000000000000000 0000000000000000
0x000000ddc2fff940:   0000000000000000 0000000000000000
0x000000ddc2fff950:   0000024dd643b000 0000000000000000
0x000000ddc2fff960:   0000000000100000 000000ddc2fffbb0
0x000000ddc2fff970:   000000ddc2f00000 00007ffbb635a2c8 

Instructions: (pc=0x00007ffbb62dd569)
0x00007ffbb62dd469:   00 00 74 6c 48 83 3d 53 24 3e 00 00 75 62 48 89
0x00007ffbb62dd479:   5c 24 20 e8 2f fb ff ff e8 8a 81 f9 ff 45 33 c0
0x00007ffbb62dd489:   48 89 05 40 24 3e 00 41 8d 50 07 8d 4a 09 e8 64
0x00007ffbb62dd499:   f5 9e ff 48 8b d8 48 85 c0 74 1b 48 63 15 15 6a
0x00007ffbb62dd4a9:   34 00 48 8b c8 e8 7d f5 04 00 48 8d 05 be 1d 22
0x00007ffbb62dd4b9:   00 48 89 03 eb 02 33 db 48 8b cb 48 89 1d fd 23
0x00007ffbb62dd4c9:   3e 00 48 8b 5c 24 20 48 83 c4 28 e9 d7 f6 04 00
0x00007ffbb62dd4d9:   48 83 c4 28 c3 cc cc 48 89 5c 24 10 56 48 83 ec
0x00007ffbb62dd4e9:   20 48 8b 01 33 db 48 8b f1 39 18 7e 2a 48 89 7c
0x00007ffbb62dd4f9:   24 30 8b fb 0f 1f 00 48 8b 40 18 48 8b 0c 07 48
0x00007ffbb62dd509:   8b 01 ff 50 08 48 8b 06 48 8d 7f 08 ff c3 3b 18
0x00007ffbb62dd519:   7c e5 48 8b 7c 24 30 48 8b 5c 24 38 48 83 c4 20
0x00007ffbb62dd529:   5e c3 cc cc cc cc cc e9 bb 74 f6 ff cc cc cc cc
0x00007ffbb62dd539:   cc cc cc cc cc cc cc 48 89 5c 24 10 56 48 83 ec
0x00007ffbb62dd549:   20 48 8b 35 7f 23 3e 00 33 db 48 8b 06 39 18 7e
0x00007ffbb62dd559:   27 48 89 7c 24 30 8b fb 48 8b 40 18 48 8b 0c 07
0x00007ffbb62dd569:   48 8b 01 ff 50 08 48 8b 06 48 8d 7f 08 ff c3 3b
0x00007ffbb62dd579:   18 7c e5 48 8b 7c 24 30 48 8b 5c 24 38 48 83 c4
0x00007ffbb62dd589:   20 5e c3 cc cc cc cc 48 89 11 48 8b c1 4c 89 41
0x00007ffbb62dd599:   08 c3 cc cc cc cc cc 40 53 48 81 ec b0 00 00 00
0x00007ffbb62dd5a9:   48 8b d9 48 8d 4c 24 20 e8 0a 02 00 00 48 8d 54
0x00007ffbb62dd5b9:   24 20 48 8b cb e8 dd 0d 00 00 48 81 c4 b0 00 00
0x00007ffbb62dd5c9:   00 5b c3 cc cc cc cc 48 83 ec 28 e8 47 5b ad ff
0x00007ffbb62dd5d9:   48 83 c4 28 e9 fe 0f 00 00 cc cc cc cc cc cc cc
0x00007ffbb62dd5e9:   cc cc cc cc cc cc cc 40 53 48 83 ec 20 0f b6 d9
0x00007ffbb62dd5f9:   e8 b2 00 00 00 0f b6 cb 48 83 c4 20 5b e9 f5 10
0x00007ffbb62dd609:   00 00 cc cc cc cc cc 40 53 48 83 ec 20 48 8b d9
0x00007ffbb62dd619:   e8 22 1f 00 00 48 8b d3 48 8b c8 4c 8b 00 41 ff
0x00007ffbb62dd629:   90 a0 00 00 00 48 8b cb 48 83 c4 20 5b e9 75 e5
0x00007ffbb62dd639:   f6 ff cc cc cc cc cc 48 83 ec 28 e8 f7 1e 00 00
0x00007ffbb62dd649:   48 8b c8 48 8b 10 48 83 c4 28 48 ff a2 c0 00 00
0x00007ffbb62dd659:   00 cc cc cc cc cc cc 48 89 5c 24 08 57 48 83 ec 


Stack slot to memory mapping:
stack at sp + 0 slots: 0x0000024dd643b000 points into unknown readable memory: 90 3a 50 b6 fb 7f 00 00
stack at sp + 1 slots: 0x0000024dd643b000 points into unknown readable memory: 90 3a 50 b6 fb 7f 00 00
stack at sp + 2 slots: 0x00007f85b64b9c20 is an unknown value
stack at sp + 3 slots: 0x00007ffbb621ed19 jvm.dll
stack at sp + 4 slots: 0x00007ffbb66d1b28 jvm.dll
stack at sp + 5 slots: 0x00007ffbb632ccdd jvm.dll
stack at sp + 6 slots: 0x0000000000000001 is an unknown value
stack at sp + 7 slots: 0x0000024db4947c40 points into unknown readable memory: 01 00 00 00 00 00 00 00


---------------  P R O C E S S  ---------------

Threads class SMR info:
_java_thread_list=0x0000024dd6435f70, length=13, elements={
0x0000024db494a800, 0x0000024dd4c54000, 0x0000024dd5468800, 0x0000024dd546f800,
0x0000024dd5470800, 0x0000024dd5472800, 0x0000024dd54a1000, 0x0000024dd4c37800,
0x0000024dd5648000, 0x0000024dd63ba000, 0x0000024dd63ea000, 0x0000024dd642f800,
0x0000024dd6483000
}

Java Threads: ( => current thread )
  0x0000024db494a800 JavaThread "main" [_thread_in_vm, id=14992, stack(0x000000ddc1a00000,0x000000ddc1b00000)]
  0x0000024dd4c54000 JavaThread "Reference Handler" daemon [_thread_blocked, id=13252, stack(0x000000ddc2200000,0x000000ddc2300000)]
  0x0000024dd5468800 JavaThread "Finalizer" daemon [_thread_blocked, id=12316, stack(0x000000ddc2300000,0x000000ddc2400000)]
  0x0000024dd546f800 JavaThread "Signal Dispatcher" daemon [_thread_blocked, id=8652, stack(0x000000ddc2400000,0x000000ddc2500000)]
  0x0000024dd5470800 JavaThread "Attach Listener" daemon [_thread_blocked, id=2448, stack(0x000000ddc2500000,0x000000ddc2600000)]
  0x0000024dd5472800 JavaThread "C1 CompilerThread0" daemon [_thread_blocked, id=14448, stack(0x000000ddc2600000,0x000000ddc2700000)]
  0x0000024dd54a1000 JavaThread "Sweeper thread" daemon [_thread_blocked, id=16140, stack(0x000000ddc2700000,0x000000ddc2800000)]
  0x0000024dd4c37800 JavaThread "Common-Cleaner" daemon [_thread_blocked, id=15936, stack(0x000000ddc2800000,0x000000ddc2900000)]
  0x0000024dd5648000 JavaThread "Service Thread" daemon [_thread_blocked, id=9320, stack(0x000000ddc2900000,0x000000ddc2a00000)]
  0x0000024dd63ba000 JavaThread "RMI TCP Accept-0" daemon [_thread_in_native, id=2304, stack(0x000000ddc2c00000,0x000000ddc2d00000)]
  0x0000024dd63ea000 JavaThread "RMI TCP Accept-60886" daemon [_thread_in_native, id=12140, stack(0x000000ddc2d00000,0x000000ddc2e00000)]
  0x0000024dd642f800 JavaThread "RMI TCP Accept-0" daemon [_thread_in_native, id=12040, stack(0x000000ddc2e00000,0x000000ddc2f00000)]
  0x0000024dd6483000 JavaThread "RMI TCP Connection(idle)" daemon [_thread_new, id=13284, stack(0x0000000000000000,0x0000000000000000)]

Other Threads:
  0x0000024dd4c4f000 VMThread "VM Thread" [stack: 0x000000ddc2100000,0x000000ddc2200000] [id=8096]
=>0x0000024dd643b000 WatcherThread [stack: 0x000000ddc2f00000,0x000000ddc3000000] [id=9868]
  0x0000024db4988800 GCTaskThread "GC Thread#0" [stack: 0x000000ddc1c00000,0x000000ddc1d00000] [id=16360]
  0x0000024dd6110800 GCTaskThread "GC Thread#1" [stack: 0x000000ddc2a00000,0x000000ddc2b00000] [id=9308]
  0x0000024dd6111000 GCTaskThread "GC Thread#2" [stack: 0x000000ddc2b00000,0x000000ddc2c00000] [id=15896]
  0x0000024db4997800 ConcurrentGCThread "G1 Main Marker" [stack: 0x000000ddc1d00000,0x000000ddc1e00000] [id=10416]
  0x0000024db4998800 ConcurrentGCThread "G1 Conc#0" [stack: 0x000000ddc1e00000,0x000000ddc1f00000] [id=1336]
  0x0000024dd4acb800 ConcurrentGCThread "G1 Refine#0" [stack: 0x000000ddc1f00000,0x000000ddc2000000] [id=10196]
  0x0000024dd4acd000 ConcurrentGCThread "G1 Young RemSet Sampling" [stack: 0x000000ddc2000000,0x000000ddc2100000] [id=11024]

Threads with active compile tasks:

VM state:not at safepoint (normal execution)

VM Mutex/Monitor currently owned by a thread:  ([mutex/lock_event])
[0x0000024db4947c40] PeriodicTask_lock - owner thread: 0x0000024dd643b000

Heap address: 0x0000000081a00000, size: 2022 MB, Compressed Oops mode: 32-bit
Narrow klass base: 0x0000000800000000, Narrow klass shift: 3
Compressed class space size: 1073741824 Address: 0x0000000801190000

Heap:
 garbage-first heap   total 131072K, used 18037K [0x0000000081a00000, 0x0000000100000000)
  region size 1024K, 4 young (4096K), 2 survivors (2048K)
 Metaspace       used 4749K, capacity 5403K, committed 5632K, reserved 1056768K
  class space    used 590K, capacity 686K, committed 768K, reserved 1048576K
Heap Regions: E=young(eden), S=young(survivor), O=old, HS=humongous(starts), HC=humongous(continues), CS=collection set, F=free, A=archive, TAMS=top-at-mark-start (previous, next)
|   0|0x0000000081a00000, 0x0000000081b00000, 0x0000000081b00000|100%|HS|  |TAMS 0x0000000081a00000, 0x0000000081a00000| Complete 
|   1|0x0000000081b00000, 0x0000000081c00000, 0x0000000081c00000|100%| O|  |TAMS 0x0000000081b00000, 0x0000000081b00000| Untracked 
|   2|0x0000000081c00000, 0x0000000081d00000, 0x0000000081d00000|100%| O|  |TAMS 0x0000000081c00000, 0x0000000081c00000| Untracked 
|   3|0x0000000081d00000, 0x0000000081e00000, 0x0000000081e00000|100%| O|  |TAMS 0x0000000081d00000, 0x0000000081d00000| Untracked 
|   4|0x0000000081e00000, 0x0000000081f00000, 0x0000000081f00000|100%| O|  |TAMS 0x0000000081e00000, 0x0000000081e00000| Untracked 
|   5|0x0000000081f00000, 0x0000000082000000, 0x0000000082000000|100%| O|  |TAMS 0x0000000081f00000, 0x0000000081f00000| Untracked 
|   6|0x0000000082000000, 0x0000000082100000, 0x0000000082100000|100%| O|  |TAMS 0x0000000082000000, 0x0000000082000000| Untracked 
|   7|0x0000000082100000, 0x0000000082200000, 0x0000000082200000|100%| O|  |TAMS 0x0000000082100000, 0x0000000082100000| Untracked 
|   8|0x0000000082200000, 0x0000000082300000, 0x0000000082300000|100%| O|  |TAMS 0x0000000082200000, 0x0000000082200000| Untracked 
|   9|0x0000000082300000, 0x0000000082400000, 0x0000000082400000|100%| O|  |TAMS 0x0000000082300000, 0x0000000082300000| Untracked 
|  10|0x0000000082400000, 0x0000000082500000, 0x0000000082500000|100%| O|  |TAMS 0x0000000082400000, 0x0000000082400000| Untracked 
|  11|0x0000000082500000, 0x0000000082600000, 0x0000000082600000|100%| O|  |TAMS 0x0000000082500000, 0x0000000082500000| Untracked 
|  12|0x0000000082600000, 0x0000000082700000, 0x0000000082700000|100%| O|  |TAMS 0x0000000082600000, 0x0000000082600000| Untracked 
|  13|0x0000000082700000, 0x0000000082800000, 0x0000000082800000|100%| O|  |TAMS 0x0000000082700000, 0x0000000082700000| Untracked 
|  14|0x0000000082800000, 0x000000008289d400, 0x0000000082900000| 61%| O|  |TAMS 0x0000000082800000, 0x0000000082800000| Untracked 
|  15|0x0000000082900000, 0x0000000082900000, 0x0000000082a00000|  0%| F|  |TAMS 0x0000000082900000, 0x0000000082900000| Untracked 
|  16|0x0000000082a00000, 0x0000000082a00000, 0x0000000082b00000|  0%| F|  |TAMS 0x0000000082a00000, 0x0000000082a00000| Untracked 
|  17|0x0000000082b00000, 0x0000000082b00000, 0x0000000082c00000|  0%| F|  |TAMS 0x0000000082b00000, 0x0000000082b00000| Untracked 
|  18|0x0000000082c00000, 0x0000000082c00000, 0x0000000082d00000|  0%| F|  |TAMS 0x0000000082c00000, 0x0000000082c00000| Untracked 
|  19|0x0000000082d00000, 0x0000000082d00000, 0x0000000082e00000|  0%| F|  |TAMS 0x0000000082d00000, 0x0000000082d00000| Untracked 
|  20|0x0000000082e00000, 0x0000000082e00000, 0x0000000082f00000|  0%| F|  |TAMS 0x0000000082e00000, 0x0000000082e00000| Untracked 
|  21|0x0000000082f00000, 0x0000000082f00000, 0x0000000083000000|  0%| F|  |TAMS 0x0000000082f00000, 0x0000000082f00000| Untracked 
|  22|0x0000000083000000, 0x0000000083000000, 0x0000000083100000|  0%| F|  |TAMS 0x0000000083000000, 0x0000000083000000| Untracked 
|  23|0x0000000083100000, 0x0000000083100000, 0x0000000083200000|  0%| F|  |TAMS 0x0000000083100000, 0x0000000083100000| Untracked 
|  24|0x0000000083200000, 0x0000000083200000, 0x0000000083300000|  0%| F|  |TAMS 0x0000000083200000, 0x0000000083200000| Untracked 
|  25|0x0000000083300000, 0x0000000083300000, 0x0000000083400000|  0%| F|  |TAMS 0x0000000083300000, 0x0000000083300000| Untracked 
|  26|0x0000000083400000, 0x0000000083400000, 0x0000000083500000|  0%| F|  |TAMS 0x0000000083400000, 0x0000000083400000| Untracked 
|  27|0x0000000083500000, 0x0000000083500000, 0x0000000083600000|  0%| F|  |TAMS 0x0000000083500000, 0x0000000083500000| Untracked 
|  28|0x0000000083600000, 0x0000000083600000, 0x0000000083700000|  0%| F|  |TAMS 0x0000000083600000, 0x0000000083600000| Untracked 
|  29|0x0000000083700000, 0x0000000083700000, 0x0000000083800000|  0%| F|  |TAMS 0x0000000083700000, 0x0000000083700000| Untracked 
|  30|0x0000000083800000, 0x0000000083800000, 0x0000000083900000|  0%| F|  |TAMS 0x0000000083800000, 0x0000000083800000| Untracked 
|  31|0x0000000083900000, 0x0000000083900000, 0x0000000083a00000|  0%| F|  |TAMS 0x0000000083900000, 0x0000000083900000| Untracked 
|  32|0x0000000083a00000, 0x0000000083a00000, 0x0000000083b00000|  0%| F|  |TAMS 0x0000000083a00000, 0x0000000083a00000| Untracked 
|  33|0x0000000083b00000, 0x0000000083b00000, 0x0000000083c00000|  0%| F|  |TAMS 0x0000000083b00000, 0x0000000083b00000| Untracked 
|  34|0x0000000083c00000, 0x0000000083c00000, 0x0000000083d00000|  0%| F|  |TAMS 0x0000000083c00000, 0x0000000083c00000| Untracked 
|  35|0x0000000083d00000, 0x0000000083d00000, 0x0000000083e00000|  0%| F|  |TAMS 0x0000000083d00000, 0x0000000083d00000| Untracked 
|  36|0x0000000083e00000, 0x0000000083e00000, 0x0000000083f00000|  0%| F|  |TAMS 0x0000000083e00000, 0x0000000083e00000| Untracked 
|  37|0x0000000083f00000, 0x0000000083f00000, 0x0000000084000000|  0%| F|  |TAMS 0x0000000083f00000, 0x0000000083f00000| Untracked 
|  38|0x0000000084000000, 0x0000000084000000, 0x0000000084100000|  0%| F|  |TAMS 0x0000000084000000, 0x0000000084000000| Untracked 
|  39|0x0000000084100000, 0x0000000084100000, 0x0000000084200000|  0%| F|  |TAMS 0x0000000084100000, 0x0000000084100000| Untracked 
|  40|0x0000000084200000, 0x0000000084200000, 0x0000000084300000|  0%| F|  |TAMS 0x0000000084200000, 0x0000000084200000| Untracked 
|  41|0x0000000084300000, 0x0000000084300000, 0x0000000084400000|  0%| F|  |TAMS 0x0000000084300000, 0x0000000084300000| Untracked 
|  42|0x0000000084400000, 0x0000000084400000, 0x0000000084500000|  0%| F|  |TAMS 0x0000000084400000, 0x0000000084400000| Untracked 
|  43|0x0000000084500000, 0x0000000084500000, 0x0000000084600000|  0%| F|  |TAMS 0x0000000084500000, 0x0000000084500000| Untracked 
|  44|0x0000000084600000, 0x0000000084600000, 0x0000000084700000|  0%| F|  |TAMS 0x0000000084600000, 0x0000000084600000| Untracked 
|  45|0x0000000084700000, 0x0000000084700000, 0x0000000084800000|  0%| F|  |TAMS 0x0000000084700000, 0x0000000084700000| Untracked 
|  46|0x0000000084800000, 0x0000000084800000, 0x0000000084900000|  0%| F|  |TAMS 0x0000000084800000, 0x0000000084800000| Untracked 
|  47|0x0000000084900000, 0x0000000084900000, 0x0000000084a00000|  0%| F|  |TAMS 0x0000000084900000, 0x0000000084900000| Untracked 
|  48|0x0000000084a00000, 0x0000000084a00000, 0x0000000084b00000|  0%| F|  |TAMS 0x0000000084a00000, 0x0000000084a00000| Untracked 
|  49|0x0000000084b00000, 0x0000000084b00000, 0x0000000084c00000|  0%| F|  |TAMS 0x0000000084b00000, 0x0000000084b00000| Untracked 
|  50|0x0000000084c00000, 0x0000000084c00000, 0x0000000084d00000|  0%| F|  |TAMS 0x0000000084c00000, 0x0000000084c00000| Untracked 
|  51|0x0000000084d00000, 0x0000000084d00000, 0x0000000084e00000|  0%| F|  |TAMS 0x0000000084d00000, 0x0000000084d00000| Untracked 
|  52|0x0000000084e00000, 0x0000000084e00000, 0x0000000084f00000|  0%| F|  |TAMS 0x0000000084e00000, 0x0000000084e00000| Untracked 
|  53|0x0000000084f00000, 0x0000000084f00000, 0x0000000085000000|  0%| F|  |TAMS 0x0000000084f00000, 0x0000000084f00000| Untracked 
|  54|0x0000000085000000, 0x0000000085000000, 0x0000000085100000|  0%| F|  |TAMS 0x0000000085000000, 0x0000000085000000| Untracked 
|  55|0x0000000085100000, 0x0000000085100000, 0x0000000085200000|  0%| F|  |TAMS 0x0000000085100000, 0x0000000085100000| Untracked 
|  56|0x0000000085200000, 0x0000000085200000, 0x0000000085300000|  0%| F|  |TAMS 0x0000000085200000, 0x0000000085200000| Untracked 
|  57|0x0000000085300000, 0x0000000085300000, 0x0000000085400000|  0%| F|  |TAMS 0x0000000085300000, 0x0000000085300000| Untracked 
|  58|0x0000000085400000, 0x0000000085400000, 0x0000000085500000|  0%| F|  |TAMS 0x0000000085400000, 0x0000000085400000| Untracked 
|  59|0x0000000085500000, 0x0000000085500000, 0x0000000085600000|  0%| F|  |TAMS 0x0000000085500000, 0x0000000085500000| Untracked 
|  60|0x0000000085600000, 0x0000000085600000, 0x0000000085700000|  0%| F|  |TAMS 0x0000000085600000, 0x0000000085600000| Untracked 
|  61|0x0000000085700000, 0x0000000085700000, 0x0000000085800000|  0%| F|  |TAMS 0x0000000085700000, 0x0000000085700000| Untracked 
|  62|0x0000000085800000, 0x0000000085800000, 0x0000000085900000|  0%| F|  |TAMS 0x0000000085800000, 0x0000000085800000| Untracked 
|  63|0x0000000085900000, 0x0000000085900000, 0x0000000085a00000|  0%| F|  |TAMS 0x0000000085900000, 0x0000000085900000| Untracked 
|  64|0x0000000085a00000, 0x0000000085a00000, 0x0000000085b00000|  0%| F|  |TAMS 0x0000000085a00000, 0x0000000085a00000| Untracked 
|  65|0x0000000085b00000, 0x0000000085b00000, 0x0000000085c00000|  0%| F|  |TAMS 0x0000000085b00000, 0x0000000085b00000| Untracked 
|  66|0x0000000085c00000, 0x0000000085c00000, 0x0000000085d00000|  0%| F|  |TAMS 0x0000000085c00000, 0x0000000085c00000| Untracked 
|  67|0x0000000085d00000, 0x0000000085d00000, 0x0000000085e00000|  0%| F|  |TAMS 0x0000000085d00000, 0x0000000085d00000| Untracked 
|  68|0x0000000085e00000, 0x0000000085e00000, 0x0000000085f00000|  0%| F|  |TAMS 0x0000000085e00000, 0x0000000085e00000| Untracked 
|  69|0x0000000085f00000, 0x0000000085f00000, 0x0000000086000000|  0%| F|  |TAMS 0x0000000085f00000, 0x0000000085f00000| Untracked 
|  70|0x0000000086000000, 0x0000000086000000, 0x0000000086100000|  0%| F|  |TAMS 0x0000000086000000, 0x0000000086000000| Untracked 
|  71|0x0000000086100000, 0x0000000086100000, 0x0000000086200000|  0%| F|  |TAMS 0x0000000086100000, 0x0000000086100000| Untracked 
|  72|0x0000000086200000, 0x0000000086200000, 0x0000000086300000|  0%| F|  |TAMS 0x0000000086200000, 0x0000000086200000| Untracked 
|  73|0x0000000086300000, 0x0000000086300000, 0x0000000086400000|  0%| F|  |TAMS 0x0000000086300000, 0x0000000086300000| Untracked 
|  74|0x0000000086400000, 0x0000000086400000, 0x0000000086500000|  0%| F|  |TAMS 0x0000000086400000, 0x0000000086400000| Untracked 
|  75|0x0000000086500000, 0x0000000086500000, 0x0000000086600000|  0%| F|  |TAMS 0x0000000086500000, 0x0000000086500000| Untracked 
|  76|0x0000000086600000, 0x0000000086600000, 0x0000000086700000|  0%| F|  |TAMS 0x0000000086600000, 0x0000000086600000| Untracked 
|  77|0x0000000086700000, 0x0000000086700000, 0x0000000086800000|  0%| F|  |TAMS 0x0000000086700000, 0x0000000086700000| Untracked 
|  78|0x0000000086800000, 0x0000000086800000, 0x0000000086900000|  0%| F|  |TAMS 0x0000000086800000, 0x0000000086800000| Untracked 
|  79|0x0000000086900000, 0x0000000086900000, 0x0000000086a00000|  0%| F|  |TAMS 0x0000000086900000, 0x0000000086900000| Untracked 
|  80|0x0000000086a00000, 0x0000000086a00000, 0x0000000086b00000|  0%| F|  |TAMS 0x0000000086a00000, 0x0000000086a00000| Untracked 
|  81|0x0000000086b00000, 0x0000000086b00000, 0x0000000086c00000|  0%| F|  |TAMS 0x0000000086b00000, 0x0000000086b00000| Untracked 
|  82|0x0000000086c00000, 0x0000000086c00000, 0x0000000086d00000|  0%| F|  |TAMS 0x0000000086c00000, 0x0000000086c00000| Untracked 
|  83|0x0000000086d00000, 0x0000000086d00000, 0x0000000086e00000|  0%| F|  |TAMS 0x0000000086d00000, 0x0000000086d00000| Untracked 
|  84|0x0000000086e00000, 0x0000000086e00000, 0x0000000086f00000|  0%| F|  |TAMS 0x0000000086e00000, 0x0000000086e00000| Untracked 
|  85|0x0000000086f00000, 0x0000000086f00000, 0x0000000087000000|  0%| F|  |TAMS 0x0000000086f00000, 0x0000000086f00000| Untracked 
|  86|0x0000000087000000, 0x0000000087000000, 0x0000000087100000|  0%| F|  |TAMS 0x0000000087000000, 0x0000000087000000| Untracked 
|  87|0x0000000087100000, 0x0000000087100000, 0x0000000087200000|  0%| F|  |TAMS 0x0000000087100000, 0x0000000087100000| Untracked 
|  88|0x0000000087200000, 0x0000000087200000, 0x0000000087300000|  0%| F|  |TAMS 0x0000000087200000, 0x0000000087200000| Untracked 
|  89|0x0000000087300000, 0x0000000087300000, 0x0000000087400000|  0%| F|  |TAMS 0x0000000087300000, 0x0000000087300000| Untracked 
|  90|0x0000000087400000, 0x0000000087400000, 0x0000000087500000|  0%| F|  |TAMS 0x0000000087400000, 0x0000000087400000| Untracked 
|  91|0x0000000087500000, 0x0000000087500000, 0x0000000087600000|  0%| F|  |TAMS 0x0000000087500000, 0x0000000087500000| Untracked 
|  92|0x0000000087600000, 0x0000000087600000, 0x0000000087700000|  0%| F|  |TAMS 0x0000000087600000, 0x0000000087600000| Untracked 
|  93|0x0000000087700000, 0x0000000087700000, 0x0000000087800000|  0%| F|  |TAMS 0x0000000087700000, 0x0000000087700000| Untracked 
|  94|0x0000000087800000, 0x0000000087800000, 0x0000000087900000|  0%| F|  |TAMS 0x0000000087800000, 0x0000000087800000| Untracked 
|  95|0x0000000087900000, 0x0000000087900000, 0x0000000087a00000|  0%| F|  |TAMS 0x0000000087900000, 0x0000000087900000| Untracked 
|  96|0x0000000087a00000, 0x0000000087a00000, 0x0000000087b00000|  0%| F|  |TAMS 0x0000000087a00000, 0x0000000087a00000| Untracked 
|  97|0x0000000087b00000, 0x0000000087b00000, 0x0000000087c00000|  0%| F|  |TAMS 0x0000000087b00000, 0x0000000087b00000| Untracked 
|  98|0x0000000087c00000, 0x0000000087c00000, 0x0000000087d00000|  0%| F|  |TAMS 0x0000000087c00000, 0x0000000087c00000| Untracked 
|  99|0x0000000087d00000, 0x0000000087d00000, 0x0000000087e00000|  0%| F|  |TAMS 0x0000000087d00000, 0x0000000087d00000| Untracked 
| 100|0x0000000087e00000, 0x0000000087e00000, 0x0000000087f00000|  0%| F|  |TAMS 0x0000000087e00000, 0x0000000087e00000| Untracked 
| 101|0x0000000087f00000, 0x0000000087f00000, 0x0000000088000000|  0%| F|  |TAMS 0x0000000087f00000, 0x0000000087f00000| Untracked 
| 102|0x0000000088000000, 0x0000000088000000, 0x0000000088100000|  0%| F|  |TAMS 0x0000000088000000, 0x0000000088000000| Untracked 
| 103|0x0000000088100000, 0x0000000088100000, 0x0000000088200000|  0%| F|  |TAMS 0x0000000088100000, 0x0000000088100000| Untracked 
| 104|0x0000000088200000, 0x0000000088200000, 0x0000000088300000|  0%| F|  |TAMS 0x0000000088200000, 0x0000000088200000| Untracked 
| 105|0x0000000088300000, 0x0000000088300000, 0x0000000088400000|  0%| F|  |TAMS 0x0000000088300000, 0x0000000088300000| Untracked 
| 106|0x0000000088400000, 0x0000000088400000, 0x0000000088500000|  0%| F|  |TAMS 0x0000000088400000, 0x0000000088400000| Untracked 
| 107|0x0000000088500000, 0x0000000088500000, 0x0000000088600000|  0%| F|  |TAMS 0x0000000088500000, 0x0000000088500000| Untracked 
| 108|0x0000000088600000, 0x0000000088600000, 0x0000000088700000|  0%| F|  |TAMS 0x0000000088600000, 0x0000000088600000| Untracked 
| 109|0x0000000088700000, 0x0000000088700000, 0x0000000088800000|  0%| F|  |TAMS 0x0000000088700000, 0x0000000088700000| Untracked 
| 110|0x0000000088800000, 0x0000000088800000, 0x0000000088900000|  0%| F|  |TAMS 0x0000000088800000, 0x0000000088800000| Untracked 
| 111|0x0000000088900000, 0x0000000088900000, 0x0000000088a00000|  0%| F|  |TAMS 0x0000000088900000, 0x0000000088900000| Untracked 
| 112|0x0000000088a00000, 0x0000000088a00000, 0x0000000088b00000|  0%| F|  |TAMS 0x0000000088a00000, 0x0000000088a00000| Untracked 
| 113|0x0000000088b00000, 0x0000000088b00000, 0x0000000088c00000|  0%| F|  |TAMS 0x0000000088b00000, 0x0000000088b00000| Untracked 
| 114|0x0000000088c00000, 0x0000000088c00000, 0x0000000088d00000|  0%| F|  |TAMS 0x0000000088c00000, 0x0000000088c00000| Untracked 
| 115|0x0000000088d00000, 0x0000000088d00000, 0x0000000088e00000|  0%| F|  |TAMS 0x0000000088d00000, 0x0000000088d00000| Untracked 
| 116|0x0000000088e00000, 0x0000000088e00000, 0x0000000088f00000|  0%| F|  |TAMS 0x0000000088e00000, 0x0000000088e00000| Untracked 
| 117|0x0000000088f00000, 0x0000000088f00000, 0x0000000089000000|  0%| F|  |TAMS 0x0000000088f00000, 0x0000000088f00000| Untracked 
| 118|0x0000000089000000, 0x0000000089100000, 0x0000000089100000|100%| S|CS|TAMS 0x0000000089000000, 0x0000000089000000| Complete 
| 119|0x0000000089100000, 0x0000000089200000, 0x0000000089200000|100%| S|CS|TAMS 0x0000000089100000, 0x0000000089100000| Complete 
| 120|0x0000000089200000, 0x0000000089200000, 0x0000000089300000|  0%| F|  |TAMS 0x0000000089200000, 0x0000000089200000| Untracked 
| 121|0x0000000089300000, 0x0000000089300000, 0x0000000089400000|  0%| F|  |TAMS 0x0000000089300000, 0x0000000089300000| Untracked 
| 122|0x0000000089400000, 0x0000000089400000, 0x0000000089500000|  0%| F|  |TAMS 0x0000000089400000, 0x0000000089400000| Untracked 
| 123|0x0000000089500000, 0x0000000089500000, 0x0000000089600000|  0%| F|  |TAMS 0x0000000089500000, 0x0000000089500000| Untracked 
| 124|0x0000000089600000, 0x0000000089600000, 0x0000000089700000|  0%| F|  |TAMS 0x0000000089600000, 0x0000000089600000| Untracked 
| 125|0x0000000089700000, 0x0000000089700000, 0x0000000089800000|  0%| F|  |TAMS 0x0000000089700000, 0x0000000089700000| Untracked 
| 126|0x0000000089800000, 0x000000008986cb28, 0x0000000089900000| 42%| E|  |TAMS 0x0000000089800000, 0x0000000089800000| Complete 
| 127|0x0000000089900000, 0x0000000089a00000, 0x0000000089a00000|100%| E|CS|TAMS 0x0000000089900000, 0x0000000089900000| Complete 

Card table byte_map: [0x0000024dcdee0000,0x0000024dce2e0000] _byte_map_base: 0x0000024dcdad3000

Marking Bits (Prev, Next): (CMBitMap*) 0x0000024db498a948, (CMBitMap*) 0x0000024db498a988
 Prev Bits: [0x0000024dce6e0000, 0x0000024dd0678000)
 Next Bits: [0x0000024dd0680000, 0x0000024dd2618000)

Polling page: 0x0000024db4730000

Metaspace:

Usage:
  Non-class:      4.61 MB capacity,     4.06 MB ( 88%) used,   539.52 KB ( 11%) free+waste,    18.25 KB ( <1%) overhead. 
      Class:    686.00 KB capacity,   590.04 KB ( 86%) used,    85.27 KB ( 12%) free+waste,    10.69 KB (  2%) overhead. 
       Both:      5.28 MB capacity,     4.64 MB ( 88%) used,   624.80 KB ( 12%) free+waste,    28.94 KB ( <1%) overhead. 

Virtual space:
  Non-class space:        8.00 MB reserved,       4.75 MB ( 59%) committed 
      Class space:        1.00 GB reserved,     768.00 KB ( <1%) committed 
             Both:        1.01 GB reserved,       5.50 MB ( <1%) committed 

Chunk freelists:
   Non-Class:  2.38 KB
       Class:  2.25 KB
        Both:  4.63 KB

CodeHeap 'non-profiled nmethods': size=238912Kb used=1461Kb max_used=1461Kb free=237450Kb
 bounds [0x0000024dbeb70000, 0x0000024dbede0000, 0x0000024dcd4c0000]
CodeHeap 'non-nmethods': size=6848Kb used=1129Kb max_used=1129Kb free=5718Kb
 bounds [0x0000024dbe4c0000, 0x0000024dbe730000, 0x0000024dbeb70000]
 total_blobs=1466 nmethods=1022 adapters=354
 compilation: enabled
              stopped_count=0, restarted_count=0
 full_count=0

Compilation events (10 events):
Event: 2.363 Thread 0x0000024dd5472800 nmethod 1002 0x0000024dbeccfd10 code [0x0000024dbeccfee0, 0x0000024dbecd00b0]
Event: 2.373 Thread 0x0000024dd5472800 1003       1       java.nio.charset.Charset::isSupported (13 bytes)
Event: 2.373 Thread 0x0000024dd5472800 nmethod 1003 0x0000024dbecd0190 code [0x0000024dbecd0340, 0x0000024dbecd0470]
Event: 2.373 Thread 0x0000024dd5472800 1004       1       java.nio.charset.Charset::forName (20 bytes)
Event: 2.373 Thread 0x0000024dd5472800 nmethod 1004 0x0000024dbecd0510 code [0x0000024dbecd06e0, 0x0000024dbecd0860]
Event: 2.373 Thread 0x0000024dd5472800 1005       1       java.lang.StringCoding$StringDecoder::requestedCharsetName (5 bytes)
Event: 2.373 Thread 0x0000024dd5472800 nmethod 1005 0x0000024dbecd0910 code [0x0000024dbecd0ac0, 0x0000024dbecd0bf8]
Event: 2.373 Thread 0x0000024dd5472800 1006       1       sun.nio.cs.MS1252::historicalName (3 bytes)
Event: 2.373 Thread 0x0000024dd5472800 nmethod 1006 0x0000024dbecd0c90 code [0x0000024dbecd0e40, 0x0000024dbecd0f78]
Event: 2.379 Thread 0x0000024dd5472800 1007   !   1       java.util.concurrent.ConcurrentHashMap::computeIfAbsent (576 bytes)

GC Heap History (4 events):
Event: 1.448 GC heap before
{Heap before GC invocations=0 (full 0):
 garbage-first heap   total 131072K, used 14336K [0x0000000081a00000, 0x0000000100000000)
  region size 1024K, 14 young (14336K), 0 survivors (0K)
 Metaspace       used 499K, capacity 4518K, committed 4864K, reserved 1056768K
  class space    used 46K, capacity 399K, committed 512K, reserved 1048576K
}
Event: 1.458 GC heap after
{Heap after GC invocations=1 (full 0):
 garbage-first heap   total 131072K, used 12808K [0x0000000081a00000, 0x0000000100000000)
  region size 1024K, 2 young (2048K), 2 survivors (2048K)
 Metaspace       used 499K, capacity 4518K, committed 4864K, reserved 1056768K
  class space    used 46K, capacity 399K, committed 512K, reserved 1048576K
}
Event: 2.343 GC heap before
{Heap before GC invocations=1 (full 0):
 garbage-first heap   total 131072K, used 21000K [0x0000000081a00000, 0x0000000100000000)
  region size 1024K, 10 young (10240K), 2 survivors (2048K)
 Metaspace       used 4355K, capacity 5243K, committed 5376K, reserved 1056768K
  class space    used 550K, capacity 654K, committed 768K, reserved 1048576K
}
Event: 2.350 GC heap after
{Heap after GC invocations=2 (full 0):
 garbage-first heap   total 131072K, used 17013K [0x0000000081a00000, 0x0000000100000000)
  region size 1024K, 2 young (2048K), 2 survivors (2048K)
 Metaspace       used 4355K, capacity 5243K, committed 5376K, reserved 1056768K
  class space    used 550K, capacity 654K, committed 768K, reserved 1048576K
}

Deoptimization events (0 events):
No events

Classes redefined (0 events):
No events

Internal exceptions (8 events):
Event: 1.552 Thread 0x0000024db494a800 Exception <a 'java/lang/NoSuchMethodError'{0x0000000089685628}: java.lang.invoke.DirectMethodHandle$Holder.invokeStaticInit(Ljava/lang/Object;Ljava/lang/Object;Ljava/lang/Object;)Ljava/lang/Object;> (0x0000000089685628) thrown at [t:/workspace/open/src/ho
Event: 1.556 Thread 0x0000024db494a800 Exception <a 'java/lang/NoSuchMethodError'{0x000000008969ec40}: java.lang.invoke.DirectMethodHandle$Holder.invokeInterface(Ljava/lang/Object;Ljava/lang/Object;)I> (0x000000008969ec40) thrown at [t:/workspace/open/src/hotspot/share/interpreter/linkResolver
Event: 1.557 Thread 0x0000024db494a800 Exception <a 'java/lang/IncompatibleClassChangeError'{0x00000000896a1748}: Found class java.lang.Object, but interface was expected> (0x00000000896a1748) thrown at [t:/workspace/open/src/hotspot/share/interpreter/linkResolver.cpp, line 843]
Event: 1.760 Thread 0x0000024db494a800 Exception <a 'java/lang/NoSuchMethodError'{0x00000000894c0f80}: java.lang.invoke.DirectMethodHandle$Holder.invokeSpecialIFC(Ljava/lang/Object;Ljava/lang/Object;Ljava/lang/Object;)I> (0x00000000894c0f80) thrown at [t:/workspace/open/src/hotspot/share/inter
Event: 1.792 Thread 0x0000024db494a800 Exception <a 'java/lang/NoSuchMethodError'{0x0000000089324b90}: java.lang.invoke.DirectMethodHandle$Holder.invokeStaticInit(Ljava/lang/Object;IIII)Ljava/lang/Object;> (0x0000000089324b90) thrown at [t:/workspace/open/src/hotspot/share/interpreter/linkReso
Event: 2.150 Thread 0x0000024db494a800 Exception <a 'java/lang/NoSuchMethodError'{0x0000000089373b70}: java.lang.invoke.DirectMethodHandle$Holder.invokeStaticInit(Ljava/lang/Object;Ljava/lang/Object;IIII)Ljava/lang/Object;> (0x0000000089373b70) thrown at [t:/workspace/open/src/hotspot/share/in
Event: 2.172 Thread 0x0000024db494a800 Exception <a 'java/lang/ClassNotFoundException'{0x000000008938f070}: javax/management/remote/rmi/RMIServerImpl_Skel> (0x000000008938f070) thrown at [t:/workspace/open/src/hotspot/share/classfile/systemDictionary.cpp, line 235]
Event: 2.286 Thread 0x0000024db494a800 Exception <a 'java/lang/ClassNotFoundException'{0x0000000089207dd8}: jdk/internal/agent/resources/spi/agentProvider> (0x0000000089207dd8) thrown at [t:/workspace/open/src/hotspot/share/classfile/systemDictionary.cpp, line 235]

Events (10 events):
Event: 2.375 loading class ch/qos/logback/core/BasicStatusManager
Event: 2.375 loading class ch/qos/logback/core/BasicStatusManager done
Event: 2.377 loading class ch/qos/logback/core/status/StatusManager
Event: 2.377 loading class ch/qos/logback/core/status/StatusManager done
Event: 2.377 loading class ch/qos/logback/core/helpers/CyclicBuffer
Event: 2.377 loading class ch/qos/logback/core/helpers/CyclicBuffer done
Event: 2.378 loading class ch/qos/logback/core/spi/LogbackLock
Event: 2.378 loading class ch/qos/logback/core/spi/LogbackLock done
Event: 2.378 loading class ch/qos/logback/classic/spi/TurboFilterList
Event: 2.378 loading class ch/qos/logback/classic/spi/TurboFilterList done


Dynamic libraries:
0x00007ff64e500000 - 0x00007ff64e50f000 	C:\Program Files\Java\jdk-12.0.2\bin\javaw.exe
0x00007ffc0cec0000 - 0x00007ffc0d0b0000 	C:\WINDOWS\SYSTEM32\ntdll.dll
0x00007ffc0b8b0000 - 0x00007ffc0b962000 	C:\WINDOWS\System32\KERNEL32.DLL
0x00007ffc0a730000 - 0x00007ffc0a9d3000 	C:\WINDOWS\System32\KERNELBASE.dll
0x00007ffc07c00000 - 0x00007ffc07c8f000 	C:\WINDOWS\SYSTEM32\apphelp.dll
0x00007ffbdc190000 - 0x00007ffbdc621000 	C:\WINDOWS\SYSTEM32\AcLayers.DLL
0x00007ffc0b620000 - 0x00007ffc0b6be000 	C:\WINDOWS\System32\msvcrt.dll
0x00007ffc0ba90000 - 0x00007ffc0bc24000 	C:\WINDOWS\System32\USER32.dll
0x00007ffc0ac00000 - 0x00007ffc0ac21000 	C:\WINDOWS\System32\win32u.dll
0x00007ffc0c990000 - 0x00007ffc0c9b6000 	C:\WINDOWS\System32\GDI32.dll
0x00007ffc0add0000 - 0x00007ffc0af64000 	C:\WINDOWS\System32\gdi32full.dll
0x00007ffc0ad30000 - 0x00007ffc0adce000 	C:\WINDOWS\System32\msvcp_win.dll
0x00007ffc09e50000 - 0x00007ffc09f4a000 	C:\WINDOWS\System32\ucrtbase.dll
0x00007ffc0ba30000 - 0x00007ffc0ba82000 	C:\WINDOWS\System32\SHLWAPI.dll
0x00007ffc0c9c0000 - 0x00007ffc0ccf6000 	C:\WINDOWS\System32\combase.dll
0x00007ffc0b790000 - 0x00007ffc0b8b0000 	C:\WINDOWS\System32\RPCRT4.dll
0x00007ffc0ab80000 - 0x00007ffc0ac00000 	C:\WINDOWS\System32\bcryptPrimitives.dll
0x00007ffc0c170000 - 0x00007ffc0c213000 	C:\WINDOWS\System32\ADVAPI32.dll
0x00007ffc0af70000 - 0x00007ffc0b007000 	C:\WINDOWS\System32\sechost.dll
0x0000024db4590000 - 0x0000024db4593000 	C:\WINDOWS\SYSTEM32\sfc.dll
0x00007ffbfcfd0000 - 0x00007ffbfd059000 	C:\WINDOWS\SYSTEM32\WINSPOOL.DRV
0x00007ffc09df0000 - 0x00007ffc09e01000 	C:\WINDOWS\System32\kernel.appcore.dll
0x00007ffc0ac50000 - 0x00007ffc0ac76000 	C:\WINDOWS\System32\bcrypt.dll
0x00007ffc08850000 - 0x00007ffc0893f000 	C:\WINDOWS\SYSTEM32\PROPSYS.dll
0x00007ffc0b6c0000 - 0x00007ffc0b784000 	C:\WINDOWS\System32\OLEAUT32.dll
0x00007ffc0cdd0000 - 0x00007ffc0ce79000 	C:\WINDOWS\System32\shcore.dll
0x00007ffc09310000 - 0x00007ffc0934a000 	C:\WINDOWS\SYSTEM32\IPHLPAPI.DLL
0x00007ffbedf90000 - 0x00007ffbedfa1000 	C:\WINDOWS\SYSTEM32\sfc_os.DLL
0x00007ffc0b330000 - 0x00007ffc0b35e000 	C:\WINDOWS\System32\IMM32.DLL
0x00007ffbfba80000 - 0x00007ffbfba98000 	C:\Program Files\Java\jdk-12.0.2\bin\jli.dll
0x00007ffbfb900000 - 0x00007ffbfb916000 	C:\Program Files\Java\jdk-12.0.2\bin\VCRUNTIME140.dll
0x00007ffbfbbc0000 - 0x00007ffbfbe45000 	C:\WINDOWS\WinSxS\amd64_microsoft.windows.common-controls_6595b64144ccf1df_6.0.18362.418_none_e6c6b287130d565d\COMCTL32.dll
0x00007ffc05850000 - 0x00007ffc0585a000 	C:\WINDOWS\SYSTEM32\VERSION.dll
0x00007ffbf05a0000 - 0x00007ffbf064a000 	C:\Program Files\Java\jdk-12.0.2\bin\msvcp140.dll
0x00007ffbb5c10000 - 0x00007ffbb6787000 	C:\Program Files\Java\jdk-12.0.2\bin\server\jvm.dll
0x00007ffc0b5a0000 - 0x00007ffc0b5a8000 	C:\WINDOWS\System32\PSAPI.DLL
0x00007ffc04c30000 - 0x00007ffc04c39000 	C:\WINDOWS\SYSTEM32\WSOCK32.dll
0x00007ffc0b5b0000 - 0x00007ffc0b61f000 	C:\WINDOWS\System32\WS2_32.dll
0x00007ffc06310000 - 0x00007ffc06334000 	C:\WINDOWS\SYSTEM32\WINMM.dll
0x00007ffc062a0000 - 0x00007ffc062cd000 	C:\WINDOWS\SYSTEM32\WINMMBASE.dll
0x00007ffc0ab30000 - 0x00007ffc0ab7a000 	C:\WINDOWS\System32\cfgmgr32.dll
0x00007ffc063e0000 - 0x00007ffc063f1000 	C:\Program Files\Java\jdk-12.0.2\bin\verify.dll
0x00007ffbf9080000 - 0x00007ffbf9274000 	C:\WINDOWS\SYSTEM32\DBGHELP.DLL
0x00007ffbf8f60000 - 0x00007ffbf8f8a000 	C:\WINDOWS\SYSTEM32\dbgcore.DLL
0x00007ffbf7d00000 - 0x00007ffbf7d26000 	C:\Program Files\Java\jdk-12.0.2\bin\java.dll
0x00007ffc05660000 - 0x00007ffc05677000 	C:\Program Files\Java\jdk-12.0.2\bin\zip.dll
0x00007ffc06380000 - 0x00007ffc0638a000 	C:\Program Files\Java\jdk-12.0.2\bin\jimage.dll
0x00007ffc0c2a0000 - 0x00007ffc0c985000 	C:\WINDOWS\System32\SHELL32.dll
0x00007ffc09fb0000 - 0x00007ffc0a72f000 	C:\WINDOWS\System32\windows.storage.dll
0x00007ffc09e30000 - 0x00007ffc09e4f000 	C:\WINDOWS\System32\profapi.dll
0x00007ffc09da0000 - 0x00007ffc09dea000 	C:\WINDOWS\System32\powrprof.dll
0x00007ffc09d90000 - 0x00007ffc09da0000 	C:\WINDOWS\System32\UMPDC.dll
0x00007ffc0ac30000 - 0x00007ffc0ac47000 	C:\WINDOWS\System32\cryptsp.dll
0x00007ffc04e40000 - 0x00007ffc04e59000 	C:\Program Files\Java\jdk-12.0.2\bin\net.dll
0x00007ffbfb6e0000 - 0x00007ffbfb7d0000 	C:\WINDOWS\SYSTEM32\WINHTTP.dll
0x00007ffbfca30000 - 0x00007ffbfcc06000 	C:\WINDOWS\SYSTEM32\urlmon.dll
0x00007ffbfc780000 - 0x00007ffbfca26000 	C:\WINDOWS\SYSTEM32\iertutil.dll
0x00007ffc097d0000 - 0x00007ffc097dc000 	C:\WINDOWS\SYSTEM32\CRYPTBASE.DLL
0x00007ffc09600000 - 0x00007ffc09667000 	C:\WINDOWS\system32\mswsock.dll
0x00007ffc03430000 - 0x00007ffc03443000 	C:\Program Files\Java\jdk-12.0.2\bin\nio.dll
0x00007ffc033d0000 - 0x00007ffc033d9000 	C:\Program Files\Java\jdk-12.0.2\bin\management.dll
0x00007ffbfc520000 - 0x00007ffbfc52c000 	C:\Program Files\Java\jdk-12.0.2\bin\management_ext.dll
0x00007ffbf8080000 - 0x00007ffbf8096000 	C:\WINDOWS\system32\napinsp.dll
0x00007ffbf8010000 - 0x00007ffbf802a000 	C:\WINDOWS\system32\pnrpnsp.dll
0x00007ffc09360000 - 0x00007ffc0942a000 	C:\WINDOWS\SYSTEM32\DNSAPI.dll
0x00007ffc0b320000 - 0x00007ffc0b328000 	C:\WINDOWS\System32\NSI.dll
0x00007ffbf7fe0000 - 0x00007ffbf7fee000 	C:\WINDOWS\System32\winrnr.dll
0x00007ffc07990000 - 0x00007ffc079ac000 	C:\WINDOWS\system32\NLAapi.dll
0x00007ffbf7e10000 - 0x00007ffbf7e25000 	C:\WINDOWS\system32\wshbth.dll
0x00007ffbfb6d0000 - 0x00007ffbfb6da000 	C:\Windows\System32\rasadhlp.dll
0x00007ffc01360000 - 0x00007ffc013d7000 	C:\WINDOWS\System32\fwpuclnt.dll
0x00007ffc09170000 - 0x00007ffc091a3000 	C:\WINDOWS\system32\rsaenh.dll
0x00007ffc09cb0000 - 0x00007ffc09cd5000 	C:\WINDOWS\SYSTEM32\USERENV.dll
0x00007ffc02670000 - 0x00007ffc02686000 	C:\WINDOWS\SYSTEM32\dhcpcsvc6.DLL
0x00007ffc02f50000 - 0x00007ffc02f6c000 	C:\WINDOWS\SYSTEM32\dhcpcsvc.DLL

dbghelp: loaded successfully - version: 4.0.5 - missing functions: none
symbol engine: initialized successfully - sym options: 0x614 - pdb path: .;C:\Program Files\Java\jdk-12.0.2\bin;C:\WINDOWS\SYSTEM32;C:\WINDOWS\WinSxS\amd64_microsoft.windows.common-controls_6595b64144ccf1df_6.0.18362.418_none_e6c6b287130d565d;C:\Program Files\Java\jdk-12.0.2\bin\server

VM Arguments:
jvm_args: -Dcom.sun.management.jmxremote -Dcom.sun.management.jmxremote.port=60886 -Dcom.sun.management.jmxremote.authenticate=false -Dcom.sun.management.jmxremote.ssl=false -Djava.rmi.server.hostname=localhost -Dspring.jmx.enabled=true -Dspring.application.admin.enabled=true -Xverify:none -XX:TieredStopAtLevel=1 -Dfile.encoding=UTF-8 
java_command: com.example.workshop.CursomcApplication --spring.output.ansi.enabled=always
java_class_path (initial): C:\Workspaces\ws-sts\cursomc\target\classes;C:\Users\gabri\.m2\repository\org\springframework\boot\spring-boot-starter-web\2.1.9.RELEASE\spring-boot-starter-web-2.1.9.RELEASE.jar;C:\Users\gabri\.m2\repository\org\springframework\boot\spring-boot-starter\2.1.9.RELEASE\spring-boot-starter-2.1.9.RELEASE.jar;C:\Users\gabri\.m2\repository\org\springframework\boot\spring-boot-starter-logging\2.1.9.RELEASE\spring-boot-starter-logging-2.1.9.RELEASE.jar;C:\Users\gabri\.m2\repository\ch\qos\logback\logback-classic\1.2.3\logback-classic-1.2.3.jar;C:\Users\gabri\.m2\repository\ch\qos\logback\logback-core\1.2.3\logback-core-1.2.3.jar;C:\Users\gabri\.m2\repository\org\apache\logging\log4j\log4j-to-slf4j\2.11.2\log4j-to-slf4j-2.11.2.jar;C:\Users\gabri\.m2\repository\org\apache\logging\log4j\log4j-api\2.11.2\log4j-api-2.11.2.jar;C:\Users\gabri\.m2\repository\org\slf4j\jul-to-slf4j\1.7.28\jul-to-slf4j-1.7.28.jar;C:\Users\gabri\.m2\repository\javax\annotation\javax.annotation-api\1.3.2\javax.annotation-api-1.3.2.jar;C:\Users\gabri\.m2\repository\org\yaml\snakeyaml\1.23\snakeyaml-1.23.jar;C:\Users\gabri\.m2\repository\org\springframework\boot\spring-boot-starter-json\2.1.9.RELEASE\spring-boot-starter-json-2.1.9.RELEASE.jar;C:\Users\gabri\.m2\repository\com\fasterxml\jackson\datatype\jackson-datatype-jdk8\2.9.9\jackson-datatype-jdk8-2.9.9.jar;C:\Users\gabri\.m2\repository\com\fasterxml\jackson\datatype\jackson-datatype-jsr310\2.9.9\jackson-datatype-jsr310-2.9.9.jar;C:\Users\gabri\.m2\repository\com\fasterxml\jackson\module\jackson-module-parameter-names\2.9.9\jackson-module-parameter-names-2.9.9.jar;C:\Users\gabri\.m2\repository\org\springframework\boot\spring-boot-starter-tomcat\2.1.9.RELEASE\spring-boot-starter-tomcat-2.1.9.RELEASE.jar;C:\Users\gabri\.m2\repository\org\apache\tomcat\embed\tomcat-embed-core\9.0.26\tomcat-embed-core-9.0.26.jar;C:\Users\gabri\.m2\repository\org\apache\tomcat\embed\tomcat-embed-el\9.0.26\tomcat-embed-el-9.0.26.jar;C:\Users\ga
Launcher Type: SUN_STANDARD

[Global flags]
     bool BytecodeVerificationLocal                = false                                     {product} {command line}
     bool BytecodeVerificationRemote               = false                                     {product} {command line}
     intx CICompilerCount                          = 3                                         {product} {ergonomic}
     uint ConcGCThreads                            = 1                                         {product} {ergonomic}
     uint G1ConcRefinementThreads                  = 4                                         {product} {ergonomic}
   size_t G1HeapRegionSize                         = 1048576                                   {product} {ergonomic}
    uintx GCDrainStackTargetSize                   = 64                                        {product} {ergonomic}
   size_t InitialHeapSize                          = 134217728                                 {product} {ergonomic}
     bool ManagementServer                         = true                                      {product} {command line}
   size_t MarkStackSize                            = 4194304                                   {product} {ergonomic}
   size_t MaxHeapSize                              = 2120220672                                {product} {ergonomic}
   size_t MaxNewSize                               = 1271922688                                {product} {ergonomic}
   size_t MinHeapDeltaBytes                        = 1048576                                   {product} {ergonomic}
    uintx NonNMethodCodeHeapSize                   = 6973028                                {pd product} {ergonomic}
    uintx NonProfiledCodeHeapSize                  = 244685212                              {pd product} {ergonomic}
    uintx ProfiledCodeHeapSize                     = 0                                      {pd product} {ergonomic}
    uintx ReservedCodeCacheSize                    = 251658240                              {pd product} {ergonomic}
     bool SegmentedCodeCache                       = true                                      {product} {ergonomic}
     intx TieredStopAtLevel                        = 1                                         {product} {command line}
     bool UseCompressedClassPointers               = true                                 {lp64_product} {ergonomic}
     bool UseCompressedOops                        = true                                 {lp64_product} {ergonomic}
     bool UseG1GC                                  = true                                      {product} {ergonomic}
     bool UseLargePagesIndividualAllocation        = false                                  {pd product} {ergonomic}

Logging:
Log output configuration:
 #0: stdout all=warning uptime,level,tags
 #1: stderr all=off uptime,level,tags

Environment Variables:
JAVA_HOME=C:\Program Files\Java\jdk-12.0.2
PATH=C:/Program Files/Java/jdk-12.0.2/bin/server;C:/Program Files/Java/jdk-12.0.2/bin;C:\Windows\system32;C:\Windows;C:\Windows\System32\Wbem;C:\Windows\System32\WindowsPowerShell\v1.0\;C:\Windows\System32\OpenSSH\;C:\Program Files (x86)\NVIDIA Corporation\PhysX\Common;C:\Program Files\dotnet\;C:\Program Files\Microsoft SQL Server\130\Tools\Binn\;C:\Program Files\Microsoft SQL Server\Client SDK\ODBC\170\Tools\Binn\;C:\WINDOWS\system32;C:\WINDOWS;C:\WINDOWS\System32\Wbem;C:\WINDOWS\System32\WindowsPowerShell\v1.0\;C:\WINDOWS\System32\OpenSSH\;C:\Program Files (x86)\Intel\Intel(R) Management Engine Components\DAL;C:\Program Files\Intel\Intel(R) Management Engine Components\DAL;C:\xampp\php;C:\Program Files\MySQL\MySQL Server 8.0\bin;C:\Program Files\nodejs\;C:\Program Files\MongoDB\Server\4.2\bin;C:\Program Files\Git\cmd;C:\Program Files\MySQL\MySQL Shell 8.0\bin\;C:\Users\gabri\.dotnet\tools;C:\Users\gabri\AppData\Local\Programs\Microsoft VS Code\bin;C:\xampp\php;C:\Users\gabri\AppData\Roaming\npm;C:\Program Files\Java\jdk-12.0.2\bin;;C:\Program Files\JetBrains\IntelliJ IDEA 2019.2.2\bin;;C:\Program Files\heroku\bin;C:\sts-4.4.0.RELEASE;
USERNAME=gabri
OS=Windows_NT
PROCESSOR_IDENTIFIER=Intel64 Family 6 Model 78 Stepping 3, GenuineIntel



---------------  S Y S T E M  ---------------

OS: Windows 10 , 64 bit Build 18362 (10.0.18362.329)

CPU:total 4 (initial active 4) (2 cores per cpu, 2 threads per core) family 6 model 78 stepping 3, cmov, cx8, fxsr, mmx, sse, sse2, sse3, ssse3, sse4.1, sse4.2, popcnt, avx, avx2, aes, clmul, erms, 3dnowpref, lzcnt, ht, tsc, tscinvbit, bmi1, bmi2, adx, fma

Memory: 4k page, system-wide physical 8083M (1058M free)
TotalPageFile size 13203M (AvailPageFile size 1788M)
current process WorkingSet (physical memory assigned to process): 76M, peak: 76M
current process commit charge ("private bytes"): 216M, peak: 216M

vm_info: Java HotSpot(TM) 64-Bit Server VM (12.0.2+10) for windows-amd64 JRE (12.0.2+10), built on Jul 16 2019 01:56:17 by "mach5one" with MS VC++ 15.5 (VS2017)

END.
