#
# A fatal error has been detected by the Java Runtime Environment:
#
#  EXCEPTION_ACCESS_VIOLATION (0xc0000005) at pc=0x00007ffbb52ba1a0, pid=17104, tid=16816
#
# JRE version: Java(TM) SE Runtime Environment (12.0.2+10) (build 12.0.2+10)
# Java VM: Java HotSpot(TM) 64-Bit Server VM (12.0.2+10, mixed mode, sharing, tiered, compressed oops, g1 gc, windows-amd64)
# Problematic frame:
# V  [jvm.dll+0x2ca1a0]
#
# No core dump will be written. Minidumps are not enabled by default on client versions of Windows
#
# If you would like to submit a bug report, please visit:
#   http://bugreport.java.com/bugreport/crash.jsp
#

---------------  S U M M A R Y ------------

Command Line: -Dcom.sun.management.jmxremote -Dcom.sun.management.jmxremote.port=59362 -Dcom.sun.management.jmxremote.authenticate=false -Dcom.sun.management.jmxremote.ssl=false -Djava.rmi.server.hostname=localhost -Dspring.jmx.enabled=true -Dspring.application.admin.enabled=true -Xverify:none -XX:TieredStopAtLevel=1 -Dfile.encoding=UTF-8 com.example.workshop.CursomcApplication --spring.output.ansi.enabled=always

Host: Intel(R) Core(TM) i7-6500U CPU @ 2.50GHz, 4 cores, 7G,  Windows 10 , 64 bit Build 18362 (10.0.18362.329)
Time: Thu Oct 17 09:59:48 2019 E. South America Standard Time elapsed time: 13 seconds (0d 0h 0m 13s)

---------------  T H R E A D  ---------------

Current thread (0x000001bb478fe800):  JavaThread "C1 CompilerThread0" daemon [_thread_in_vm, id=16816, stack(0x0000004bce500000,0x0000004bce600000)]


Current CompileTask:
C1:  13114 7215   !   1       jdk.internal.reflect.GeneratedConstructorAccessor1::newInstance (53 bytes)

Stack: [0x0000004bce500000,0x0000004bce600000],  sp=0x0000004bce5fdf58,  free space=1015k
Native frames: (J=compiled Java code, j=interpreted, Vv=VM code, C=native code)
V  [jvm.dll+0x2ca1a0]


siginfo: EXCEPTION_ACCESS_VIOLATION (0xc0000005), reading address 0x0000000c0000000b


Register to memory mapping:

RIP=0x00007ffbb52ba1a0 jvm.dll
RAX=0x0000000c0000000b is an unknown value
RBX=0x000001bb294bbbe0 points into unknown readable memory: 01 4c 09 49 bb 01 00 00
RCX=0x000001bb4900fb10 points into unknown readable memory: 01 00 00 00 00 00 00 00
RDX=0x0 is NULL
RSP=0x0000004bce5fdf58 is pointing into the stack for thread: 0x000001bb478fe800
RBP=0x000000007862e816 is an unknown value
RSI=0x000001bb478da648 points into unknown readable memory: 78 04 c3 82 00 00 00 00
RDI=0x0 is NULL
R8 =0x000000007862e816 is an unknown value
R9 =0x00000008004080d0 is pointing into metadata
R10=0xffffffffffffa4cf is an unknown value
R11=0x0000000083d61705 is pointing into object: org.apache.logging.slf4j.SLF4JLogger 
{0x0000000083d616f0} - klass: 'org/apache/logging/slf4j/SLF4JLogger'
R12=0x000001bb4900fb10 points into unknown readable memory: 01 00 00 00 00 00 00 00
R13=0x00000008004080d0 is pointing into metadata
R14=0x000000007862e816 is an unknown value
R15=0x000001bb477442e0 points into unknown readable memory: f1 03 00 00 00 00 00 00


Registers:
RAX=0x0000000c0000000b, RBX=0x000001bb294bbbe0, RCX=0x000001bb4900fb10, RDX=0x0000000000000000
RSP=0x0000004bce5fdf58, RBP=0x000000007862e816, RSI=0x000001bb478da648, RDI=0x0000000000000000
R8 =0x000000007862e816, R9 =0x00000008004080d0, R10=0xffffffffffffa4cf, R11=0x0000000083d61705
R12=0x000001bb4900fb10, R13=0x00000008004080d0, R14=0x000000007862e816, R15=0x000001bb477442e0
RIP=0x00007ffbb52ba1a0, EFLAGS=0x0000000000010202

Top of Stack: (sp=0x0000004bce5fdf58)
0x0000004bce5fdf58:   00007ffbb5702ac0 0000000083d61705
0x0000004bce5fdf68:   000001bb478fe800 000000080040dc01
0x0000004bce5fdf78:   000000007862e816 000001bb49b26c50
0x0000004bce5fdf88:   000001bb4791a630 000001bb00000000
0x0000004bce5fdf98:   0000000000000000 0000004bce5fe588
0x0000004bce5fdfa8:   00007ffbb4ff0000 000001bb4929c9e8
0x0000004bce5fdfb8:   000001bb4929bec0 0000000000000000
0x0000004bce5fdfc8:   00007ffbb570309a 000001bb478da648
0x0000004bce5fdfd8:   000001bb478fe800 00000008004080d0
0x0000004bce5fdfe8:   000001bb478fe800 000000080040dbf8
0x0000004bce5fdff8:   0000001400000002 000001010000000c
0x0000004bce5fe008:   000001bb4929bec0 000001bb478da648
0x0000004bce5fe018:   00007ffbb5526338 000001bb478fe800
0x0000004bce5fe028:   000001bb478f8f80 000001bb49294a00
0x0000004bce5fe038:   0000000000000000 000001bb478fe800
0x0000004bce5fe048:   00007ffbb5123a11 0000004bce5fe190 

Instructions: (pc=0x00007ffbb52ba1a0)
0x00007ffbb52ba0a0:   50 48 83 c4 20 41 5f 5f 5e c3 cc cc cc cc cc cc
0x00007ffbb52ba0b0:   48 89 5c 24 08 57 48 83 ec 20 48 8b d9 48 8b fa
0x00007ffbb52ba0c0:   48 8b 49 10 48 8b 01 ff 90 c8 00 00 00 48 3b f8
0x00007ffbb52ba0d0:   75 0d b0 01 48 8b 5c 24 30 48 83 c4 20 5f c3 48
0x00007ffbb52ba0e0:   8b 5b 18 48 85 db 74 15 48 8b cb e8 20 77 3a 00
0x00007ffbb52ba0f0:   48 3b c7 74 dd 48 8b 1b 48 85 db 75 eb 32 c0 48
0x00007ffbb52ba100:   8b 5c 24 30 48 83 c4 20 5f c3 cc cc cc cc cc cc
0x00007ffbb52ba110:   0f b6 05 a1 cb 7a 00 c3 cc cc cc cc cc cc cc cc
0x00007ffbb52ba120:   40 53 48 83 ec 20 44 8b d2 33 d2 41 8b c2 f7 31
0x00007ffbb52ba130:   48 8b 41 08 48 63 da 48 8b 1c d8 48 85 db 74 19
0x00007ffbb52ba140:   44 39 13 75 0a 48 8b 43 10 4c 39 40 18 74 12 48
0x00007ffbb52ba150:   8b 5b 08 48 83 e3 fe 75 e7 33 c0 48 83 c4 20 5b
0x00007ffbb52ba160:   c3 80 3d 34 a3 7e 00 00 74 19 4d 85 c9 74 14 49
0x00007ffbb52ba170:   8b 11 48 85 d2 74 0c 48 8b cb e8 31 ff ff ff 84
0x00007ffbb52ba180:   c0 74 d6 48 8b 43 10 48 83 c4 20 5b c3 cc cc cc
0x00007ffbb52ba190:   48 8b 41 08 48 63 d2 48 8b 04 d0 48 85 c0 74 1d
0x00007ffbb52ba1a0:   44 39 00 75 0a 48 8b 48 10 4c 39 49 18 74 0a 48
0x00007ffbb52ba1b0:   8b 40 08 48 83 e0 fe eb e5 48 8b c1 c3 33 c0 c3
0x00007ffbb52ba1c0:   48 89 5c 24 08 48 89 74 24 10 57 48 83 ec 20 33
0x00007ffbb52ba1d0:   db 89 11 44 89 41 28 48 8b f1 48 89 59 10 48 89
0x00007ffbb52ba1e0:   59 18 48 89 59 20 8d 53 02 44 89 49 2c 44 8d 43
0x00007ffbb52ba1f0:   01 8d 4b 20 e8 57 26 df ff 48 8b f8 48 85 c0 74
0x00007ffbb52ba200:   5f 8d 53 08 89 18 48 8b c8 c7 40 04 04 00 00 00
0x00007ffbb52ba210:   c7 40 10 01 00 00 00 48 c7 40 08 01 00 00 00 e8
0x00007ffbb52ba220:   4c 7a 09 00 48 89 47 18 39 5f 04 7e 1f 0f 1f 00
0x00007ffbb52ba230:   48 8b 47 18 48 63 cb 48 8d 14 c8 48 85 d2 74 05
0x00007ffbb52ba240:   33 c0 48 89 02 ff c3 3b 5f 04 7c e4 48 89 7e 30
0x00007ffbb52ba250:   48 8b 5c 24 30 48 8b 74 24 38 48 83 c4 20 5f c3
0x00007ffbb52ba260:   48 89 5e 30 48 8b 5c 24 30 48 8b 74 24 38 48 83
0x00007ffbb52ba270:   c4 20 5f c3 cc cc cc cc cc cc cc cc cc cc cc cc
0x00007ffbb52ba280:   48 89 5c 24 08 48 89 74 24 10 57 48 83 ec 20 33
0x00007ffbb52ba290:   db 89 11 44 89 41 28 48 8b f1 48 89 59 10 48 89 


Stack slot to memory mapping:
stack at sp + 0 slots: 0x00007ffbb5702ac0 jvm.dll
stack at sp + 1 slots: 0x0000000083d61705 is pointing into object: org.apache.logging.slf4j.SLF4JLogger 
{0x0000000083d616f0} - klass: 'org/apache/logging/slf4j/SLF4JLogger'
stack at sp + 2 slots: 0x000001bb478fe800 is a thread
stack at sp + 3 slots: 0x000000080040dc01 is pointing into metadata
stack at sp + 4 slots: 0x000000007862e816 is an unknown value
stack at sp + 5 slots: 0x000001bb49b26c50 points into unknown readable memory: c0 ed 5f ce 4b 00 00 00
stack at sp + 6 slots: 0x000001bb4791a630 points into unknown readable memory: ff ff ff ff 63 00 00 00
stack at sp + 7 slots: 0x000001bb00000000 is an unknown value


---------------  P R O C E S S  ---------------

Threads class SMR info:
_java_thread_list=0x000001bb4cc8e430, length=27, elements={
0x000001bb294c4000, 0x000001bb478d8000, 0x000001bb478ec000, 0x000001bb478f8000,
0x000001bb478fa800, 0x000001bb478fe800, 0x000001bb4792b800, 0x000001bb483a3000,
0x000001bb483a2000, 0x000001bb483a3800, 0x000001bb483a0800, 0x000001bb4839e000,
0x000001bb483a4800, 0x000001bb4839f000, 0x000001bb4839f800, 0x000001bb483a1800,
0x000001bb494e4000, 0x000001bb494e3000, 0x000001bb494e1800, 0x000001bb494e4800,
0x000001bb494e2000, 0x000001bb494df000, 0x000001bb494e5800, 0x000001bb494df800,
0x000001bb494e6800, 0x000001bb494e8800, 0x000001bb494ed000
}

Java Threads: ( => current thread )
  0x000001bb294c4000 JavaThread "main" [_thread_blocked, id=17688, stack(0x0000004bcda00000,0x0000004bcdb00000)]
  0x000001bb478d8000 JavaThread "Reference Handler" daemon [_thread_blocked, id=2408, stack(0x0000004bce100000,0x0000004bce200000)]
  0x000001bb478ec000 JavaThread "Finalizer" daemon [_thread_blocked, id=15000, stack(0x0000004bce200000,0x0000004bce300000)]
  0x000001bb478f8000 JavaThread "Signal Dispatcher" daemon [_thread_blocked, id=8236, stack(0x0000004bce300000,0x0000004bce400000)]
  0x000001bb478fa800 JavaThread "Attach Listener" daemon [_thread_blocked, id=16496, stack(0x0000004bce400000,0x0000004bce500000)]
=>0x000001bb478fe800 JavaThread "C1 CompilerThread0" daemon [_thread_in_vm, id=16816, stack(0x0000004bce500000,0x0000004bce600000)]
  0x000001bb4792b800 JavaThread "Sweeper thread" daemon [_thread_blocked, id=16428, stack(0x0000004bce600000,0x0000004bce700000)]
  0x000001bb483a3000 JavaThread "Common-Cleaner" daemon [_thread_blocked, id=15376, stack(0x0000004bce700000,0x0000004bce800000)]
  0x000001bb483a2000 JavaThread "Service Thread" daemon [_thread_blocked, id=9136, stack(0x0000004bce800000,0x0000004bce900000)]
  0x000001bb483a3800 JavaThread "RMI TCP Accept-0" daemon [_thread_in_native, id=8908, stack(0x0000004bceb00000,0x0000004bcec00000)]
  0x000001bb483a0800 JavaThread "RMI TCP Accept-59362" daemon [_thread_in_native, id=17888, stack(0x0000004bcec00000,0x0000004bced00000)]
  0x000001bb4839e000 JavaThread "RMI TCP Accept-0" daemon [_thread_in_native, id=1800, stack(0x0000004bced00000,0x0000004bcee00000)]
  0x000001bb483a4800 JavaThread "RMI TCP Connection(1)-127.0.0.1" daemon [_thread_in_native, id=10776, stack(0x0000004bcef00000,0x0000004bcf000000)]
  0x000001bb4839f000 JavaThread "RMI Scheduler(0)" daemon [_thread_blocked, id=14040, stack(0x0000004bcf000000,0x0000004bcf100000)]
  0x000001bb4839f800 JavaThread "RMI TCP Connection(2)-127.0.0.1" daemon [_thread_in_native, id=17204, stack(0x0000004bcf100000,0x0000004bcf200000)]
  0x000001bb483a1800 JavaThread "JMX server connection timeout 19" daemon [_thread_blocked, id=6552, stack(0x0000004bcf200000,0x0000004bcf300000)]
  0x000001bb494e4000 JavaThread "Thread-0" [_thread_blocked, id=17172, stack(0x0000004bcf300000,0x0000004bcf400000)]
  0x000001bb494e3000 JavaThread "restartedMain" [_thread_in_Java, id=17076, stack(0x0000004bcf400000,0x0000004bcf500000)]
  0x000001bb494e1800 JavaThread "RMI TCP Connection(3)-127.0.0.1" daemon [_thread_blocked, id=10208, stack(0x0000004bcf500000,0x0000004bcf600000)]
  0x000001bb494e4800 JavaThread "JMX server connection timeout 25" daemon [_thread_blocked, id=18060, stack(0x0000004bcf700000,0x0000004bcf800000)]
  0x000001bb494e2000 JavaThread "Catalina-utility-1" [_thread_blocked, id=5240, stack(0x0000004bcf800000,0x0000004bcf900000)]
  0x000001bb494df000 JavaThread "Catalina-utility-2" [_thread_blocked, id=1844, stack(0x0000004bcf900000,0x0000004bcfa00000)]
  0x000001bb494e5800 JavaThread "container-0" [_thread_blocked, id=16392, stack(0x0000004bcfa00000,0x0000004bcfb00000)]
  0x000001bb494df800 JavaThread "mysql-cj-abandoned-connection-cleanup" daemon [_thread_blocked, id=15040, stack(0x0000004bcfb00000,0x0000004bcfc00000)]
  0x000001bb494e6800 JavaThread "HikariPool-1 housekeeper" daemon [_thread_blocked, id=6436, stack(0x0000004bcfc00000,0x0000004bcfd00000)]
  0x000001bb494e8800 JavaThread "Live Reload Server" daemon [_thread_in_native, id=7320, stack(0x0000004bcff00000,0x0000004bd0000000)]
  0x000001bb494ed000 JavaThread "java-sdk-http-connection-reaper" daemon [_thread_blocked, id=12480, stack(0x0000004bcfe00000,0x0000004bcff00000)]

Other Threads:
  0x000001bb478d4000 VMThread "VM Thread" [stack: 0x0000004bce000000,0x0000004bce100000] [id=2292]
  0x000001bb49085800 WatcherThread [stack: 0x0000004bcee00000,0x0000004bcef00000] [id=18116]
  0x000001bb29501000 GCTaskThread "GC Thread#0" [stack: 0x0000004bcdb00000,0x0000004bcdc00000] [id=17308]
  0x000001bb48daa800 GCTaskThread "GC Thread#1" [stack: 0x0000004bce900000,0x0000004bcea00000] [id=14916]
  0x000001bb48dab000 GCTaskThread "GC Thread#2" [stack: 0x0000004bcea00000,0x0000004bceb00000] [id=9616]
  0x000001bb49601000 GCTaskThread "GC Thread#3" [stack: 0x0000004bcf600000,0x0000004bcf700000] [id=12952]
  0x000001bb2950e800 ConcurrentGCThread "G1 Main Marker" [stack: 0x0000004bcdc00000,0x0000004bcdd00000] [id=7080]
  0x000001bb29513000 ConcurrentGCThread "G1 Conc#0" [stack: 0x0000004bcdd00000,0x0000004bcde00000] [id=15180]
  0x000001bb2957d800 ConcurrentGCThread "G1 Refine#0" [stack: 0x0000004bcde00000,0x0000004bcdf00000] [id=12256]
  0x000001bb2957e800 ConcurrentGCThread "G1 Young RemSet Sampling" [stack: 0x0000004bcdf00000,0x0000004bce000000] [id=5476]

Threads with active compile tasks:
C1 CompilerThread0  7215   !   1       jdk.internal.reflect.GeneratedConstructorAccessor1::newInstance (53 bytes)

VM state:not at safepoint (normal execution)

VM Mutex/Monitor currently owned by a thread:  ([mutex/lock_event])
[0x000001bb294bbbe0] SystemDictionary_lock - owner thread: 0x000001bb478fe800

Heap address: 0x0000000081a00000, size: 2022 MB, Compressed Oops mode: 32-bit
Narrow klass base: 0x0000000800000000, Narrow klass shift: 3
Compressed class space size: 1073741824 Address: 0x0000000801190000

Heap:
 garbage-first heap   total 159744K, used 88098K [0x0000000081a00000, 0x0000000100000000)
  region size 1024K, 49 young (50176K), 8 survivors (8192K)
 Metaspace       used 62052K, capacity 63710K, committed 63896K, reserved 1103872K
  class space    used 8436K, capacity 9055K, committed 9112K, reserved 1048576K
Heap Regions: E=young(eden), S=young(survivor), O=old, HS=humongous(starts), HC=humongous(continues), CS=collection set, F=free, A=archive, TAMS=top-at-mark-start (previous, next)
|   0|0x0000000081a00000, 0x0000000081b00000, 0x0000000081b00000|100%|HS|  |TAMS 0x0000000081b00000, 0x0000000081a00000| Complete 
|   1|0x0000000081b00000, 0x0000000081c00000, 0x0000000081c00000|100%| O|  |TAMS 0x0000000081c00000, 0x0000000081b00000| Untracked 
|   2|0x0000000081c00000, 0x0000000081d00000, 0x0000000081d00000|100%| O|  |TAMS 0x0000000081d00000, 0x0000000081c00000| Untracked 
|   3|0x0000000081d00000, 0x0000000081e00000, 0x0000000081e00000|100%| O|  |TAMS 0x0000000081e00000, 0x0000000081d00000| Untracked 
|   4|0x0000000081e00000, 0x0000000081f00000, 0x0000000081f00000|100%| O|  |TAMS 0x0000000081f00000, 0x0000000081e00000| Untracked 
|   5|0x0000000081f00000, 0x0000000082000000, 0x0000000082000000|100%| O|  |TAMS 0x0000000082000000, 0x0000000081f00000| Untracked 
|   6|0x0000000082000000, 0x0000000082100000, 0x0000000082100000|100%| O|  |TAMS 0x0000000082100000, 0x0000000082000000| Untracked 
|   7|0x0000000082100000, 0x0000000082200000, 0x0000000082200000|100%| O|  |TAMS 0x0000000082200000, 0x0000000082100000| Untracked 
|   8|0x0000000082200000, 0x0000000082300000, 0x0000000082300000|100%| O|  |TAMS 0x0000000082300000, 0x0000000082200000| Untracked 
|   9|0x0000000082300000, 0x0000000082400000, 0x0000000082400000|100%| O|  |TAMS 0x0000000082400000, 0x0000000082300000| Untracked 
|  10|0x0000000082400000, 0x0000000082500000, 0x0000000082500000|100%| O|  |TAMS 0x0000000082500000, 0x0000000082400000| Untracked 
|  11|0x0000000082500000, 0x0000000082600000, 0x0000000082600000|100%| O|  |TAMS 0x0000000082600000, 0x0000000082500000| Untracked 
|  12|0x0000000082600000, 0x0000000082700000, 0x0000000082700000|100%| O|  |TAMS 0x0000000082700000, 0x0000000082600000| Untracked 
|  13|0x0000000082700000, 0x0000000082800000, 0x0000000082800000|100%| O|  |TAMS 0x0000000082800000, 0x0000000082700000| Untracked 
|  14|0x0000000082800000, 0x0000000082900000, 0x0000000082900000|100%| O|  |TAMS 0x0000000082900000, 0x0000000082800000| Untracked 
|  15|0x0000000082900000, 0x0000000082a00000, 0x0000000082a00000|100%| O|  |TAMS 0x0000000082a00000, 0x0000000082900000| Untracked 
|  16|0x0000000082a00000, 0x0000000082aa6600, 0x0000000082b00000| 64%| O|  |TAMS 0x0000000082aa6600, 0x0000000082a00000| Untracked 
|  17|0x0000000082b00000, 0x0000000082c00000, 0x0000000082c00000|100%| O|  |TAMS 0x0000000082c00000, 0x0000000082b00000| Untracked 
|  18|0x0000000082c00000, 0x0000000082d00000, 0x0000000082d00000|100%| O|  |TAMS 0x0000000082d00000, 0x0000000082c00000| Untracked 
|  19|0x0000000082d00000, 0x0000000082e00000, 0x0000000082e00000|100%| O|  |TAMS 0x0000000082e00000, 0x0000000082d00000| Untracked 
|  20|0x0000000082e00000, 0x0000000082f00000, 0x0000000082f00000|100%| O|  |TAMS 0x0000000082f00000, 0x0000000082e00000| Untracked 
|  21|0x0000000082f00000, 0x0000000083000000, 0x0000000083000000|100%| O|  |TAMS 0x0000000083000000, 0x0000000082f00000| Untracked 
|  22|0x0000000083000000, 0x0000000083100000, 0x0000000083100000|100%| O|  |TAMS 0x0000000083100000, 0x0000000083000000| Untracked 
|  23|0x0000000083100000, 0x0000000083200000, 0x0000000083200000|100%| O|  |TAMS 0x0000000083200000, 0x0000000083100000| Untracked 
|  24|0x0000000083200000, 0x0000000083300000, 0x0000000083300000|100%| O|  |TAMS 0x0000000083300000, 0x0000000083200000| Untracked 
|  25|0x0000000083300000, 0x0000000083400000, 0x0000000083400000|100%| O|  |TAMS 0x0000000083400000, 0x0000000083300000| Untracked 
|  26|0x0000000083400000, 0x0000000083500000, 0x0000000083500000|100%| O|  |TAMS 0x0000000083500000, 0x0000000083400000| Untracked 
|  27|0x0000000083500000, 0x0000000083600000, 0x0000000083600000|100%| O|  |TAMS 0x0000000083600000, 0x0000000083500000| Untracked 
|  28|0x0000000083600000, 0x0000000083700000, 0x0000000083700000|100%| O|  |TAMS 0x0000000083700000, 0x0000000083600000| Untracked 
|  29|0x0000000083700000, 0x0000000083800000, 0x0000000083800000|100%| O|  |TAMS 0x0000000083800000, 0x0000000083700000| Untracked 
|  30|0x0000000083800000, 0x00000000838cd200, 0x0000000083900000| 80%| O|  |TAMS 0x00000000838cd200, 0x0000000083800000| Untracked 
|  31|0x0000000083900000, 0x0000000083a00000, 0x0000000083a00000|100%| O|  |TAMS 0x0000000083900000, 0x0000000083900000| Untracked 
|  32|0x0000000083a00000, 0x0000000083b00000, 0x0000000083b00000|100%| O|  |TAMS 0x0000000083a00000, 0x0000000083a00000| Untracked 
|  33|0x0000000083b00000, 0x0000000083c00000, 0x0000000083c00000|100%| O|  |TAMS 0x0000000083b00000, 0x0000000083b00000| Untracked 
|  34|0x0000000083c00000, 0x0000000083d00000, 0x0000000083d00000|100%| O|  |TAMS 0x0000000083c00000, 0x0000000083c00000| Untracked 
|  35|0x0000000083d00000, 0x0000000083e00000, 0x0000000083e00000|100%| O|  |TAMS 0x0000000083d00000, 0x0000000083d00000| Untracked 
|  36|0x0000000083e00000, 0x0000000083f00000, 0x0000000083f00000|100%| O|  |TAMS 0x0000000083e00000, 0x0000000083e00000| Untracked 
|  37|0x0000000083f00000, 0x0000000084000000, 0x0000000084000000|100%| O|  |TAMS 0x0000000083f00000, 0x0000000083f00000| Untracked 
|  38|0x0000000084000000, 0x0000000084095000, 0x0000000084100000| 58%| O|  |TAMS 0x0000000084000000, 0x0000000084000000| Untracked 
|  39|0x0000000084100000, 0x0000000084100000, 0x0000000084200000|  0%| F|  |TAMS 0x0000000084100000, 0x0000000084100000| Untracked 
|  40|0x0000000084200000, 0x0000000084200000, 0x0000000084300000|  0%| F|  |TAMS 0x0000000084200000, 0x0000000084200000| Untracked 
|  41|0x0000000084300000, 0x0000000084300000, 0x0000000084400000|  0%| F|  |TAMS 0x0000000084300000, 0x0000000084300000| Untracked 
|  42|0x0000000084400000, 0x0000000084400000, 0x0000000084500000|  0%| F|  |TAMS 0x0000000084400000, 0x0000000084400000| Untracked 
|  43|0x0000000084500000, 0x0000000084500000, 0x0000000084600000|  0%| F|  |TAMS 0x0000000084500000, 0x0000000084500000| Untracked 
|  44|0x0000000084600000, 0x0000000084600000, 0x0000000084700000|  0%| F|  |TAMS 0x0000000084600000, 0x0000000084600000| Untracked 
|  45|0x0000000084700000, 0x0000000084700000, 0x0000000084800000|  0%| F|  |TAMS 0x0000000084700000, 0x0000000084700000| Untracked 
|  46|0x0000000084800000, 0x0000000084800000, 0x0000000084900000|  0%| F|  |TAMS 0x0000000084800000, 0x0000000084800000| Untracked 
|  47|0x0000000084900000, 0x0000000084900000, 0x0000000084a00000|  0%| F|  |TAMS 0x0000000084900000, 0x0000000084900000| Untracked 
|  48|0x0000000084a00000, 0x0000000084a00000, 0x0000000084b00000|  0%| F|  |TAMS 0x0000000084a00000, 0x0000000084a00000| Untracked 
|  49|0x0000000084b00000, 0x0000000084b00000, 0x0000000084c00000|  0%| F|  |TAMS 0x0000000084b00000, 0x0000000084b00000| Untracked 
|  50|0x0000000084c00000, 0x0000000084c00000, 0x0000000084d00000|  0%| F|  |TAMS 0x0000000084c00000, 0x0000000084c00000| Untracked 
|  51|0x0000000084d00000, 0x0000000084d00000, 0x0000000084e00000|  0%| F|  |TAMS 0x0000000084d00000, 0x0000000084d00000| Untracked 
|  52|0x0000000084e00000, 0x0000000084e00000, 0x0000000084f00000|  0%| F|  |TAMS 0x0000000084e00000, 0x0000000084e00000| Untracked 
|  53|0x0000000084f00000, 0x0000000084f00000, 0x0000000085000000|  0%| F|  |TAMS 0x0000000084f00000, 0x0000000084f00000| Untracked 
|  54|0x0000000085000000, 0x0000000085000000, 0x0000000085100000|  0%| F|  |TAMS 0x0000000085000000, 0x0000000085000000| Untracked 
|  55|0x0000000085100000, 0x0000000085200000, 0x0000000085200000|100%| S|CS|TAMS 0x0000000085100000, 0x0000000085100000| Complete 
|  56|0x0000000085200000, 0x0000000085300000, 0x0000000085300000|100%| S|CS|TAMS 0x0000000085200000, 0x0000000085200000| Complete 
|  57|0x0000000085300000, 0x0000000085400000, 0x0000000085400000|100%| S|CS|TAMS 0x0000000085300000, 0x0000000085300000| Complete 
|  58|0x0000000085400000, 0x0000000085500000, 0x0000000085500000|100%| S|CS|TAMS 0x0000000085400000, 0x0000000085400000| Complete 
|  59|0x0000000085500000, 0x0000000085500000, 0x0000000085600000|  0%| F|  |TAMS 0x0000000085500000, 0x0000000085500000| Untracked 
|  60|0x0000000085600000, 0x0000000085600000, 0x0000000085700000|  0%| F|  |TAMS 0x0000000085600000, 0x0000000085600000| Untracked 
|  61|0x0000000085700000, 0x0000000085800000, 0x0000000085800000|100%| S|CS|TAMS 0x0000000085700000, 0x0000000085700000| Complete 
|  62|0x0000000085800000, 0x0000000085900000, 0x0000000085900000|100%| S|CS|TAMS 0x0000000085800000, 0x0000000085800000| Complete 
|  63|0x0000000085900000, 0x0000000085a00000, 0x0000000085a00000|100%| S|CS|TAMS 0x0000000085900000, 0x0000000085900000| Complete 
|  64|0x0000000085a00000, 0x0000000085b00000, 0x0000000085b00000|100%| S|CS|TAMS 0x0000000085a00000, 0x0000000085a00000| Complete 
|  65|0x0000000085b00000, 0x0000000085b00000, 0x0000000085c00000|  0%| F|  |TAMS 0x0000000085b00000, 0x0000000085b00000| Untracked 
|  66|0x0000000085c00000, 0x0000000085c00000, 0x0000000085d00000|  0%| F|  |TAMS 0x0000000085c00000, 0x0000000085c00000| Untracked 
|  67|0x0000000085d00000, 0x0000000085d00000, 0x0000000085e00000|  0%| F|  |TAMS 0x0000000085d00000, 0x0000000085d00000| Untracked 
|  68|0x0000000085e00000, 0x0000000085e00000, 0x0000000085f00000|  0%| F|  |TAMS 0x0000000085e00000, 0x0000000085e00000| Untracked 
|  69|0x0000000085f00000, 0x0000000085f00000, 0x0000000086000000|  0%| F|  |TAMS 0x0000000085f00000, 0x0000000085f00000| Untracked 
|  70|0x0000000086000000, 0x0000000086000000, 0x0000000086100000|  0%| F|  |TAMS 0x0000000086000000, 0x0000000086000000| Untracked 
|  71|0x0000000086100000, 0x0000000086100000, 0x0000000086200000|  0%| F|  |TAMS 0x0000000086100000, 0x0000000086100000| Untracked 
|  72|0x0000000086200000, 0x0000000086200000, 0x0000000086300000|  0%| F|  |TAMS 0x0000000086200000, 0x0000000086200000| Untracked 
|  73|0x0000000086300000, 0x0000000086300000, 0x0000000086400000|  0%| F|  |TAMS 0x0000000086300000, 0x0000000086300000| Untracked 
|  74|0x0000000086400000, 0x0000000086400000, 0x0000000086500000|  0%| F|  |TAMS 0x0000000086400000, 0x0000000086400000| Untracked 
|  75|0x0000000086500000, 0x0000000086500000, 0x0000000086600000|  0%| F|  |TAMS 0x0000000086500000, 0x0000000086500000| Untracked 
|  76|0x0000000086600000, 0x0000000086600000, 0x0000000086700000|  0%| F|  |TAMS 0x0000000086600000, 0x0000000086600000| Untracked 
|  77|0x0000000086700000, 0x0000000086700000, 0x0000000086800000|  0%| F|  |TAMS 0x0000000086700000, 0x0000000086700000| Untracked 
|  78|0x0000000086800000, 0x0000000086800000, 0x0000000086900000|  0%| F|  |TAMS 0x0000000086800000, 0x0000000086800000| Untracked 
|  79|0x0000000086900000, 0x0000000086900000, 0x0000000086a00000|  0%| F|  |TAMS 0x0000000086900000, 0x0000000086900000| Untracked 
|  80|0x0000000086a00000, 0x0000000086a00000, 0x0000000086b00000|  0%| F|  |TAMS 0x0000000086a00000, 0x0000000086a00000| Untracked 
|  81|0x0000000086b00000, 0x0000000086b00000, 0x0000000086c00000|  0%| F|  |TAMS 0x0000000086b00000, 0x0000000086b00000| Untracked 
|  82|0x0000000086c00000, 0x0000000086c00000, 0x0000000086d00000|  0%| F|  |TAMS 0x0000000086c00000, 0x0000000086c00000| Untracked 
|  83|0x0000000086d00000, 0x0000000086d00000, 0x0000000086e00000|  0%| F|  |TAMS 0x0000000086d00000, 0x0000000086d00000| Untracked 
|  84|0x0000000086e00000, 0x0000000086e00000, 0x0000000086f00000|  0%| F|  |TAMS 0x0000000086e00000, 0x0000000086e00000| Untracked 
|  85|0x0000000086f00000, 0x0000000086f00000, 0x0000000087000000|  0%| F|  |TAMS 0x0000000086f00000, 0x0000000086f00000| Untracked 
|  86|0x0000000087000000, 0x0000000087000000, 0x0000000087100000|  0%| F|  |TAMS 0x0000000087000000, 0x0000000087000000| Untracked 
|  87|0x0000000087100000, 0x0000000087100000, 0x0000000087200000|  0%| F|  |TAMS 0x0000000087100000, 0x0000000087100000| Untracked 
|  88|0x0000000087200000, 0x0000000087200000, 0x0000000087300000|  0%| F|  |TAMS 0x0000000087200000, 0x0000000087200000| Untracked 
|  89|0x0000000087300000, 0x0000000087300000, 0x0000000087400000|  0%| F|  |TAMS 0x0000000087300000, 0x0000000087300000| Untracked 
|  90|0x0000000087400000, 0x0000000087400000, 0x0000000087500000|  0%| F|  |TAMS 0x0000000087400000, 0x0000000087400000| Untracked 
|  91|0x0000000087500000, 0x0000000087500000, 0x0000000087600000|  0%| F|  |TAMS 0x0000000087500000, 0x0000000087500000| Untracked 
|  92|0x0000000087600000, 0x0000000087600000, 0x0000000087700000|  0%| F|  |TAMS 0x0000000087600000, 0x0000000087600000| Untracked 
|  93|0x0000000087700000, 0x0000000087700000, 0x0000000087800000|  0%| F|  |TAMS 0x0000000087700000, 0x0000000087700000| Untracked 
|  94|0x0000000087800000, 0x0000000087800000, 0x0000000087900000|  0%| F|  |TAMS 0x0000000087800000, 0x0000000087800000| Untracked 
|  95|0x0000000087900000, 0x0000000087900000, 0x0000000087a00000|  0%| F|  |TAMS 0x0000000087900000, 0x0000000087900000| Untracked 
|  96|0x0000000087a00000, 0x0000000087a00000, 0x0000000087b00000|  0%| F|  |TAMS 0x0000000087a00000, 0x0000000087a00000| Untracked 
|  97|0x0000000087b00000, 0x0000000087b00000, 0x0000000087c00000|  0%| F|  |TAMS 0x0000000087b00000, 0x0000000087b00000| Untracked 
|  98|0x0000000087c00000, 0x0000000087c00000, 0x0000000087d00000|  0%| F|  |TAMS 0x0000000087c00000, 0x0000000087c00000| Untracked 
|  99|0x0000000087d00000, 0x0000000087d00000, 0x0000000087e00000|  0%| F|  |TAMS 0x0000000087d00000, 0x0000000087d00000| Untracked 
| 100|0x0000000087e00000, 0x0000000087e00000, 0x0000000087f00000|  0%| F|  |TAMS 0x0000000087e00000, 0x0000000087e00000| Untracked 
| 101|0x0000000087f00000, 0x0000000087f00000, 0x0000000088000000|  0%| F|  |TAMS 0x0000000087f00000, 0x0000000087f00000| Untracked 
| 102|0x0000000088000000, 0x0000000088000000, 0x0000000088100000|  0%| F|  |TAMS 0x0000000088000000, 0x0000000088000000| Untracked 
| 103|0x0000000088100000, 0x0000000088100000, 0x0000000088200000|  0%| F|  |TAMS 0x0000000088100000, 0x0000000088100000| Untracked 
| 104|0x0000000088200000, 0x0000000088200000, 0x0000000088300000|  0%| F|  |TAMS 0x0000000088200000, 0x0000000088200000| Untracked 
| 105|0x0000000088300000, 0x0000000088300000, 0x0000000088400000|  0%| F|  |TAMS 0x0000000088300000, 0x0000000088300000| Untracked 
| 106|0x0000000088400000, 0x0000000088400000, 0x0000000088500000|  0%| F|  |TAMS 0x0000000088400000, 0x0000000088400000| Untracked 
| 107|0x0000000088500000, 0x0000000088500000, 0x0000000088600000|  0%| F|  |TAMS 0x0000000088500000, 0x0000000088500000| Untracked 
| 108|0x0000000088600000, 0x0000000088600000, 0x0000000088700000|  0%| F|  |TAMS 0x0000000088600000, 0x0000000088600000| Untracked 
| 109|0x0000000088700000, 0x0000000088700000, 0x0000000088800000|  0%| F|  |TAMS 0x0000000088700000, 0x0000000088700000| Untracked 
| 110|0x0000000088800000, 0x0000000088800000, 0x0000000088900000|  0%| F|  |TAMS 0x0000000088800000, 0x0000000088800000| Untracked 
| 111|0x0000000088900000, 0x0000000088900000, 0x0000000088a00000|  0%| F|  |TAMS 0x0000000088900000, 0x0000000088900000| Untracked 
| 112|0x0000000088a00000, 0x0000000088a00000, 0x0000000088b00000|  0%| F|  |TAMS 0x0000000088a00000, 0x0000000088a00000| Untracked 
| 113|0x0000000088b00000, 0x0000000088b00000, 0x0000000088c00000|  0%| F|  |TAMS 0x0000000088b00000, 0x0000000088b00000| Untracked 
| 114|0x0000000088c00000, 0x0000000088c00000, 0x0000000088d00000|  0%| F|  |TAMS 0x0000000088c00000, 0x0000000088c00000| Untracked 
| 115|0x0000000088d00000, 0x0000000088d25f10, 0x0000000088e00000| 14%| E|  |TAMS 0x0000000088d00000, 0x0000000088d00000| Complete 
| 116|0x0000000088e00000, 0x0000000088f00000, 0x0000000088f00000|100%| E|CS|TAMS 0x0000000088e00000, 0x0000000088e00000| Complete 
| 117|0x0000000088f00000, 0x0000000089000000, 0x0000000089000000|100%| E|CS|TAMS 0x0000000088f00000, 0x0000000088f00000| Complete 
| 118|0x0000000089000000, 0x0000000089100000, 0x0000000089100000|100%| E|CS|TAMS 0x0000000089000000, 0x0000000089000000| Complete 
| 119|0x0000000089100000, 0x0000000089200000, 0x0000000089200000|100%| E|CS|TAMS 0x0000000089100000, 0x0000000089100000| Complete 
| 120|0x0000000089200000, 0x0000000089300000, 0x0000000089300000|100%| E|CS|TAMS 0x0000000089200000, 0x0000000089200000| Complete 
| 121|0x0000000089300000, 0x0000000089400000, 0x0000000089400000|100%| E|CS|TAMS 0x0000000089300000, 0x0000000089300000| Complete 
| 122|0x0000000089400000, 0x0000000089500000, 0x0000000089500000|100%| E|CS|TAMS 0x0000000089400000, 0x0000000089400000| Complete 
| 123|0x0000000089500000, 0x0000000089600000, 0x0000000089600000|100%| E|CS|TAMS 0x0000000089500000, 0x0000000089500000| Complete 
| 124|0x0000000089600000, 0x0000000089700000, 0x0000000089700000|100%| E|CS|TAMS 0x0000000089600000, 0x0000000089600000| Complete 
| 125|0x0000000089700000, 0x0000000089800000, 0x0000000089800000|100%| E|CS|TAMS 0x0000000089700000, 0x0000000089700000| Complete 
| 126|0x0000000089800000, 0x0000000089900000, 0x0000000089900000|100%| E|CS|TAMS 0x0000000089800000, 0x0000000089800000| Complete 
| 127|0x0000000089900000, 0x0000000089a00000, 0x0000000089a00000|100%| E|CS|TAMS 0x0000000089900000, 0x0000000089900000| Complete 
| 128|0x0000000089a00000, 0x0000000089b00000, 0x0000000089b00000|100%| E|CS|TAMS 0x0000000089a00000, 0x0000000089a00000| Complete 
| 129|0x0000000089b00000, 0x0000000089c00000, 0x0000000089c00000|100%| E|CS|TAMS 0x0000000089b00000, 0x0000000089b00000| Complete 
| 130|0x0000000089c00000, 0x0000000089d00000, 0x0000000089d00000|100%| E|CS|TAMS 0x0000000089c00000, 0x0000000089c00000| Complete 
| 131|0x0000000089d00000, 0x0000000089e00000, 0x0000000089e00000|100%| E|CS|TAMS 0x0000000089d00000, 0x0000000089d00000| Complete 
| 132|0x0000000089e00000, 0x0000000089f00000, 0x0000000089f00000|100%| E|CS|TAMS 0x0000000089e00000, 0x0000000089e00000| Complete 
| 133|0x0000000089f00000, 0x000000008a000000, 0x000000008a000000|100%| E|CS|TAMS 0x0000000089f00000, 0x0000000089f00000| Complete 
| 134|0x000000008a000000, 0x000000008a100000, 0x000000008a100000|100%| E|CS|TAMS 0x000000008a000000, 0x000000008a000000| Complete 
| 135|0x000000008a100000, 0x000000008a200000, 0x000000008a200000|100%| E|CS|TAMS 0x000000008a100000, 0x000000008a100000| Complete 
| 136|0x000000008a200000, 0x000000008a300000, 0x000000008a300000|100%| E|CS|TAMS 0x000000008a200000, 0x000000008a200000| Complete 
| 137|0x000000008a300000, 0x000000008a400000, 0x000000008a400000|100%| E|CS|TAMS 0x000000008a300000, 0x000000008a300000| Complete 
| 138|0x000000008a400000, 0x000000008a500000, 0x000000008a500000|100%| E|CS|TAMS 0x000000008a400000, 0x000000008a400000| Complete 
| 139|0x000000008a500000, 0x000000008a600000, 0x000000008a600000|100%| E|CS|TAMS 0x000000008a500000, 0x000000008a500000| Complete 
| 140|0x000000008a600000, 0x000000008a700000, 0x000000008a700000|100%| E|CS|TAMS 0x000000008a600000, 0x000000008a600000| Complete 
| 141|0x000000008a700000, 0x000000008a800000, 0x000000008a800000|100%| E|CS|TAMS 0x000000008a700000, 0x000000008a700000| Complete 
| 142|0x000000008a800000, 0x000000008a900000, 0x000000008a900000|100%| E|CS|TAMS 0x000000008a800000, 0x000000008a800000| Complete 
| 143|0x000000008a900000, 0x000000008aa00000, 0x000000008aa00000|100%| E|CS|TAMS 0x000000008a900000, 0x000000008a900000| Complete 
| 144|0x000000008aa00000, 0x000000008ab00000, 0x000000008ab00000|100%| E|CS|TAMS 0x000000008aa00000, 0x000000008aa00000| Complete 
| 145|0x000000008ab00000, 0x000000008ac00000, 0x000000008ac00000|100%| E|CS|TAMS 0x000000008ab00000, 0x000000008ab00000| Complete 
| 146|0x000000008ac00000, 0x000000008ad00000, 0x000000008ad00000|100%| E|CS|TAMS 0x000000008ac00000, 0x000000008ac00000| Complete 
| 147|0x000000008ad00000, 0x000000008ae00000, 0x000000008ae00000|100%| E|CS|TAMS 0x000000008ad00000, 0x000000008ad00000| Complete 
| 148|0x000000008ae00000, 0x000000008af00000, 0x000000008af00000|100%| E|CS|TAMS 0x000000008ae00000, 0x000000008ae00000| Complete 
| 149|0x000000008af00000, 0x000000008b000000, 0x000000008b000000|100%| E|CS|TAMS 0x000000008af00000, 0x000000008af00000| Complete 
| 150|0x000000008b000000, 0x000000008b100000, 0x000000008b100000|100%| E|CS|TAMS 0x000000008b000000, 0x000000008b000000| Complete 
| 151|0x000000008b100000, 0x000000008b200000, 0x000000008b200000|100%| E|CS|TAMS 0x000000008b100000, 0x000000008b100000| Complete 
| 152|0x000000008b200000, 0x000000008b300000, 0x000000008b300000|100%| E|CS|TAMS 0x000000008b200000, 0x000000008b200000| Complete 
| 153|0x000000008b300000, 0x000000008b400000, 0x000000008b400000|100%| E|CS|TAMS 0x000000008b300000, 0x000000008b300000| Complete 
| 154|0x000000008b400000, 0x000000008b500000, 0x000000008b500000|100%| E|CS|TAMS 0x000000008b400000, 0x000000008b400000| Complete 
| 155|0x000000008b500000, 0x000000008b600000, 0x000000008b600000|100%| E|CS|TAMS 0x000000008b500000, 0x000000008b500000| Complete 

Card table byte_map: [0x000001bb40cb0000,0x000001bb410b0000] _byte_map_base: 0x000001bb408a3000

Marking Bits (Prev, Next): (CMBitMap*) 0x000001bb29501d58, (CMBitMap*) 0x000001bb29501d18
 Prev Bits: [0x000001bb43450000, 0x000001bb453e8000)
 Next Bits: [0x000001bb414b0000, 0x000001bb43448000)

Polling page: 0x000001bb273e0000

Metaspace:

Usage:
  Non-class:     53.37 MB capacity,    52.36 MB ( 98%) used,   849.01 KB (  2%) free+waste,   190.38 KB ( <1%) overhead. 
      Class:      8.84 MB capacity,     8.24 MB ( 93%) used,   526.84 KB (  6%) free+waste,    91.44 KB (  1%) overhead. 
       Both:     62.22 MB capacity,    60.60 MB ( 97%) used,     1.34 MB (  2%) free+waste,   281.81 KB ( <1%) overhead. 

Virtual space:
  Non-class space:       54.00 MB reserved,      53.50 MB (>99%) committed 
      Class space:        1.00 GB reserved,       8.90 MB ( <1%) committed 
             Both:        1.05 GB reserved,      62.40 MB (  6%) committed 

Chunk freelists:
   Non-Class:  128 bytes
       Class:  128 bytes
        Both:  256 bytes

CodeHeap 'non-profiled nmethods': size=238912Kb used=12629Kb max_used=12629Kb free=226283Kb
 bounds [0x000001bb31f60000, 0x000001bb32bc0000, 0x000001bb408b0000]
CodeHeap 'non-nmethods': size=6848Kb used=1271Kb max_used=1271Kb free=5576Kb
 bounds [0x000001bb318b0000, 0x000001bb31b20000, 0x000001bb31f60000]
 total_blobs=7863 nmethods=7182 adapters=558
 compilation: enabled
              stopped_count=0, restarted_count=0
 full_count=0

Compilation events (10 events):
Event: 13.073 Thread 0x000001bb478fe800 nmethod 7210 0x000001bb32bb2310 code [0x000001bb32bb24c0, 0x000001bb32bb25f8]
Event: 13.073 Thread 0x000001bb478fe800 7211       1       com.sun.jmx.mbeanserver.JmxMBeanServer::isInstanceOf (16 bytes)
Event: 13.073 Thread 0x000001bb478fe800 nmethod 7211 0x000001bb32bb2690 code [0x000001bb32bb28a0, 0x000001bb32bb2c30]
Event: 13.073 Thread 0x000001bb478fe800 7212   !   1       com.sun.jmx.interceptor.DefaultMBeanServerInterceptor::isInstanceOf (142 bytes)
Event: 13.076 Thread 0x000001bb478fe800 nmethod 7212 0x000001bb32bb2e10 code [0x000001bb32bb3120, 0x000001bb32bb3c50]
Event: 13.076 Thread 0x000001bb478fe800 7213       1       com.sun.jmx.interceptor.DefaultMBeanServerInterceptor::getClassName (27 bytes)
Event: 13.077 Thread 0x000001bb478fe800 nmethod 7213 0x000001bb32bb4790 code [0x000001bb32bb4980, 0x000001bb32bb4c20]
Event: 13.093 Thread 0x000001bb478fe800 7214       1       java.lang.management.ManagementPermission::<init> (38 bytes)
Event: 13.093 Thread 0x000001bb478fe800 nmethod 7214 0x000001bb32bb4d90 code [0x000001bb32bb4f80, 0x000001bb32bb5290]
Event: 13.093 Thread 0x000001bb478fe800 7215   !   1       jdk.internal.reflect.GeneratedConstructorAccessor1::newInstance (53 bytes)

GC Heap History (10 events):
Event: 7.316 GC heap before
{Heap before GC invocations=13 (full 0):
 garbage-first heap   total 121856K, used 34725K [0x0000000081a00000, 0x0000000100000000)
  region size 1024K, 8 young (8192K), 7 survivors (7168K)
 Metaspace       used 34586K, capacity 35777K, committed 35840K, reserved 1081344K
  class space    used 4548K, capacity 4977K, committed 4992K, reserved 1048576K
}
Event: 7.329 GC heap after
{Heap after GC invocations=14 (full 0):
 garbage-first heap   total 146432K, used 34503K [0x0000000081a00000, 0x0000000100000000)
  region size 1024K, 4 young (4096K), 4 survivors (4096K)
 Metaspace       used 34586K, capacity 35777K, committed 35840K, reserved 1081344K
  class space    used 4548K, capacity 4977K, committed 4992K, reserved 1048576K
}
Event: 8.724 GC heap before
{Heap before GC invocations=15 (full 0):
 garbage-first heap   total 133120K, used 110279K [0x0000000081a00000, 0x0000000100000000)
  region size 1024K, 78 young (79872K), 4 survivors (4096K)
 Metaspace       used 43592K, capacity 44799K, committed 45080K, reserved 1087488K
  class space    used 5895K, capacity 6319K, committed 6424K, reserved 1048576K
}
Event: 8.742 GC heap after
{Heap after GC invocations=16 (full 0):
 garbage-first heap   total 133120K, used 36456K [0x0000000081a00000, 0x0000000100000000)
  region size 1024K, 6 young (6144K), 6 survivors (6144K)
 Metaspace       used 43592K, capacity 44799K, committed 45080K, reserved 1087488K
  class space    used 5895K, capacity 6319K, committed 6424K, reserved 1048576K
}
Event: 10.092 GC heap before
{Heap before GC invocations=17 (full 0):
 garbage-first heap   total 133120K, used 109160K [0x0000000081a00000, 0x0000000100000000)
  region size 1024K, 77 young (78848K), 6 survivors (6144K)
 Metaspace       used 48531K, capacity 49873K, committed 49944K, reserved 1091584K
  class space    used 6660K, capacity 7149K, committed 7192K, reserved 1048576K
}
Event: 10.116 GC heap after
{Heap after GC invocations=18 (full 0):
 garbage-first heap   total 133120K, used 39240K [0x0000000081a00000, 0x0000000100000000)
  region size 1024K, 8 young (8192K), 8 survivors (8192K)
 Metaspace       used 48531K, capacity 49873K, committed 49944K, reserved 1091584K
  class space    used 6660K, capacity 7149K, committed 7192K, reserved 1048576K
}
Event: 11.328 GC heap before
{Heap before GC invocations=18 (full 0):
 garbage-first heap   total 133120K, used 109896K [0x0000000081a00000, 0x0000000100000000)
  region size 1024K, 77 young (78848K), 8 survivors (8192K)
 Metaspace       used 54564K, capacity 56209K, committed 56472K, reserved 1097728K
  class space    used 7416K, capacity 7996K, committed 8088K, reserved 1048576K
}
Event: 11.348 GC heap after
{Heap after GC invocations=19 (full 0):
 garbage-first heap   total 133120K, used 42940K [0x0000000081a00000, 0x0000000100000000)
  region size 1024K, 9 young (9216K), 9 survivors (9216K)
 Metaspace       used 54564K, capacity 56209K, committed 56472K, reserved 1097728K
  class space    used 7416K, capacity 7996K, committed 8088K, reserved 1048576K
}
Event: 12.202 GC heap before
{Heap before GC invocations=19 (full 0):
 garbage-first heap   total 133120K, used 109500K [0x0000000081a00000, 0x0000000100000000)
  region size 1024K, 74 young (75776K), 9 survivors (9216K)
 Metaspace       used 59494K, capacity 61178K, committed 61464K, reserved 1101824K
  class space    used 8069K, capacity 8664K, committed 8728K, reserved 1048576K
}
Event: 12.224 GC heap after
{Heap after GC invocations=20 (full 0):
 garbage-first heap   total 159744K, used 47138K [0x0000000081a00000, 0x0000000100000000)
  region size 1024K, 8 young (8192K), 8 survivors (8192K)
 Metaspace       used 59494K, capacity 61178K, committed 61464K, reserved 1101824K
  class space    used 8069K, capacity 8664K, committed 8728K, reserved 1048576K
}

Deoptimization events (0 events):
No events

Classes redefined (0 events):
No events

Internal exceptions (10 events):
Event: 13.082 Thread 0x000001bb494e1800 Exception <a 'java/lang/ClassNotFoundException'{0x0000000088e003b8}: org/springframework/context/support/LiveBeansView> (0x0000000088e003b8) thrown at [t:/workspace/open/src/hotspot/share/classfile/systemDictionary.cpp, line 235]
Event: 13.085 Thread 0x000001bb494e1800 Exception <a 'java/lang/ClassNotFoundException'{0x0000000088e46d30}: org/springframework/boot/actuate/endpoint/jmx/EndpointMBean> (0x0000000088e46d30) thrown at [t:/workspace/open/src/hotspot/share/classfile/systemDictionary.cpp, line 235]
Event: 13.085 Thread 0x000001bb494e1800 Exception <a 'java/lang/ClassNotFoundException'{0x0000000088e470e8}: org/springframework/boot/actuate/endpoint/jmx/DataEndpointMBean> (0x0000000088e470e8) thrown at [t:/workspace/open/src/hotspot/share/classfile/systemDictionary.cpp, line 235]
Event: 13.085 Thread 0x000001bb494e1800 Exception <a 'java/lang/ClassNotFoundException'{0x0000000088e47498}: org/springframework/context/support/LiveBeansView> (0x0000000088e47498) thrown at [t:/workspace/open/src/hotspot/share/classfile/systemDictionary.cpp, line 235]
Event: 13.089 Thread 0x000001bb494e1800 Exception <a 'java/lang/ClassNotFoundException'{0x0000000088ed42f8}: org/springframework/boot/actuate/endpoint/jmx/EndpointMBean> (0x0000000088ed42f8) thrown at [t:/workspace/open/src/hotspot/share/classfile/systemDictionary.cpp, line 235]
Event: 13.089 Thread 0x000001bb494e1800 Exception <a 'java/lang/ClassNotFoundException'{0x0000000088ed46c0}: org/springframework/boot/actuate/endpoint/jmx/DataEndpointMBean> (0x0000000088ed46c0) thrown at [t:/workspace/open/src/hotspot/share/classfile/systemDictionary.cpp, line 235]
Event: 13.089 Thread 0x000001bb494e1800 Exception <a 'java/lang/ClassNotFoundException'{0x0000000088ed4a80}: org/springframework/context/support/LiveBeansView> (0x0000000088ed4a80) thrown at [t:/workspace/open/src/hotspot/share/classfile/systemDictionary.cpp, line 235]
Event: 13.089 Thread 0x000001bb494e1800 Exception <a 'java/lang/ClassNotFoundException'{0x0000000088ed4e30}: org/springframework/boot/actuate/endpoint/jmx/EndpointMBean> (0x0000000088ed4e30) thrown at [t:/workspace/open/src/hotspot/share/classfile/systemDictionary.cpp, line 235]
Event: 13.089 Thread 0x000001bb494e1800 Exception <a 'java/lang/ClassNotFoundException'{0x0000000088ed51e0}: org/springframework/boot/actuate/endpoint/jmx/DataEndpointMBean> (0x0000000088ed51e0) thrown at [t:/workspace/open/src/hotspot/share/classfile/systemDictionary.cpp, line 235]
Event: 13.089 Thread 0x000001bb494e1800 Exception <a 'java/lang/ClassNotFoundException'{0x0000000088ed5588}: org/springframework/context/support/LiveBeansView> (0x0000000088ed5588) thrown at [t:/workspace/open/src/hotspot/share/classfile/systemDictionary.cpp, line 235]

Events (10 events):
Event: 13.089 loading class org/springframework/boot/actuate/endpoint/jmx/DataEndpointMBean
Event: 13.089 loading class org/springframework/boot/actuate/endpoint/jmx/DataEndpointMBean done
Event: 13.089 loading class org/springframework/context/support/LiveBeansView
Event: 13.089 loading class org/springframework/context/support/LiveBeansView done
Event: 13.089 loading class org/springframework/boot/actuate/endpoint/jmx/EndpointMBean
Event: 13.089 loading class org/springframework/boot/actuate/endpoint/jmx/EndpointMBean done
Event: 13.089 loading class org/springframework/boot/actuate/endpoint/jmx/DataEndpointMBean
Event: 13.089 loading class org/springframework/boot/actuate/endpoint/jmx/DataEndpointMBean done
Event: 13.089 loading class org/springframework/context/support/LiveBeansView
Event: 13.089 loading class org/springframework/context/support/LiveBeansView done


Dynamic libraries:
0x00007ff66d100000 - 0x00007ff66d10f000 	C:\Program Files\Java\jdk-12.0.2\bin\javaw.exe
0x00007ffc0cec0000 - 0x00007ffc0d0b0000 	C:\WINDOWS\SYSTEM32\ntdll.dll
0x00007ffc0b8b0000 - 0x00007ffc0b962000 	C:\WINDOWS\System32\KERNEL32.DLL
0x00007ffc0a730000 - 0x00007ffc0a9d3000 	C:\WINDOWS\System32\KERNELBASE.dll
0x00007ffc09e50000 - 0x00007ffc09f4a000 	C:\WINDOWS\System32\ucrtbase.dll
0x00007ffc03e60000 - 0x00007ffc03e78000 	C:\Program Files\Java\jdk-12.0.2\bin\jli.dll
0x00007ffc0c170000 - 0x00007ffc0c213000 	C:\WINDOWS\System32\ADVAPI32.dll
0x00007ffc0b620000 - 0x00007ffc0b6be000 	C:\WINDOWS\System32\msvcrt.dll
0x00007ffc03a60000 - 0x00007ffc03a76000 	C:\Program Files\Java\jdk-12.0.2\bin\VCRUNTIME140.dll
0x00007ffc0af70000 - 0x00007ffc0b007000 	C:\WINDOWS\System32\sechost.dll
0x00007ffc0b790000 - 0x00007ffc0b8b0000 	C:\WINDOWS\System32\RPCRT4.dll
0x00007ffc0ba90000 - 0x00007ffc0bc24000 	C:\WINDOWS\System32\USER32.dll
0x00007ffc0ac00000 - 0x00007ffc0ac21000 	C:\WINDOWS\System32\win32u.dll
0x00007ffbfbbc0000 - 0x00007ffbfbe45000 	C:\WINDOWS\WinSxS\amd64_microsoft.windows.common-controls_6595b64144ccf1df_6.0.18362.418_none_e6c6b287130d565d\COMCTL32.dll
0x00007ffc0c990000 - 0x00007ffc0c9b6000 	C:\WINDOWS\System32\GDI32.dll
0x00007ffc0add0000 - 0x00007ffc0af64000 	C:\WINDOWS\System32\gdi32full.dll
0x00007ffc0c9c0000 - 0x00007ffc0ccf6000 	C:\WINDOWS\System32\combase.dll
0x00007ffc0ad30000 - 0x00007ffc0adce000 	C:\WINDOWS\System32\msvcp_win.dll
0x00007ffc0ab80000 - 0x00007ffc0ac00000 	C:\WINDOWS\System32\bcryptPrimitives.dll
0x00007ffc05850000 - 0x00007ffc0585a000 	C:\WINDOWS\SYSTEM32\VERSION.dll
0x00007ffc0b330000 - 0x00007ffc0b35e000 	C:\WINDOWS\System32\IMM32.DLL
0x00007ffbdc960000 - 0x00007ffbdca0a000 	C:\Program Files\Java\jdk-12.0.2\bin\msvcp140.dll
0x00007ffbb4ff0000 - 0x00007ffbb5b67000 	C:\Program Files\Java\jdk-12.0.2\bin\server\jvm.dll
0x00007ffc0b5a0000 - 0x00007ffc0b5a8000 	C:\WINDOWS\System32\PSAPI.DLL
0x00007ffc04c30000 - 0x00007ffc04c39000 	C:\WINDOWS\SYSTEM32\WSOCK32.dll
0x00007ffc06310000 - 0x00007ffc06334000 	C:\WINDOWS\SYSTEM32\WINMM.dll
0x00007ffc0b5b0000 - 0x00007ffc0b61f000 	C:\WINDOWS\System32\WS2_32.dll
0x00007ffc062a0000 - 0x00007ffc062cd000 	C:\WINDOWS\SYSTEM32\winmmbase.dll
0x00007ffc0ab30000 - 0x00007ffc0ab7a000 	C:\WINDOWS\System32\cfgmgr32.dll
0x00007ffc09df0000 - 0x00007ffc09e01000 	C:\WINDOWS\System32\kernel.appcore.dll
0x00007ffc03e40000 - 0x00007ffc03e51000 	C:\Program Files\Java\jdk-12.0.2\bin\verify.dll
0x00007ffbf9080000 - 0x00007ffbf9274000 	C:\WINDOWS\SYSTEM32\DBGHELP.DLL
0x00007ffbf8f60000 - 0x00007ffbf8f8a000 	C:\WINDOWS\SYSTEM32\dbgcore.DLL
0x00007ffc03e10000 - 0x00007ffc03e36000 	C:\Program Files\Java\jdk-12.0.2\bin\java.dll
0x00007ffc03df0000 - 0x00007ffc03e07000 	C:\Program Files\Java\jdk-12.0.2\bin\zip.dll
0x00007ffc05660000 - 0x00007ffc0566a000 	C:\Program Files\Java\jdk-12.0.2\bin\jimage.dll
0x00007ffc0c2a0000 - 0x00007ffc0c985000 	C:\WINDOWS\System32\SHELL32.dll
0x00007ffc0cdd0000 - 0x00007ffc0ce79000 	C:\WINDOWS\System32\shcore.dll
0x00007ffc09fb0000 - 0x00007ffc0a72f000 	C:\WINDOWS\System32\windows.storage.dll
0x00007ffc09e30000 - 0x00007ffc09e4f000 	C:\WINDOWS\System32\profapi.dll
0x00007ffc09da0000 - 0x00007ffc09dea000 	C:\WINDOWS\System32\powrprof.dll
0x00007ffc09d90000 - 0x00007ffc09da0000 	C:\WINDOWS\System32\UMPDC.dll
0x00007ffc0ba30000 - 0x00007ffc0ba82000 	C:\WINDOWS\System32\shlwapi.dll
0x00007ffc0ac30000 - 0x00007ffc0ac47000 	C:\WINDOWS\System32\cryptsp.dll
0x00007ffc033f0000 - 0x00007ffc03409000 	C:\Program Files\Java\jdk-12.0.2\bin\net.dll
0x00007ffbfca30000 - 0x00007ffbfcc06000 	C:\WINDOWS\SYSTEM32\urlmon.dll
0x00007ffbfb6e0000 - 0x00007ffbfb7d0000 	C:\WINDOWS\SYSTEM32\WINHTTP.dll
0x00007ffbfc780000 - 0x00007ffbfca26000 	C:\WINDOWS\SYSTEM32\iertutil.dll
0x00007ffc097d0000 - 0x00007ffc097dc000 	C:\WINDOWS\SYSTEM32\CRYPTBASE.DLL
0x00007ffc09600000 - 0x00007ffc09667000 	C:\WINDOWS\system32\mswsock.dll
0x00007ffc02d10000 - 0x00007ffc02d23000 	C:\Program Files\Java\jdk-12.0.2\bin\nio.dll
0x00007ffc03de0000 - 0x00007ffc03de9000 	C:\Program Files\Java\jdk-12.0.2\bin\management.dll
0x00007ffc03a50000 - 0x00007ffc03a5c000 	C:\Program Files\Java\jdk-12.0.2\bin\management_ext.dll
0x00007ffbf8080000 - 0x00007ffbf8096000 	C:\WINDOWS\system32\napinsp.dll
0x00007ffbf8010000 - 0x00007ffbf802a000 	C:\WINDOWS\system32\pnrpnsp.dll
0x00007ffc09360000 - 0x00007ffc0942a000 	C:\WINDOWS\SYSTEM32\DNSAPI.dll
0x00007ffc0b320000 - 0x00007ffc0b328000 	C:\WINDOWS\System32\NSI.dll
0x00007ffc09310000 - 0x00007ffc0934a000 	C:\WINDOWS\SYSTEM32\IPHLPAPI.DLL
0x00007ffbf7fe0000 - 0x00007ffbf7fee000 	C:\WINDOWS\System32\winrnr.dll
0x00007ffc07990000 - 0x00007ffc079ac000 	C:\WINDOWS\system32\NLAapi.dll
0x00007ffbf7e10000 - 0x00007ffbf7e25000 	C:\WINDOWS\system32\wshbth.dll
0x00007ffbfb6d0000 - 0x00007ffbfb6da000 	C:\Windows\System32\rasadhlp.dll
0x00007ffc01360000 - 0x00007ffc013d7000 	C:\WINDOWS\System32\fwpuclnt.dll
0x00007ffc0ac50000 - 0x00007ffc0ac76000 	C:\WINDOWS\System32\bcrypt.dll
0x00007ffc09170000 - 0x00007ffc091a3000 	C:\WINDOWS\system32\rsaenh.dll
0x00007ffc09cb0000 - 0x00007ffc09cd5000 	C:\WINDOWS\SYSTEM32\USERENV.dll
0x00007ffc02670000 - 0x00007ffc02686000 	C:\WINDOWS\SYSTEM32\dhcpcsvc6.DLL
0x00007ffc02f50000 - 0x00007ffc02f6c000 	C:\WINDOWS\SYSTEM32\dhcpcsvc.DLL
0x00007ffc03a00000 - 0x00007ffc03a0e000 	C:\Program Files\Java\jdk-12.0.2\bin\sunmscapi.dll
0x00007ffc0a9e0000 - 0x00007ffc0ab29000 	C:\WINDOWS\System32\CRYPT32.dll
0x00007ffc09e10000 - 0x00007ffc09e22000 	C:\WINDOWS\System32\MSASN1.dll
0x00007ffc098d0000 - 0x00007ffc098f6000 	C:\WINDOWS\SYSTEM32\ncrypt.dll
0x00007ffc09890000 - 0x00007ffc098cb000 	C:\WINDOWS\SYSTEM32\NTASN1.dll
0x00007ffc036e0000 - 0x00007ffc03707000 	C:\Program Files\Java\jdk-12.0.2\bin\sunec.dll

dbghelp: loaded successfully - version: 4.0.5 - missing functions: none
symbol engine: initialized successfully - sym options: 0x614 - pdb path: .;C:\Program Files\Java\jdk-12.0.2\bin;C:\WINDOWS\SYSTEM32;C:\WINDOWS\WinSxS\amd64_microsoft.windows.common-controls_6595b64144ccf1df_6.0.18362.418_none_e6c6b287130d565d;C:\Program Files\Java\jdk-12.0.2\bin\server

VM Arguments:
jvm_args: -Dcom.sun.management.jmxremote -Dcom.sun.management.jmxremote.port=59362 -Dcom.sun.management.jmxremote.authenticate=false -Dcom.sun.management.jmxremote.ssl=false -Djava.rmi.server.hostname=localhost -Dspring.jmx.enabled=true -Dspring.application.admin.enabled=true -Xverify:none -XX:TieredStopAtLevel=1 -Dfile.encoding=UTF-8 
java_command: com.example.workshop.CursomcApplication --spring.output.ansi.enabled=always
java_class_path (initial): C:\Workspaces\ws-sts\cursomc\target\classes;C:\Users\gabri\.m2\repository\org\springframework\boot\spring-boot-starter-web\2.1.9.RELEASE\spring-boot-starter-web-2.1.9.RELEASE.jar;C:\Users\gabri\.m2\repository\org\springframework\boot\spring-boot-starter\2.1.9.RELEASE\spring-boot-starter-2.1.9.RELEASE.jar;C:\Users\gabri\.m2\repository\org\springframework\boot\spring-boot-starter-logging\2.1.9.RELEASE\spring-boot-starter-logging-2.1.9.RELEASE.jar;C:\Users\gabri\.m2\repository\ch\qos\logback\logback-classic\1.2.3\logback-classic-1.2.3.jar;C:\Users\gabri\.m2\repository\ch\qos\logback\logback-core\1.2.3\logback-core-1.2.3.jar;C:\Users\gabri\.m2\repository\org\apache\logging\log4j\log4j-to-slf4j\2.11.2\log4j-to-slf4j-2.11.2.jar;C:\Users\gabri\.m2\repository\org\apache\logging\log4j\log4j-api\2.11.2\log4j-api-2.11.2.jar;C:\Users\gabri\.m2\repository\org\slf4j\jul-to-slf4j\1.7.28\jul-to-slf4j-1.7.28.jar;C:\Users\gabri\.m2\repository\javax\annotation\javax.annotation-api\1.3.2\javax.annotation-api-1.3.2.jar;C:\Users\gabri\.m2\repository\org\yaml\snakeyaml\1.23\snakeyaml-1.23.jar;C:\Users\gabri\.m2\repository\org\springframework\boot\spring-boot-starter-json\2.1.9.RELEASE\spring-boot-starter-json-2.1.9.RELEASE.jar;C:\Users\gabri\.m2\repository\com\fasterxml\jackson\datatype\jackson-datatype-jdk8\2.9.9\jackson-datatype-jdk8-2.9.9.jar;C:\Users\gabri\.m2\repository\com\fasterxml\jackson\datatype\jackson-datatype-jsr310\2.9.9\jackson-datatype-jsr310-2.9.9.jar;C:\Users\gabri\.m2\repository\com\fasterxml\jackson\module\jackson-module-parameter-names\2.9.9\jackson-module-parameter-names-2.9.9.jar;C:\Users\gabri\.m2\repository\org\springframework\boot\spring-boot-starter-tomcat\2.1.9.RELEASE\spring-boot-starter-tomcat-2.1.9.RELEASE.jar;C:\Users\gabri\.m2\repository\org\apache\tomcat\embed\tomcat-embed-core\9.0.26\tomcat-embed-core-9.0.26.jar;C:\Users\gabri\.m2\repository\org\apache\tomcat\embed\tomcat-embed-el\9.0.26\tomcat-embed-el-9.0.26.jar;C:\Users\ga
Launcher Type: SUN_STANDARD

[Global flags]
     bool BytecodeVerificationLocal                = false                                     {product} {command line}
     bool BytecodeVerificationRemote               = false                                     {product} {command line}
     intx CICompilerCount                          = 3                                         {product} {ergonomic}
     uint ConcGCThreads                            = 1                                         {product} {ergonomic}
     uint G1ConcRefinementThreads                  = 4                                         {product} {ergonomic}
   size_t G1HeapRegionSize                         = 1048576                                   {product} {ergonomic}
    uintx GCDrainStackTargetSize                   = 64                                        {product} {ergonomic}
   size_t InitialHeapSize                          = 134217728                                 {product} {ergonomic}
     bool ManagementServer                         = true                                      {product} {command line}
   size_t MarkStackSize                            = 4194304                                   {product} {ergonomic}
   size_t MaxHeapSize                              = 2120220672                                {product} {ergonomic}
   size_t MaxNewSize                               = 1271922688                                {product} {ergonomic}
   size_t MinHeapDeltaBytes                        = 1048576                                   {product} {ergonomic}
    uintx NonNMethodCodeHeapSize                   = 6973028                                {pd product} {ergonomic}
    uintx NonProfiledCodeHeapSize                  = 244685212                              {pd product} {ergonomic}
    uintx ProfiledCodeHeapSize                     = 0                                      {pd product} {ergonomic}
    uintx ReservedCodeCacheSize                    = 251658240                              {pd product} {ergonomic}
     bool SegmentedCodeCache                       = true                                      {product} {ergonomic}
     intx TieredStopAtLevel                        = 1                                         {product} {command line}
     bool UseCompressedClassPointers               = true                                 {lp64_product} {ergonomic}
     bool UseCompressedOops                        = true                                 {lp64_product} {ergonomic}
     bool UseG1GC                                  = true                                      {product} {ergonomic}
     bool UseLargePagesIndividualAllocation        = false                                  {pd product} {ergonomic}

Logging:
Log output configuration:
 #0: stdout all=warning uptime,level,tags
 #1: stderr all=off uptime,level,tags

Environment Variables:
JAVA_HOME=C:\Program Files\Java\jdk-12.0.2
PATH=C:/Program Files/Java/jdk-12.0.2/bin/server;C:/Program Files/Java/jdk-12.0.2/bin;C:\Windows\system32;C:\Windows;C:\Windows\System32\Wbem;C:\Windows\System32\WindowsPowerShell\v1.0\;C:\Windows\System32\OpenSSH\;C:\Program Files (x86)\NVIDIA Corporation\PhysX\Common;C:\Program Files\dotnet\;C:\Program Files\Microsoft SQL Server\130\Tools\Binn\;C:\Program Files\Microsoft SQL Server\Client SDK\ODBC\170\Tools\Binn\;C:\WINDOWS\system32;C:\WINDOWS;C:\WINDOWS\System32\Wbem;C:\WINDOWS\System32\WindowsPowerShell\v1.0\;C:\WINDOWS\System32\OpenSSH\;C:\Program Files (x86)\Intel\Intel(R) Management Engine Components\DAL;C:\Program Files\Intel\Intel(R) Management Engine Components\DAL;C:\xampp\php;C:\Program Files\MySQL\MySQL Server 8.0\bin;C:\Program Files\nodejs\;C:\Program Files\MongoDB\Server\4.2\bin;C:\Program Files\Git\cmd;C:\Program Files\MySQL\MySQL Shell 8.0\bin\;C:\Users\gabri\.dotnet\tools;C:\Users\gabri\AppData\Local\Programs\Microsoft VS Code\bin;C:\xampp\php;C:\Users\gabri\AppData\Roaming\npm;C:\Program Files\Java\jdk-12.0.2\bin;;C:\Program Files\JetBrains\IntelliJ IDEA 2019.2.2\bin;;C:\Program Files\heroku\bin;C:\sts-4.4.0.RELEASE;
USERNAME=gabri
OS=Windows_NT
PROCESSOR_IDENTIFIER=Intel64 Family 6 Model 78 Stepping 3, GenuineIntel



---------------  S Y S T E M  ---------------

OS: Windows 10 , 64 bit Build 18362 (10.0.18362.329)

CPU:total 4 (initial active 4) (2 cores per cpu, 2 threads per core) family 6 model 78 stepping 3, cmov, cx8, fxsr, mmx, sse, sse2, sse3, ssse3, sse4.1, sse4.2, popcnt, avx, avx2, aes, clmul, erms, 3dnowpref, lzcnt, ht, tsc, tscinvbit, bmi1, bmi2, adx, fma

Memory: 4k page, system-wide physical 8083M (1251M free)
TotalPageFile size 13203M (AvailPageFile size 2415M)
current process WorkingSet (physical memory assigned to process): 307M, peak: 307M
current process commit charge ("private bytes"): 349M, peak: 349M

vm_info: Java HotSpot(TM) 64-Bit Server VM (12.0.2+10) for windows-amd64 JRE (12.0.2+10), built on Jul 16 2019 01:56:17 by "mach5one" with MS VC++ 15.5 (VS2017)

END.
