#
# A fatal error has been detected by the Java Runtime Environment:
#
#  EXCEPTION_ACCESS_VIOLATION (0xc0000005) at pc=0x00007ffbb56552dd, pid=18004, tid=16212
#
# JRE version: Java(TM) SE Runtime Environment (12.0.2+10) (build 12.0.2+10)
# Java VM: Java HotSpot(TM) 64-Bit Server VM (12.0.2+10, mixed mode, sharing, tiered, compressed oops, g1 gc, windows-amd64)
# Problematic frame:
# V  [jvm.dll+0x6652dd]
#
# No core dump will be written. Minidumps are not enabled by default on client versions of Windows
#
# If you would like to submit a bug report, please visit:
#   http://bugreport.java.com/bugreport/crash.jsp
#

---------------  S U M M A R Y ------------

Command Line: -Dcom.sun.management.jmxremote -Dcom.sun.management.jmxremote.port=59377 -Dcom.sun.management.jmxremote.authenticate=false -Dcom.sun.management.jmxremote.ssl=false -Djava.rmi.server.hostname=localhost -Dspring.jmx.enabled=true -Dspring.application.admin.enabled=true -Xverify:none -XX:TieredStopAtLevel=1 -Dfile.encoding=UTF-8 com.example.workshop.CursomcApplication --spring.output.ansi.enabled=always

Host: Intel(R) Core(TM) i7-6500U CPU @ 2.50GHz, 4 cores, 7G,  Windows 10 , 64 bit Build 18362 (10.0.18362.329)
Time: Thu Oct 17 10:04:56 2019 E. South America Standard Time elapsed time: 215 seconds (0d 0h 3m 35s)

---------------  T H R E A D  ---------------

Current thread (0x0000018dc8491800):  JavaThread "DestroyJavaVM" [_thread_in_vm, id=16212, stack(0x0000008b30c00000,0x0000008b30d00000)]

Stack: [0x0000008b30c00000,0x0000008b30d00000],  sp=0x0000008b30cff6c0,  free space=1021k
Native frames: (J=compiled Java code, j=interpreted, Vv=VM code, C=native code)
V  [jvm.dll+0x6652dd]
V  [jvm.dll+0x66588a]
V  [jvm.dll+0x37ffb9]
V  [jvm.dll+0x74c387]
V  [jvm.dll+0x3ef148]
C  [jli.dll+0x5247]
C  [ucrtbase.dll+0x20e72]
C  [KERNEL32.DLL+0x17bd4]
C  [ntdll.dll+0x6ced1]


siginfo: EXCEPTION_ACCESS_VIOLATION (0xc0000005), reading address 0x0000000c00000013


Register to memory mapping:

RIP=0x00007ffbb56552dd jvm.dll
RAX=0x0000000000000001 is an unknown value
RBX=0x0000000c0000000b is an unknown value
RCX=0x0000018da2e90000 points into unknown readable memory: 00 00 00 00 00 00 00 00
RDX=0x0000018da2e90000 points into unknown readable memory: 00 00 00 00 00 00 00 00
RSP=0x0000008b30cff6c0 points into unknown readable memory: cc 00 00 00 00 00 00 00
RBP=0x0 is NULL
RSI=0x0000000000000001 is an unknown value
RDI=0x0000018dc4867a00 points into unknown readable memory: 0b 00 00 00 0c 00 00 00
R8 =0x0 is NULL
R9 =0x0000000000000001 is an unknown value
R10=0x0000000000008000 is an unknown value
R11=0x0000008b30cff620 points into unknown readable memory: d0 17 02 a3 8d 01 00 00
R12=0x0000018da30217e8 points into unknown readable memory: d0 02 b0 82 00 00 00 00
R13=0x0000018da2ea1490 points into unknown readable memory: 63 6f 6d 2e 65 78 61 6d
R14=0x0000018da30217d8 points into unknown readable memory: 10 07 b0 82 00 00 00 00
R15=0x0000018da30217d0 points into unknown readable memory: 10 07 b0 82 00 00 00 00


Registers:
RAX=0x0000000000000001, RBX=0x0000000c0000000b, RCX=0x0000018da2e90000, RDX=0x0000018da2e90000
RSP=0x0000008b30cff6c0, RBP=0x0000000000000000, RSI=0x0000000000000001, RDI=0x0000018dc4867a00
R8 =0x0000000000000000, R9 =0x0000000000000001, R10=0x0000000000008000, R11=0x0000008b30cff620
R12=0x0000018da30217e8, R13=0x0000018da2ea1490, R14=0x0000018da30217d8, R15=0x0000018da30217d0
RIP=0x00007ffbb56552dd, EFLAGS=0x0000000000010202

Top of Stack: (sp=0x0000008b30cff6c0)
0x0000008b30cff6c0:   00000000000000cc 00007ffb00000000
0x0000008b30cff6d0:   0000018d00000000 0000000000000000
0x0000008b30cff6e0:   0000018dc8491800 00007ffbb565588a
0x0000008b30cff6f0:   0000018da301daf0 0000008b30cff8a8
0x0000008b30cff700:   0000000000000001 0000018dc8491800
0x0000008b30cff710:   0000018dc845f5d0 00007ffbb536ffb9
0x0000008b30cff720:   0000000000000000 0000008b30cff8a8
0x0000008b30cff730:   0000000000000000 0000018d00000019
0x0000008b30cff740:   0000018dc8491800 00007ffbb573c387
0x0000008b30cff750:   0000018da301daf0 0000018dc8491800
0x0000008b30cff760:   0000000000000001 0000018dc8491800
0x0000008b30cff770:   0000018dc8491800 0000018da30217d8
0x0000008b30cff780:   000000000000000e 0000000000000000
0x0000008b30cff790:   0000018dc69a7c00 0000018da2eb3180
0x0000008b30cff7a0:   0000018dc8491800 0000018dc69a7c80
0x0000008b30cff7b0:   0000018da2eb3180 0000018da2eb3190 

Instructions: (pc=0x00007ffbb56552dd)
0x00007ffbb56551dd:   ff 33 c0 eb 0a 33 d2 e8 37 f4 ff ff 48 8b c7 48
0x00007ffbb56551ed:   8b 5c 24 40 48 8b 6c 24 48 48 8b 74 24 50 48 8b
0x00007ffbb56551fd:   7c 24 58 48 83 c4 30 41 5e c3 cc cc cc cc cc cc
0x00007ffbb565520d:   cc cc cc 48 83 ec 28 48 83 3d 04 93 44 00 00 0f
0x00007ffbb565521d:   84 55 01 00 00 48 89 5c 24 30 b9 01 00 00 00 48
0x00007ffbb565522d:   89 6c 24 38 48 89 74 24 40 48 89 7c 24 20 c6 05
0x00007ffbb565523d:   f6 92 44 00 00 e8 59 21 fd ff 48 8b 35 d2 92 44
0x00007ffbb565524d:   00 33 ed 8b dd 48 8b 06 39 18 7e 32 8b fd 0f 1f
0x00007ffbb565525d:   44 00 00 48 8b 40 18 48 8b 0c 07 48 85 c9 74 11
0x00007ffbb565526d:   48 8b 01 ba 01 00 00 00 ff 10 48 8b 35 a2 92 44
0x00007ffbb565527d:   00 48 8b 06 ff c3 48 83 c7 08 3b 18 7c d5 48 8b
0x00007ffbb565528d:   1e 48 85 db 74 29 48 83 7b 08 01 75 1a 48 8b 53
0x00007ffbb565529d:   18 89 2b 48 85 d2 74 0f 39 6b 04 48 8b cb e8 f0
0x00007ffbb56552ad:   ee e9 ff 48 89 6b 18 48 8b cb e8 c4 76 a5 ff 48
0x00007ffbb56552bd:   8b ce e8 bc 76 a5 ff 48 8b 3d 5d 92 44 00 48 8b
0x00007ffbb56552cd:   74 24 40 48 85 ff 74 39 48 8b 1f 48 85 db 74 29
0x00007ffbb56552dd:   48 83 7b 08 01 75 1a 48 8b 53 18 89 2b 48 85 d2
0x00007ffbb56552ed:   74 0f 39 6b 04 48 8b cb e8 a6 ee e9 ff 48 89 6b
0x00007ffbb56552fd:   18 48 8b cb e8 7a 76 a5 ff 48 8b cf e8 72 76 a5
0x00007ffbb565530d:   ff 48 8b 3d 1b 92 44 00 48 85 ff 74 39 48 8b 1f
0x00007ffbb565531d:   48 85 db 74 29 48 83 7b 08 01 75 1a 48 8b 53 18
0x00007ffbb565532d:   89 2b 48 85 d2 74 0f 39 6b 04 48 8b cb e8 61 ee
0x00007ffbb565533d:   e9 ff 48 89 6b 18 48 8b cb e8 35 76 a5 ff 48 8b
0x00007ffbb565534d:   cf e8 2d 76 a5 ff 48 8b 7c 24 20 48 8b 5c 24 30
0x00007ffbb565535d:   48 89 2d bc 91 44 00 48 89 2d bd 91 44 00 48 89
0x00007ffbb565536d:   2d be 91 44 00 48 8b 6c 24 38 48 83 c4 28 c3 cc
0x00007ffbb565537d:   cc cc cc 48 89 5c 24 08 48 89 74 24 10 48 89 7c
0x00007ffbb565538d:   24 18 48 8b 39 45 33 c9 48 8b f2 48 63 07 85 c0
0x00007ffbb565539d:   7e 49 4c 8b 5f 18 48 8b d8 45 8b d1 0f 1f 80 00
0x00007ffbb56553ad:   00 00 00 4d 8b 03 4d 85 c0 74 21 4d 8b 40 08 48
0x00007ffbb56553bd:   8b c6 4c 2b c6 0f b6 10 42 0f b6 0c 00 2b d1 75
0x00007ffbb56553cd:   07 48 ff c0 85 c9 75 ed 85 d2 74 21 41 ff c1 49 


Stack slot to memory mapping:
stack at sp + 0 slots: 0x00000000000000cc is an unknown value
stack at sp + 1 slots: 0x00007ffb00000000 is an unknown value
stack at sp + 2 slots: 0x0000018d00000000 is an unknown value
stack at sp + 3 slots: 0x0 is NULL
stack at sp + 4 slots: 0x0000018dc8491800 points into unknown readable memory: d8 3b 8e b5 fb 7f 00 00
stack at sp + 5 slots: 0x00007ffbb565588a jvm.dll
stack at sp + 6 slots: 0x0000018da301daf0 points into unknown readable memory: 00 00 00 00 00 00 00 00
stack at sp + 7 slots: 0x0000008b30cff8a8 points into unknown readable memory: 00 00 00 00 00 00 00 00


---------------  P R O C E S S  ---------------

Threads class SMR info:
_java_thread_list=0x0000018dc845f5d0, length=25, elements={
0x0000018dc3396000, 0x0000018dc339a800, 0x0000018dc33b1000, 0x0000018dc33b3800,
0x0000018dc33b5800, 0x0000018dc33e4000, 0x0000018dc3e5a000, 0x0000018dc3e8e000,
0x0000018dc4b6a000, 0x0000018dc4ba5800, 0x0000018dc4b70800, 0x0000018dc4b34000,
0x0000018dc4bf5000, 0x0000018dc4c52800, 0x0000018dc4f6e000, 0x0000018dc4fef800,
0x0000018dc4ff3000, 0x0000018dc8486000, 0x0000018dc8f07800, 0x0000018dc8f08000,
0x0000018dc848a000, 0x0000018dc8484800, 0x0000018dc8485000, 0x0000018dc848b800,
0x0000018dc848c800
}

Java Threads: ( => current thread )
  0x0000018dc3396000 JavaThread "Reference Handler" daemon [_thread_blocked, id=13156, stack(0x0000008b31300000,0x0000008b31400000)]
  0x0000018dc339a800 JavaThread "Finalizer" daemon [_thread_blocked, id=15364, stack(0x0000008b31400000,0x0000008b31500000)]
  0x0000018dc33b1000 JavaThread "Signal Dispatcher" daemon [_thread_blocked, id=4128, stack(0x0000008b31500000,0x0000008b31600000)]
  0x0000018dc33b3800 JavaThread "Attach Listener" daemon [_thread_blocked, id=1624, stack(0x0000008b31600000,0x0000008b31700000)]
  0x0000018dc33b5800 JavaThread "C1 CompilerThread0" daemon [_thread_blocked, id=14952, stack(0x0000008b31700000,0x0000008b31800000)]
  0x0000018dc33e4000 JavaThread "Sweeper thread" daemon [_thread_blocked, id=780, stack(0x0000008b31800000,0x0000008b31900000)]
  0x0000018dc3e5a000 JavaThread "Common-Cleaner" daemon [_thread_blocked, id=16516, stack(0x0000008b31900000,0x0000008b31a00000)]
  0x0000018dc3e8e000 JavaThread "Service Thread" daemon [_thread_blocked, id=16960, stack(0x0000008b31a00000,0x0000008b31b00000)]
  0x0000018dc4b6a000 JavaThread "RMI TCP Accept-0" daemon [_thread_in_native, id=10396, stack(0x0000008b31d00000,0x0000008b31e00000)]
  0x0000018dc4ba5800 JavaThread "RMI TCP Accept-0" daemon [_thread_in_native, id=17412, stack(0x0000008b31e00000,0x0000008b31f00000)]
  0x0000018dc4b70800 JavaThread "RMI TCP Accept-59377" daemon [_thread_in_native, id=1036, stack(0x0000008b31f00000,0x0000008b32000000)]
  0x0000018dc4b34000 JavaThread "RMI TCP Connection(idle)" daemon [_thread_blocked, id=1112, stack(0x0000008b32000000,0x0000008b32100000)]
  0x0000018dc4bf5000 JavaThread "RMI Scheduler(0)" daemon [_thread_blocked, id=4236, stack(0x0000008b32200000,0x0000008b32300000)]
  0x0000018dc4c52800 JavaThread "JMX server connection timeout 18" daemon [_thread_blocked, id=6780, stack(0x0000008b32300000,0x0000008b32400000)]
  0x0000018dc4f6e000 JavaThread "JMX server connection timeout 21" daemon [_thread_blocked, id=9132, stack(0x0000008b32600000,0x0000008b32700000)]
  0x0000018dc4fef800 JavaThread "mysql-cj-abandoned-connection-cleanup" daemon [_thread_blocked, id=12260, stack(0x0000008b32d00000,0x0000008b32e00000)]
  0x0000018dc4ff3000 JavaThread "Generate Seed" daemon [_thread_in_native, id=3668, stack(0x0000008b33000000,0x0000008b33100000)]
  0x0000018dc8486000 JavaThread "Live Reload Server" daemon [_thread_in_native, id=16608, stack(0x0000008b33200000,0x0000008b33300000)]
  0x0000018dc8f07800 JavaThread "RMI TCP Connection(idle)" daemon [_thread_blocked, id=10700, stack(0x0000008b34300000,0x0000008b34400000)]
  0x0000018dc8f08000 JavaThread "File Watcher" daemon [_thread_blocked, id=12516, stack(0x0000008b30b00000,0x0000008b30c00000)]
  0x0000018dc848a000 JavaThread "http-nio-8080-Acceptor" daemon [_thread_blocked, id=5216, stack(0x0000008b33d00000,0x0000008b33e00000)]
  0x0000018dc8484800 JavaThread "RMI TCP Connection(21)-127.0.0.1" daemon [_thread_in_native, id=14672, stack(0x0000008b30900000,0x0000008b30a00000)]
  0x0000018dc8485000 JavaThread "RMI TCP Connection(20)-127.0.0.1" daemon [_thread_in_native, id=4032, stack(0x0000008b32400000,0x0000008b32500000)]
  0x0000018dc848b800 JavaThread "RMI TCP Connection(idle)" daemon [_thread_blocked, id=16408, stack(0x0000008b32b00000,0x0000008b32c00000)]
  0x0000018dc848c800 JavaThread "JMX server connection timeout 103" daemon [_thread_blocked, id=18180, stack(0x0000008b34000000,0x0000008b34100000)]

Other Threads:
  0x0000018da305e800 GCTaskThread "GC Thread#0" [stack: 0x0000008b30d00000,0x0000008b30e00000] [id=9708]
  0x0000018dc484d800 GCTaskThread "GC Thread#1" [stack: 0x0000008b31b00000,0x0000008b31c00000] [id=2176]
  0x0000018dc484e000 GCTaskThread "GC Thread#2" [stack: 0x0000008b31c00000,0x0000008b31d00000] [id=9200]
  0x0000018dc515c800 GCTaskThread "GC Thread#3" [stack: 0x0000008b32a00000,0x0000008b32b00000] [id=10372]
  0x0000018da306c800 ConcurrentGCThread "G1 Main Marker" [stack: 0x0000008b30e00000,0x0000008b30f00000] [id=12048]
  0x0000018da306f800 ConcurrentGCThread "G1 Conc#0" [stack: 0x0000008b30f00000,0x0000008b31000000] [id=15688]
  0x0000018da30de000 ConcurrentGCThread "G1 Refine#0" [stack: 0x0000008b31000000,0x0000008b31100000] [id=3244]
  0x0000018dc3212800 ConcurrentGCThread "G1 Young RemSet Sampling" [stack: 0x0000008b31100000,0x0000008b31200000] [id=12176]

=>0x0000018dc8491800 (exited) JavaThread "DestroyJavaVM" [_thread_in_vm, id=16212, stack(0x0000008b30c00000,0x0000008b30d00000)]

Threads with active compile tasks:

VM state:at safepoint (shutting down)

VM Mutex/Monitor currently owned by a thread:  ([mutex/lock_event])
[0x0000018da301be40] Threads_lock - owner thread: 0x0000018dc3392800

Heap address: 0x0000000081a00000, size: 2022 MB, Compressed Oops mode: 32-bit
Narrow klass base: 0x0000000800000000, Narrow klass shift: 3
Compressed class space size: 1073741824 Address: 0x0000000801190000

Heap:
 garbage-first heap   total 150528K, used 105105K [0x0000000081a00000, 0x0000000100000000)
  region size 1024K, 51 young (52224K), 7 survivors (7168K)
 Metaspace       used 70651K, capacity 72909K, committed 73240K, reserved 1112064K
  class space    used 9628K, capacity 10393K, committed 10520K, reserved 1048576K
Heap Regions: E=young(eden), S=young(survivor), O=old, HS=humongous(starts), HC=humongous(continues), CS=collection set, F=free, A=archive, TAMS=top-at-mark-start (previous, next)
|   0|0x0000000081a00000, 0x0000000081b00000, 0x0000000081b00000|100%|HS|  |TAMS 0x0000000081a00000, 0x0000000081a00000| Untracked 
|   1|0x0000000081b00000, 0x0000000081bfcac8, 0x0000000081c00000| 98%| O|  |TAMS 0x0000000081b00000, 0x0000000081b00000| Untracked 
|   2|0x0000000081c00000, 0x0000000081cf8ca0, 0x0000000081d00000| 97%| O|  |TAMS 0x0000000081c00000, 0x0000000081c00000| Untracked 
|   3|0x0000000081d00000, 0x0000000081dfa0a8, 0x0000000081e00000| 97%| O|  |TAMS 0x0000000081d00000, 0x0000000081d00000| Untracked 
|   4|0x0000000081e00000, 0x0000000081efa488, 0x0000000081f00000| 97%| O|  |TAMS 0x0000000081e00000, 0x0000000081e00000| Untracked 
|   5|0x0000000081f00000, 0x0000000081ffe218, 0x0000000082000000| 99%| O|  |TAMS 0x0000000081f00000, 0x0000000081f00000| Untracked 
|   6|0x0000000082000000, 0x00000000820fbce8, 0x0000000082100000| 98%| O|  |TAMS 0x0000000082000000, 0x0000000082000000| Untracked 
|   7|0x0000000082100000, 0x00000000821d7bb8, 0x0000000082200000| 84%| O|  |TAMS 0x0000000082100000, 0x0000000082100000| Untracked 
|   8|0x0000000082200000, 0x00000000822ffca0, 0x0000000082300000| 99%| O|  |TAMS 0x0000000082200000, 0x0000000082200000| Untracked 
|   9|0x0000000082300000, 0x00000000823ec038, 0x0000000082400000| 92%| O|  |TAMS 0x0000000082300000, 0x0000000082300000| Untracked 
|  10|0x0000000082400000, 0x00000000824ffff8, 0x0000000082500000| 99%| O|  |TAMS 0x0000000082400000, 0x0000000082400000| Untracked 
|  11|0x0000000082500000, 0x00000000825fffc0, 0x0000000082600000| 99%| O|  |TAMS 0x0000000082500000, 0x0000000082500000| Untracked 
|  12|0x0000000082600000, 0x00000000826e7d78, 0x0000000082700000| 90%| O|  |TAMS 0x0000000082600000, 0x0000000082600000| Untracked 
|  13|0x0000000082700000, 0x00000000827fb728, 0x0000000082800000| 98%| O|  |TAMS 0x0000000082700000, 0x0000000082700000| Untracked 
|  14|0x0000000082800000, 0x00000000828fffa8, 0x0000000082900000| 99%| O|  |TAMS 0x0000000082800000, 0x0000000082800000| Untracked 
|  15|0x0000000082900000, 0x00000000829f3d50, 0x0000000082a00000| 95%| O|  |TAMS 0x0000000082900000, 0x0000000082900000| Untracked 
|  16|0x0000000082a00000, 0x0000000082affff8, 0x0000000082b00000| 99%| O|  |TAMS 0x0000000082a00000, 0x0000000082a00000| Untracked 
|  17|0x0000000082b00000, 0x0000000082bffff8, 0x0000000082c00000| 99%| O|  |TAMS 0x0000000082b00000, 0x0000000082b00000| Untracked 
|  18|0x0000000082c00000, 0x0000000082cfffc8, 0x0000000082d00000| 99%| O|  |TAMS 0x0000000082c00000, 0x0000000082c00000| Untracked 
|  19|0x0000000082d00000, 0x0000000082dffff8, 0x0000000082e00000| 99%| O|  |TAMS 0x0000000082d00000, 0x0000000082d00000| Untracked 
|  20|0x0000000082e00000, 0x0000000082efffb0, 0x0000000082f00000| 99%| O|  |TAMS 0x0000000082e00000, 0x0000000082e00000| Untracked 
|  21|0x0000000082f00000, 0x0000000082ffffc0, 0x0000000083000000| 99%| O|  |TAMS 0x0000000082f00000, 0x0000000082f00000| Untracked 
|  22|0x0000000083000000, 0x00000000830ffff8, 0x0000000083100000| 99%| O|  |TAMS 0x0000000083000000, 0x0000000083000000| Untracked 
|  23|0x0000000083100000, 0x00000000831fffa8, 0x0000000083200000| 99%| O|  |TAMS 0x0000000083100000, 0x0000000083100000| Untracked 
|  24|0x0000000083200000, 0x00000000832ffff8, 0x0000000083300000| 99%| O|  |TAMS 0x0000000083200000, 0x0000000083200000| Untracked 
|  25|0x0000000083300000, 0x00000000833fffc8, 0x0000000083400000| 99%| O|  |TAMS 0x0000000083300000, 0x0000000083300000| Untracked 
|  26|0x0000000083400000, 0x00000000834ffff0, 0x0000000083500000| 99%| O|  |TAMS 0x0000000083400000, 0x0000000083400000| Untracked 
|  27|0x0000000083500000, 0x00000000835fff88, 0x0000000083600000| 99%| O|  |TAMS 0x0000000083500000, 0x0000000083500000| Untracked 
|  28|0x0000000083600000, 0x00000000836fffc8, 0x0000000083700000| 99%| O|  |TAMS 0x0000000083600000, 0x0000000083600000| Untracked 
|  29|0x0000000083700000, 0x00000000837fff98, 0x0000000083800000| 99%| O|  |TAMS 0x0000000083700000, 0x0000000083700000| Untracked 
|  30|0x0000000083800000, 0x00000000838ffff0, 0x0000000083900000| 99%| O|  |TAMS 0x0000000083800000, 0x0000000083800000| Untracked 
|  31|0x0000000083900000, 0x00000000839ffff8, 0x0000000083a00000| 99%| O|  |TAMS 0x0000000083900000, 0x0000000083900000| Untracked 
|  32|0x0000000083a00000, 0x0000000083affff8, 0x0000000083b00000| 99%| O|  |TAMS 0x0000000083a00000, 0x0000000083a00000| Untracked 
|  33|0x0000000083b00000, 0x0000000083bffff0, 0x0000000083c00000| 99%| O|  |TAMS 0x0000000083b00000, 0x0000000083b00000| Untracked 
|  34|0x0000000083c00000, 0x0000000083cfffd0, 0x0000000083d00000| 99%| O|  |TAMS 0x0000000083c00000, 0x0000000083c00000| Untracked 
|  35|0x0000000083d00000, 0x0000000083dfffe8, 0x0000000083e00000| 99%| O|  |TAMS 0x0000000083d00000, 0x0000000083d00000| Untracked 
|  36|0x0000000083e00000, 0x0000000083effff8, 0x0000000083f00000| 99%| O|  |TAMS 0x0000000083e00000, 0x0000000083e00000| Untracked 
|  37|0x0000000083f00000, 0x0000000083ffffe8, 0x0000000084000000| 99%| O|  |TAMS 0x0000000083f00000, 0x0000000083f00000| Untracked 
|  38|0x0000000084000000, 0x0000000084100000, 0x0000000084100000|100%| O|  |TAMS 0x0000000084000000, 0x0000000084000000| Untracked 
|  39|0x0000000084100000, 0x0000000084200000, 0x0000000084200000|100%| O|  |TAMS 0x0000000084100000, 0x0000000084100000| Untracked 
|  40|0x0000000084200000, 0x00000000842fffe0, 0x0000000084300000| 99%| O|  |TAMS 0x0000000084200000, 0x0000000084200000| Untracked 
|  41|0x0000000084300000, 0x0000000084308f80, 0x0000000084400000|  3%| O|  |TAMS 0x0000000084300000, 0x0000000084300000| Untracked 
|  42|0x0000000084400000, 0x00000000844bf740, 0x0000000084500000| 74%| O|  |TAMS 0x0000000084400000, 0x0000000084400000| Untracked 
|  43|0x0000000084500000, 0x000000008459d1b0, 0x0000000084600000| 61%| O|  |TAMS 0x0000000084500000, 0x0000000084500000| Untracked 
|  44|0x0000000084600000, 0x0000000084700000, 0x0000000084700000|100%| O|  |TAMS 0x0000000084600000, 0x0000000084600000| Untracked 
|  45|0x0000000084700000, 0x0000000084800000, 0x0000000084800000|100%| O|  |TAMS 0x0000000084700000, 0x0000000084700000| Untracked 
|  46|0x0000000084800000, 0x0000000084900000, 0x0000000084900000|100%| O|  |TAMS 0x0000000084800000, 0x0000000084800000| Untracked 
|  47|0x0000000084900000, 0x0000000084a00000, 0x0000000084a00000|100%| O|  |TAMS 0x0000000084900000, 0x0000000084900000| Untracked 
|  48|0x0000000084a00000, 0x0000000084b00000, 0x0000000084b00000|100%| O|  |TAMS 0x0000000084a00000, 0x0000000084a00000| Untracked 
|  49|0x0000000084b00000, 0x0000000084c00000, 0x0000000084c00000|100%| O|  |TAMS 0x0000000084b00000, 0x0000000084b00000| Untracked 
|  50|0x0000000084c00000, 0x0000000084d00000, 0x0000000084d00000|100%| O|  |TAMS 0x0000000084c00000, 0x0000000084c00000| Untracked 
|  51|0x0000000084d00000, 0x0000000084e00000, 0x0000000084e00000|100%| O|  |TAMS 0x0000000084d00000, 0x0000000084d00000| Untracked 
|  52|0x0000000084e00000, 0x0000000084f00000, 0x0000000084f00000|100%| O|  |TAMS 0x0000000084e00000, 0x0000000084e00000| Untracked 
|  53|0x0000000084f00000, 0x0000000085000000, 0x0000000085000000|100%| O|  |TAMS 0x0000000084f00000, 0x0000000084f00000| Untracked 
|  54|0x0000000085000000, 0x00000000850c0a00, 0x0000000085100000| 75%| O|  |TAMS 0x0000000085000000, 0x0000000085000000| Untracked 
|  55|0x0000000085100000, 0x0000000085100000, 0x0000000085200000|  0%| F|  |TAMS 0x0000000085100000, 0x0000000085100000| Untracked 
|  56|0x0000000085200000, 0x0000000085200000, 0x0000000085300000|  0%| F|  |TAMS 0x0000000085200000, 0x0000000085200000| Untracked 
|  57|0x0000000085300000, 0x0000000085300000, 0x0000000085400000|  0%| F|  |TAMS 0x0000000085300000, 0x0000000085300000| Untracked 
|  58|0x0000000085400000, 0x0000000085400000, 0x0000000085500000|  0%| F|  |TAMS 0x0000000085400000, 0x0000000085400000| Untracked 
|  59|0x0000000085500000, 0x0000000085500000, 0x0000000085600000|  0%| F|  |TAMS 0x0000000085500000, 0x0000000085500000| Untracked 
|  60|0x0000000085600000, 0x0000000085600000, 0x0000000085700000|  0%| F|  |TAMS 0x0000000085600000, 0x0000000085600000| Untracked 
|  61|0x0000000085700000, 0x0000000085700000, 0x0000000085800000|  0%| F|  |TAMS 0x0000000085700000, 0x0000000085700000| Untracked 
|  62|0x0000000085800000, 0x0000000085800000, 0x0000000085900000|  0%| F|  |TAMS 0x0000000085800000, 0x0000000085800000| Untracked 
|  63|0x0000000085900000, 0x0000000085900000, 0x0000000085a00000|  0%| F|  |TAMS 0x0000000085900000, 0x0000000085900000| Untracked 
|  64|0x0000000085a00000, 0x0000000085a00000, 0x0000000085b00000|  0%| F|  |TAMS 0x0000000085a00000, 0x0000000085a00000| Untracked 
|  65|0x0000000085b00000, 0x0000000085b00000, 0x0000000085c00000|  0%| F|  |TAMS 0x0000000085b00000, 0x0000000085b00000| Untracked 
|  66|0x0000000085c00000, 0x0000000085c00000, 0x0000000085d00000|  0%| F|  |TAMS 0x0000000085c00000, 0x0000000085c00000| Untracked 
|  67|0x0000000085d00000, 0x0000000085d00000, 0x0000000085e00000|  0%| F|  |TAMS 0x0000000085d00000, 0x0000000085d00000| Untracked 
|  68|0x0000000085e00000, 0x0000000085e00000, 0x0000000085f00000|  0%| F|  |TAMS 0x0000000085e00000, 0x0000000085e00000| Untracked 
|  69|0x0000000085f00000, 0x0000000085f00000, 0x0000000086000000|  0%| F|  |TAMS 0x0000000085f00000, 0x0000000085f00000| Untracked 
|  70|0x0000000086000000, 0x0000000086000000, 0x0000000086100000|  0%| F|  |TAMS 0x0000000086000000, 0x0000000086000000| Untracked 
|  71|0x0000000086100000, 0x0000000086100000, 0x0000000086200000|  0%| F|  |TAMS 0x0000000086100000, 0x0000000086100000| Untracked 
|  72|0x0000000086200000, 0x0000000086200000, 0x0000000086300000|  0%| F|  |TAMS 0x0000000086200000, 0x0000000086200000| Untracked 
|  73|0x0000000086300000, 0x0000000086300000, 0x0000000086400000|  0%| F|  |TAMS 0x0000000086300000, 0x0000000086300000| Untracked 
|  74|0x0000000086400000, 0x0000000086400000, 0x0000000086500000|  0%| F|  |TAMS 0x0000000086400000, 0x0000000086400000| Untracked 
|  75|0x0000000086500000, 0x0000000086500000, 0x0000000086600000|  0%| F|  |TAMS 0x0000000086500000, 0x0000000086500000| Untracked 
|  76|0x0000000086600000, 0x0000000086700000, 0x0000000086700000|100%| S|CS|TAMS 0x0000000086600000, 0x0000000086600000| Complete 
|  77|0x0000000086700000, 0x0000000086800000, 0x0000000086800000|100%| S|CS|TAMS 0x0000000086700000, 0x0000000086700000| Complete 
|  78|0x0000000086800000, 0x0000000086900000, 0x0000000086900000|100%| S|CS|TAMS 0x0000000086800000, 0x0000000086800000| Complete 
|  79|0x0000000086900000, 0x0000000086900000, 0x0000000086a00000|  0%| F|  |TAMS 0x0000000086900000, 0x0000000086900000| Untracked 
|  80|0x0000000086a00000, 0x0000000086b00000, 0x0000000086b00000|100%| S|CS|TAMS 0x0000000086a00000, 0x0000000086a00000| Complete 
|  81|0x0000000086b00000, 0x0000000086c00000, 0x0000000086c00000|100%| S|CS|TAMS 0x0000000086b00000, 0x0000000086b00000| Complete 
|  82|0x0000000086c00000, 0x0000000086d00000, 0x0000000086d00000|100%| S|CS|TAMS 0x0000000086c00000, 0x0000000086c00000| Complete 
|  83|0x0000000086d00000, 0x0000000086e00000, 0x0000000086e00000|100%| S|CS|TAMS 0x0000000086d00000, 0x0000000086d00000| Complete 
|  84|0x0000000086e00000, 0x0000000086e00000, 0x0000000086f00000|  0%| F|  |TAMS 0x0000000086e00000, 0x0000000086e00000| Untracked 
|  85|0x0000000086f00000, 0x0000000086f00000, 0x0000000087000000|  0%| F|  |TAMS 0x0000000086f00000, 0x0000000086f00000| Untracked 
|  86|0x0000000087000000, 0x0000000087000000, 0x0000000087100000|  0%| F|  |TAMS 0x0000000087000000, 0x0000000087000000| Untracked 
|  87|0x0000000087100000, 0x0000000087100000, 0x0000000087200000|  0%| F|  |TAMS 0x0000000087100000, 0x0000000087100000| Untracked 
|  88|0x0000000087200000, 0x0000000087200000, 0x0000000087300000|  0%| F|  |TAMS 0x0000000087200000, 0x0000000087200000| Untracked 
|  89|0x0000000087300000, 0x0000000087300000, 0x0000000087400000|  0%| F|  |TAMS 0x0000000087300000, 0x0000000087300000| Untracked 
|  90|0x0000000087400000, 0x0000000087400000, 0x0000000087500000|  0%| F|  |TAMS 0x0000000087400000, 0x0000000087400000| Untracked 
|  91|0x0000000087500000, 0x0000000087500000, 0x0000000087600000|  0%| F|  |TAMS 0x0000000087500000, 0x0000000087500000| Untracked 
|  92|0x0000000087600000, 0x0000000087600000, 0x0000000087700000|  0%| F|  |TAMS 0x0000000087600000, 0x0000000087600000| Untracked 
|  93|0x0000000087700000, 0x0000000087700000, 0x0000000087800000|  0%| F|  |TAMS 0x0000000087700000, 0x0000000087700000| Untracked 
|  94|0x0000000087800000, 0x0000000087800000, 0x0000000087900000|  0%| F|  |TAMS 0x0000000087800000, 0x0000000087800000| Untracked 
|  95|0x0000000087900000, 0x0000000087900000, 0x0000000087a00000|  0%| F|  |TAMS 0x0000000087900000, 0x0000000087900000| Untracked 
|  96|0x0000000087a00000, 0x0000000087a00000, 0x0000000087b00000|  0%| F|  |TAMS 0x0000000087a00000, 0x0000000087a00000| Untracked 
|  97|0x0000000087b00000, 0x0000000087b00000, 0x0000000087c00000|  0%| F|  |TAMS 0x0000000087b00000, 0x0000000087b00000| Untracked 
|  98|0x0000000087c00000, 0x0000000087c00000, 0x0000000087d00000|  0%| F|  |TAMS 0x0000000087c00000, 0x0000000087c00000| Untracked 
|  99|0x0000000087d00000, 0x0000000087d00000, 0x0000000087e00000|  0%| F|  |TAMS 0x0000000087d00000, 0x0000000087d00000| Untracked 
| 100|0x0000000087e00000, 0x0000000087e00000, 0x0000000087f00000|  0%| F|  |TAMS 0x0000000087e00000, 0x0000000087e00000| Untracked 
| 101|0x0000000087f00000, 0x0000000087f00000, 0x0000000088000000|  0%| F|  |TAMS 0x0000000087f00000, 0x0000000087f00000| Untracked 
| 102|0x0000000088000000, 0x0000000088000000, 0x0000000088100000|  0%| F|  |TAMS 0x0000000088000000, 0x0000000088000000| Untracked 
| 103|0x0000000088100000, 0x00000000881e0700, 0x0000000088200000| 87%| E|  |TAMS 0x0000000088100000, 0x0000000088100000| Complete 
| 104|0x0000000088200000, 0x0000000088300000, 0x0000000088300000|100%| E|CS|TAMS 0x0000000088200000, 0x0000000088200000| Complete 
| 105|0x0000000088300000, 0x0000000088400000, 0x0000000088400000|100%| E|CS|TAMS 0x0000000088300000, 0x0000000088300000| Complete 
| 106|0x0000000088400000, 0x0000000088500000, 0x0000000088500000|100%| E|CS|TAMS 0x0000000088400000, 0x0000000088400000| Complete 
| 107|0x0000000088500000, 0x0000000088600000, 0x0000000088600000|100%| E|CS|TAMS 0x0000000088500000, 0x0000000088500000| Complete 
| 108|0x0000000088600000, 0x0000000088700000, 0x0000000088700000|100%| E|CS|TAMS 0x0000000088600000, 0x0000000088600000| Complete 
| 109|0x0000000088700000, 0x0000000088800000, 0x0000000088800000|100%| E|CS|TAMS 0x0000000088700000, 0x0000000088700000| Complete 
| 110|0x0000000088800000, 0x0000000088900000, 0x0000000088900000|100%| E|CS|TAMS 0x0000000088800000, 0x0000000088800000| Complete 
| 111|0x0000000088900000, 0x0000000088a00000, 0x0000000088a00000|100%| E|CS|TAMS 0x0000000088900000, 0x0000000088900000| Complete 
| 112|0x0000000088a00000, 0x0000000088b00000, 0x0000000088b00000|100%| E|CS|TAMS 0x0000000088a00000, 0x0000000088a00000| Complete 
| 113|0x0000000088b00000, 0x0000000088c00000, 0x0000000088c00000|100%| E|CS|TAMS 0x0000000088b00000, 0x0000000088b00000| Complete 
| 114|0x0000000088c00000, 0x0000000088d00000, 0x0000000088d00000|100%| E|CS|TAMS 0x0000000088c00000, 0x0000000088c00000| Complete 
| 115|0x0000000088d00000, 0x0000000088e00000, 0x0000000088e00000|100%| E|CS|TAMS 0x0000000088d00000, 0x0000000088d00000| Complete 
| 116|0x0000000088e00000, 0x0000000088f00000, 0x0000000088f00000|100%| E|CS|TAMS 0x0000000088e00000, 0x0000000088e00000| Complete 
| 117|0x0000000088f00000, 0x0000000089000000, 0x0000000089000000|100%| E|CS|TAMS 0x0000000088f00000, 0x0000000088f00000| Complete 
| 118|0x0000000089000000, 0x0000000089100000, 0x0000000089100000|100%| E|CS|TAMS 0x0000000089000000, 0x0000000089000000| Complete 
| 119|0x0000000089100000, 0x0000000089200000, 0x0000000089200000|100%| E|CS|TAMS 0x0000000089100000, 0x0000000089100000| Complete 
| 120|0x0000000089200000, 0x0000000089300000, 0x0000000089300000|100%| E|CS|TAMS 0x0000000089200000, 0x0000000089200000| Complete 
| 121|0x0000000089300000, 0x0000000089400000, 0x0000000089400000|100%| E|CS|TAMS 0x0000000089300000, 0x0000000089300000| Complete 
| 122|0x0000000089400000, 0x0000000089500000, 0x0000000089500000|100%| E|CS|TAMS 0x0000000089400000, 0x0000000089400000| Complete 
| 123|0x0000000089500000, 0x0000000089600000, 0x0000000089600000|100%| E|CS|TAMS 0x0000000089500000, 0x0000000089500000| Complete 
| 124|0x0000000089600000, 0x0000000089700000, 0x0000000089700000|100%| E|CS|TAMS 0x0000000089600000, 0x0000000089600000| Complete 
| 125|0x0000000089700000, 0x0000000089800000, 0x0000000089800000|100%| E|CS|TAMS 0x0000000089700000, 0x0000000089700000| Complete 
| 126|0x0000000089800000, 0x0000000089900000, 0x0000000089900000|100%| E|CS|TAMS 0x0000000089800000, 0x0000000089800000| Complete 
| 127|0x0000000089900000, 0x0000000089a00000, 0x0000000089a00000|100%| E|CS|TAMS 0x0000000089900000, 0x0000000089900000| Complete 
| 128|0x0000000089a00000, 0x0000000089b00000, 0x0000000089b00000|100%| E|CS|TAMS 0x0000000089a00000, 0x0000000089a00000| Complete 
| 129|0x0000000089b00000, 0x0000000089c00000, 0x0000000089c00000|100%| E|CS|TAMS 0x0000000089b00000, 0x0000000089b00000| Complete 
| 130|0x0000000089c00000, 0x0000000089d00000, 0x0000000089d00000|100%| E|CS|TAMS 0x0000000089c00000, 0x0000000089c00000| Complete 
| 131|0x0000000089d00000, 0x0000000089e00000, 0x0000000089e00000|100%| E|CS|TAMS 0x0000000089d00000, 0x0000000089d00000| Complete 
| 132|0x0000000089e00000, 0x0000000089f00000, 0x0000000089f00000|100%| E|CS|TAMS 0x0000000089e00000, 0x0000000089e00000| Complete 
| 133|0x0000000089f00000, 0x000000008a000000, 0x000000008a000000|100%| E|CS|TAMS 0x0000000089f00000, 0x0000000089f00000| Complete 
| 134|0x000000008a000000, 0x000000008a100000, 0x000000008a100000|100%| E|CS|TAMS 0x000000008a000000, 0x000000008a000000| Complete 
| 135|0x000000008a100000, 0x000000008a200000, 0x000000008a200000|100%| E|CS|TAMS 0x000000008a100000, 0x000000008a100000| Complete 
| 136|0x000000008a200000, 0x000000008a300000, 0x000000008a300000|100%| E|CS|TAMS 0x000000008a200000, 0x000000008a200000| Complete 
| 137|0x000000008a300000, 0x000000008a400000, 0x000000008a400000|100%| E|CS|TAMS 0x000000008a300000, 0x000000008a300000| Complete 
| 138|0x000000008a400000, 0x000000008a500000, 0x000000008a500000|100%| E|CS|TAMS 0x000000008a400000, 0x000000008a400000| Complete 
| 139|0x000000008a500000, 0x000000008a600000, 0x000000008a600000|100%| E|CS|TAMS 0x000000008a500000, 0x000000008a500000| Complete 
| 140|0x000000008a600000, 0x000000008a700000, 0x000000008a700000|100%| E|CS|TAMS 0x000000008a600000, 0x000000008a600000| Complete 
| 141|0x000000008a700000, 0x000000008a800000, 0x000000008a800000|100%| E|CS|TAMS 0x000000008a700000, 0x000000008a700000| Complete 
| 142|0x000000008a800000, 0x000000008a900000, 0x000000008a900000|100%| E|CS|TAMS 0x000000008a800000, 0x000000008a800000| Complete 
| 143|0x000000008a900000, 0x000000008aa00000, 0x000000008aa00000|100%| E|CS|TAMS 0x000000008a900000, 0x000000008a900000| Complete 
| 144|0x000000008aa00000, 0x000000008ab00000, 0x000000008ab00000|100%| E|CS|TAMS 0x000000008aa00000, 0x000000008aa00000| Complete 
| 145|0x000000008ab00000, 0x000000008ac00000, 0x000000008ac00000|100%| E|CS|TAMS 0x000000008ab00000, 0x000000008ab00000| Complete 
| 146|0x000000008ac00000, 0x000000008ad00000, 0x000000008ad00000|100%| E|CS|TAMS 0x000000008ac00000, 0x000000008ac00000| Complete 

Card table byte_map: [0x0000018dbc620000,0x0000018dbca20000] _byte_map_base: 0x0000018dbc213000

Marking Bits (Prev, Next): (CMBitMap*) 0x0000018da305f9c8, (CMBitMap*) 0x0000018da305f988
 Prev Bits: [0x0000018dbedc0000, 0x0000018dc0d58000)
 Next Bits: [0x0000018dbce20000, 0x0000018dbedb8000)

Polling page: 0x0000018da30e0000

Metaspace:

Usage:
  Non-class:     61.05 MB capacity,    59.59 MB ( 98%) used,     1.23 MB (  2%) free+waste,   237.88 KB ( <1%) overhead. 
      Class:     10.15 MB capacity,     9.40 MB ( 93%) used,   650.34 KB (  6%) free+waste,   114.31 KB (  1%) overhead. 
       Both:     71.20 MB capacity,    69.00 MB ( 97%) used,     1.86 MB (  3%) free+waste,   352.19 KB ( <1%) overhead. 

Virtual space:
  Non-class space:       62.00 MB reserved,      61.25 MB ( 99%) committed 
      Class space:        1.00 GB reserved,      10.27 MB (  1%) committed 
             Both:        1.06 GB reserved,      71.52 MB (  7%) committed 

Chunk freelists:
   Non-Class:  1.50 KB
       Class:  128 bytes
        Both:  1.63 KB

CodeHeap 'non-profiled nmethods': size=238912Kb used=20119Kb max_used=20119Kb free=218792Kb
 bounds [0x0000018dad2b0000, 0x0000018dae660000, 0x0000018dbbc00000]
CodeHeap 'non-nmethods': size=6848Kb used=1293Kb max_used=1293Kb free=5554Kb
 bounds [0x0000018dacc00000, 0x0000018dace70000, 0x0000018dad2b0000]
 total_blobs=12149 nmethods=11409 adapters=585
 compilation: enabled
              stopped_count=0, restarted_count=0
 full_count=0

Compilation events (10 events):
Event: 215.511 Thread 0x0000018dc33b5800 11471   !   1       javax.management.MBeanServerDelegate::sendNotification (47 bytes)
Event: 215.512 Thread 0x0000018dc33b5800 nmethod 11471 0x0000018dae653e10 code [0x0000018dae653fe0, 0x0000018dae654330]
Event: 215.512 Thread 0x0000018dc33b5800 11472       1       com.sun.jmx.interceptor.DefaultMBeanServerInterceptor$ResourceContext$1::done (1 bytes)
Event: 215.512 Thread 0x0000018dc33b5800 nmethod 11472 0x0000018dae654410 code [0x0000018dae6545c0, 0x0000018dae6546f8]
Event: 215.515 Thread 0x0000018dc33b5800 11473   !   1       java.util.logging.LogManager$LoggerContext::findLogger (113 bytes)
Event: 215.516 Thread 0x0000018dc33b5800 nmethod 11473 0x0000018dae654790 code [0x0000018dae6549c0, 0x0000018dae6550b0]
Event: 215.516 Thread 0x0000018dc33b5800 11474       1       java.util.logging.LogManager::checkPermission (16 bytes)
Event: 215.517 Thread 0x0000018dc33b5800 nmethod 11474 0x0000018dae655510 code [0x0000018dae6556e0, 0x0000018dae655870]
Event: 215.517 Thread 0x0000018dc33b5800 11475       1       java.util.logging.Logger::updateEffectiveLevel (126 bytes)
Event: 215.517 Thread 0x0000018dc33b5800 nmethod 11475 0x0000018dae655910 code [0x0000018dae655b00, 0x0000018dae655f10]

GC Heap History (10 events):
Event: 168.297 GC heap before
{Heap before GC invocations=25 (full 1):
 garbage-first heap   total 150528K, used 120084K [0x0000000081a00000, 0x0000000100000000)
  region size 1024K, 76 young (77824K), 6 survivors (6144K)
 Metaspace       used 69498K, capacity 71524K, committed 71704K, reserved 1110016K
  class space    used 9495K, capacity 10209K, committed 10264K, reserved 1048576K
}
Event: 168.305 GC heap after
{Heap after GC invocations=26 (full 1):
 garbage-first heap   total 150528K, used 49038K [0x0000000081a00000, 0x0000000100000000)
  region size 1024K, 6 young (6144K), 6 survivors (6144K)
 Metaspace       used 69498K, capacity 71524K, committed 71704K, reserved 1110016K
  class space    used 9495K, capacity 10209K, committed 10264K, reserved 1048576K
}
Event: 169.020 GC heap before
{Heap before GC invocations=26 (full 1):
 garbage-first heap   total 150528K, used 121742K [0x0000000081a00000, 0x0000000100000000)
  region size 1024K, 77 young (78848K), 6 survivors (6144K)
 Metaspace       used 69624K, capacity 71726K, committed 72088K, reserved 1112064K
  class space    used 9516K, capacity 10253K, committed 10392K, reserved 1048576K
}
Event: 169.030 GC heap after
{Heap after GC invocations=27 (full 1):
 garbage-first heap   total 150528K, used 52260K [0x0000000081a00000, 0x0000000100000000)
  region size 1024K, 7 young (7168K), 7 survivors (7168K)
 Metaspace       used 69624K, capacity 71726K, committed 72088K, reserved 1112064K
  class space    used 9516K, capacity 10253K, committed 10392K, reserved 1048576K
}
Event: 169.607 GC heap before
{Heap before GC invocations=27 (full 1):
 garbage-first heap   total 150528K, used 120868K [0x0000000081a00000, 0x0000000100000000)
  region size 1024K, 75 young (76800K), 7 survivors (7168K)
 Metaspace       used 69790K, capacity 71860K, committed 72088K, reserved 1112064K
  class space    used 9531K, capacity 10254K, committed 10392K, reserved 1048576K
}
Event: 169.617 GC heap after
{Heap after GC invocations=28 (full 1):
 garbage-first heap   total 150528K, used 54552K [0x0000000081a00000, 0x0000000100000000)
  region size 1024K, 7 young (7168K), 7 survivors (7168K)
 Metaspace       used 69790K, capacity 71860K, committed 72088K, reserved 1112064K
  class space    used 9531K, capacity 10254K, committed 10392K, reserved 1048576K
}
Event: 170.800 GC heap before
{Heap before GC invocations=28 (full 1):
 garbage-first heap   total 150528K, used 122136K [0x0000000081a00000, 0x0000000100000000)
  region size 1024K, 74 young (75776K), 7 survivors (7168K)
 Metaspace       used 69989K, capacity 72041K, committed 72344K, reserved 1112064K
  class space    used 9549K, capacity 10290K, committed 10392K, reserved 1048576K
}
Event: 170.813 GC heap after
{Heap after GC invocations=29 (full 1):
 garbage-first heap   total 150528K, used 57963K [0x0000000081a00000, 0x0000000100000000)
  region size 1024K, 9 young (9216K), 9 survivors (9216K)
 Metaspace       used 69989K, capacity 72041K, committed 72344K, reserved 1112064K
  class space    used 9549K, capacity 10290K, committed 10392K, reserved 1048576K
}
Event: 172.482 GC heap before
{Heap before GC invocations=29 (full 1):
 garbage-first heap   total 150528K, used 122475K [0x0000000081a00000, 0x0000000100000000)
  region size 1024K, 72 young (73728K), 9 survivors (9216K)
 Metaspace       used 70552K, capacity 72676K, committed 72856K, reserved 1112064K
  class space    used 9612K, capacity 10366K, committed 10392K, reserved 1048576K
}
Event: 172.499 GC heap after
{Heap after GC invocations=30 (full 1):
 garbage-first heap   total 150528K, used 61073K [0x0000000081a00000, 0x0000000100000000)
  region size 1024K, 7 young (7168K), 7 survivors (7168K)
 Metaspace       used 70552K, capacity 72676K, committed 72856K, reserved 1112064K
  class space    used 9612K, capacity 10366K, committed 10392K, reserved 1048576K
}

Deoptimization events (0 events):
No events

Classes redefined (0 events):
No events

Internal exceptions (10 events):
Event: 171.161 Thread 0x0000018dc8f05800 Exception <a 'java/io/FileNotFoundException'{0x0000000089940b40}> (0x0000000089940b40) thrown at [t:/workspace/open/src/hotspot/share/prims/jni.cpp, line 615]
Event: 172.306 Thread 0x0000018dc8f05800 Exception <a 'java/lang/ClassNotFoundException'{0x000000008783e7b8}: java/lang/ObjectCustomizer> (0x000000008783e7b8) thrown at [t:/workspace/open/src/hotspot/share/classfile/systemDictionary.cpp, line 235]
Event: 172.307 Thread 0x0000018dc8f05800 Exception <a 'java/lang/ClassNotFoundException'{0x0000000087862b60}: com/example/workshop/domain/PagamentoCustomizer> (0x0000000087862b60) thrown at [t:/workspace/open/src/hotspot/share/classfile/systemDictionary.cpp, line 235]
Event: 172.309 Thread 0x0000018dc8f05800 Exception <a 'java/lang/ClassNotFoundException'{0x000000008788aed0}: com/example/workshop/domain/PagamentoComCartaoCustomizer> (0x000000008788aed0) thrown at [t:/workspace/open/src/hotspot/share/classfile/systemDictionary.cpp, line 235]
Event: 172.318 Thread 0x0000018dc8f05800 Exception <a 'java/lang/ClassNotFoundException'{0x00000000878c6b68}: java/lang/ObjectCustomizer> (0x00000000878c6b68) thrown at [t:/workspace/open/src/hotspot/share/classfile/systemDictionary.cpp, line 235]
Event: 172.319 Thread 0x0000018dc8f05800 Exception <a 'java/lang/ClassNotFoundException'{0x00000000878eaf10}: com/example/workshop/domain/PagamentoCustomizer> (0x00000000878eaf10) thrown at [t:/workspace/open/src/hotspot/share/classfile/systemDictionary.cpp, line 235]
Event: 172.321 Thread 0x0000018dc8f05800 Exception <a 'java/lang/ClassNotFoundException'{0x0000000087713738}: com/example/workshop/domain/PagamentoComBoletoCustomizer> (0x0000000087713738) thrown at [t:/workspace/open/src/hotspot/share/classfile/systemDictionary.cpp, line 235]
Event: 215.048 Thread 0x0000018dc8f0c800 Exception <a 'java/lang/InterruptedException'{0x000000008837ff48}: sleep interrupted> (0x000000008837ff48) thrown at [t:/workspace/open/src/hotspot/share/prims/jvm.cpp, line 2998]
Event: 215.051 Thread 0x0000018dc8f0a800 Exception <a 'java/lang/InterruptedException'{0x000000008823efc0}: sleep interrupted> (0x000000008823efc0) thrown at [t:/workspace/open/src/hotspot/share/prims/jvm.cpp, line 2998]
Event: 215.510 Thread 0x0000018dc8f04000 Exception <a 'java/lang/InterruptedException'{0x0000000088144460}: sleep interrupted> (0x0000000088144460) thrown at [t:/workspace/open/src/hotspot/share/prims/jvm.cpp, line 2998]

Events (10 events):
Event: 215.510 Executing VM operation: RevokeBias
Event: 215.510 Executing VM operation: RevokeBias done
Event: 215.510 Thread 0x0000018dc8f04000 Thread exited: 0x0000018dc8f04000
Event: 215.510 Executing VM operation: RevokeBias
Event: 215.510 Executing VM operation: RevokeBias done
Event: 215.512 Thread 0x0000018dc8f09000 Thread exited: 0x0000018dc8f09000
Event: 215.513 Thread 0x0000018dc8487800 Thread added: 0x0000018dc8487800
Event: 215.516 Thread 0x0000018dc8f06800 Thread exited: 0x0000018dc8f06800
Event: 215.516 Thread 0x0000018dc8487800 Thread exited: 0x0000018dc8487800
Event: 215.518 Thread 0x0000018dc8491800 Thread exited: 0x0000018dc8491800


Dynamic libraries:
0x00007ff66d100000 - 0x00007ff66d10f000 	C:\Program Files\Java\jdk-12.0.2\bin\javaw.exe
0x00007ffc0cec0000 - 0x00007ffc0d0b0000 	C:\WINDOWS\SYSTEM32\ntdll.dll
0x00007ffc0b8b0000 - 0x00007ffc0b962000 	C:\WINDOWS\System32\KERNEL32.DLL
0x00007ffc0a730000 - 0x00007ffc0a9d3000 	C:\WINDOWS\System32\KERNELBASE.dll
0x00007ffc09e50000 - 0x00007ffc09f4a000 	C:\WINDOWS\System32\ucrtbase.dll
0x00007ffc03e60000 - 0x00007ffc03e78000 	C:\Program Files\Java\jdk-12.0.2\bin\jli.dll
0x00007ffc03a60000 - 0x00007ffc03a76000 	C:\Program Files\Java\jdk-12.0.2\bin\VCRUNTIME140.dll
0x00007ffc0c170000 - 0x00007ffc0c213000 	C:\WINDOWS\System32\ADVAPI32.dll
0x00007ffc0b620000 - 0x00007ffc0b6be000 	C:\WINDOWS\System32\msvcrt.dll
0x00007ffc0af70000 - 0x00007ffc0b007000 	C:\WINDOWS\System32\sechost.dll
0x00007ffc0b790000 - 0x00007ffc0b8b0000 	C:\WINDOWS\System32\RPCRT4.dll
0x00007ffc0ba90000 - 0x00007ffc0bc24000 	C:\WINDOWS\System32\USER32.dll
0x00007ffc0ac00000 - 0x00007ffc0ac21000 	C:\WINDOWS\System32\win32u.dll
0x00007ffc0c990000 - 0x00007ffc0c9b6000 	C:\WINDOWS\System32\GDI32.dll
0x00007ffc0add0000 - 0x00007ffc0af64000 	C:\WINDOWS\System32\gdi32full.dll
0x00007ffc0ad30000 - 0x00007ffc0adce000 	C:\WINDOWS\System32\msvcp_win.dll
0x00007ffbfbbc0000 - 0x00007ffbfbe45000 	C:\WINDOWS\WinSxS\amd64_microsoft.windows.common-controls_6595b64144ccf1df_6.0.18362.418_none_e6c6b287130d565d\COMCTL32.dll
0x00007ffc0c9c0000 - 0x00007ffc0ccf6000 	C:\WINDOWS\System32\combase.dll
0x00007ffc05850000 - 0x00007ffc0585a000 	C:\WINDOWS\SYSTEM32\VERSION.dll
0x00007ffc0ab80000 - 0x00007ffc0ac00000 	C:\WINDOWS\System32\bcryptPrimitives.dll
0x00007ffc0b330000 - 0x00007ffc0b35e000 	C:\WINDOWS\System32\IMM32.DLL
0x00007ffbdc960000 - 0x00007ffbdca0a000 	C:\Program Files\Java\jdk-12.0.2\bin\msvcp140.dll
0x00007ffbb4ff0000 - 0x00007ffbb5b67000 	C:\Program Files\Java\jdk-12.0.2\bin\server\jvm.dll
0x00007ffc0b5a0000 - 0x00007ffc0b5a8000 	C:\WINDOWS\System32\PSAPI.DLL
0x00007ffc04c30000 - 0x00007ffc04c39000 	C:\WINDOWS\SYSTEM32\WSOCK32.dll
0x00007ffc0b5b0000 - 0x00007ffc0b61f000 	C:\WINDOWS\System32\WS2_32.dll
0x00007ffc06310000 - 0x00007ffc06334000 	C:\WINDOWS\SYSTEM32\WINMM.dll
0x00007ffc062a0000 - 0x00007ffc062cd000 	C:\WINDOWS\SYSTEM32\WINMMBASE.dll
0x00007ffc0ab30000 - 0x00007ffc0ab7a000 	C:\WINDOWS\System32\cfgmgr32.dll
0x00007ffc09df0000 - 0x00007ffc09e01000 	C:\WINDOWS\System32\kernel.appcore.dll
0x00007ffc03e40000 - 0x00007ffc03e51000 	C:\Program Files\Java\jdk-12.0.2\bin\verify.dll
0x00007ffbf9080000 - 0x00007ffbf9274000 	C:\WINDOWS\SYSTEM32\DBGHELP.DLL
0x00007ffbf8f60000 - 0x00007ffbf8f8a000 	C:\WINDOWS\SYSTEM32\dbgcore.DLL
0x00007ffc03e10000 - 0x00007ffc03e36000 	C:\Program Files\Java\jdk-12.0.2\bin\java.dll
0x00007ffc03df0000 - 0x00007ffc03e07000 	C:\Program Files\Java\jdk-12.0.2\bin\zip.dll
0x00007ffc05660000 - 0x00007ffc0566a000 	C:\Program Files\Java\jdk-12.0.2\bin\jimage.dll
0x00007ffc0c2a0000 - 0x00007ffc0c985000 	C:\WINDOWS\System32\SHELL32.dll
0x00007ffc0cdd0000 - 0x00007ffc0ce79000 	C:\WINDOWS\System32\shcore.dll
0x00007ffc09fb0000 - 0x00007ffc0a72f000 	C:\WINDOWS\System32\windows.storage.dll
0x00007ffc09e30000 - 0x00007ffc09e4f000 	C:\WINDOWS\System32\profapi.dll
0x00007ffc09da0000 - 0x00007ffc09dea000 	C:\WINDOWS\System32\powrprof.dll
0x00007ffc09d90000 - 0x00007ffc09da0000 	C:\WINDOWS\System32\UMPDC.dll
0x00007ffc0ba30000 - 0x00007ffc0ba82000 	C:\WINDOWS\System32\shlwapi.dll
0x00007ffc0ac30000 - 0x00007ffc0ac47000 	C:\WINDOWS\System32\cryptsp.dll
0x00007ffc033f0000 - 0x00007ffc03409000 	C:\Program Files\Java\jdk-12.0.2\bin\net.dll
0x00007ffbfb6e0000 - 0x00007ffbfb7d0000 	C:\WINDOWS\SYSTEM32\WINHTTP.dll
0x00007ffbfca30000 - 0x00007ffbfcc06000 	C:\WINDOWS\SYSTEM32\urlmon.dll
0x00007ffbfc780000 - 0x00007ffbfca26000 	C:\WINDOWS\SYSTEM32\iertutil.dll
0x00007ffc097d0000 - 0x00007ffc097dc000 	C:\WINDOWS\SYSTEM32\CRYPTBASE.DLL
0x00007ffc09600000 - 0x00007ffc09667000 	C:\WINDOWS\system32\mswsock.dll
0x00007ffc02d10000 - 0x00007ffc02d23000 	C:\Program Files\Java\jdk-12.0.2\bin\nio.dll
0x00007ffc03de0000 - 0x00007ffc03de9000 	C:\Program Files\Java\jdk-12.0.2\bin\management.dll
0x00007ffc03a50000 - 0x00007ffc03a5c000 	C:\Program Files\Java\jdk-12.0.2\bin\management_ext.dll
0x00007ffc09360000 - 0x00007ffc0942a000 	C:\WINDOWS\SYSTEM32\DNSAPI.dll
0x00007ffc0b320000 - 0x00007ffc0b328000 	C:\WINDOWS\System32\NSI.dll
0x00007ffc09310000 - 0x00007ffc0934a000 	C:\WINDOWS\SYSTEM32\IPHLPAPI.DLL
0x00007ffbfb6d0000 - 0x00007ffbfb6da000 	C:\Windows\System32\rasadhlp.dll
0x00007ffc01360000 - 0x00007ffc013d7000 	C:\WINDOWS\System32\fwpuclnt.dll
0x00007ffc0ac50000 - 0x00007ffc0ac76000 	C:\WINDOWS\System32\bcrypt.dll
0x00007ffbf8080000 - 0x00007ffbf8096000 	C:\WINDOWS\system32\napinsp.dll
0x00007ffbf8010000 - 0x00007ffbf802a000 	C:\WINDOWS\system32\pnrpnsp.dll
0x00007ffbf7fe0000 - 0x00007ffbf7fee000 	C:\WINDOWS\System32\winrnr.dll
0x00007ffc07990000 - 0x00007ffc079ac000 	C:\WINDOWS\system32\NLAapi.dll
0x00007ffbf7e10000 - 0x00007ffbf7e25000 	C:\WINDOWS\system32\wshbth.dll
0x00007ffc09170000 - 0x00007ffc091a3000 	C:\WINDOWS\system32\rsaenh.dll
0x00007ffc09cb0000 - 0x00007ffc09cd5000 	C:\WINDOWS\SYSTEM32\USERENV.dll
0x00007ffc02670000 - 0x00007ffc02686000 	C:\WINDOWS\SYSTEM32\dhcpcsvc6.DLL
0x00007ffc02f50000 - 0x00007ffc02f6c000 	C:\WINDOWS\SYSTEM32\dhcpcsvc.DLL
0x00007ffc036e0000 - 0x00007ffc03707000 	C:\Program Files\Java\jdk-12.0.2\bin\sunec.dll

dbghelp: loaded successfully - version: 4.0.5 - missing functions: none
symbol engine: initialized successfully - sym options: 0x614 - pdb path: .;C:\Program Files\Java\jdk-12.0.2\bin;C:\WINDOWS\SYSTEM32;C:\WINDOWS\WinSxS\amd64_microsoft.windows.common-controls_6595b64144ccf1df_6.0.18362.418_none_e6c6b287130d565d;C:\Program Files\Java\jdk-12.0.2\bin\server

VM Arguments:
jvm_args: -Dcom.sun.management.jmxremote -Dcom.sun.management.jmxremote.port=59377 -Dcom.sun.management.jmxremote.authenticate=false -Dcom.sun.management.jmxremote.ssl=false -Djava.rmi.server.hostname=localhost -Dspring.jmx.enabled=true -Dspring.application.admin.enabled=true -Xverify:none -XX:TieredStopAtLevel=1 -Dfile.encoding=UTF-8 
java_command: com.example.workshop.CursomcApplication --spring.output.ansi.enabled=always
java_class_path (initial): C:\Workspaces\ws-sts\cursomc\target\classes;C:\Users\gabri\.m2\repository\org\springframework\boot\spring-boot-starter-web\2.1.9.RELEASE\spring-boot-starter-web-2.1.9.RELEASE.jar;C:\Users\gabri\.m2\repository\org\springframework\boot\spring-boot-starter\2.1.9.RELEASE\spring-boot-starter-2.1.9.RELEASE.jar;C:\Users\gabri\.m2\repository\org\springframework\boot\spring-boot-starter-logging\2.1.9.RELEASE\spring-boot-starter-logging-2.1.9.RELEASE.jar;C:\Users\gabri\.m2\repository\ch\qos\logback\logback-classic\1.2.3\logback-classic-1.2.3.jar;C:\Users\gabri\.m2\repository\ch\qos\logback\logback-core\1.2.3\logback-core-1.2.3.jar;C:\Users\gabri\.m2\repository\org\apache\logging\log4j\log4j-to-slf4j\2.11.2\log4j-to-slf4j-2.11.2.jar;C:\Users\gabri\.m2\repository\org\apache\logging\log4j\log4j-api\2.11.2\log4j-api-2.11.2.jar;C:\Users\gabri\.m2\repository\org\slf4j\jul-to-slf4j\1.7.28\jul-to-slf4j-1.7.28.jar;C:\Users\gabri\.m2\repository\javax\annotation\javax.annotation-api\1.3.2\javax.annotation-api-1.3.2.jar;C:\Users\gabri\.m2\repository\org\yaml\snakeyaml\1.23\snakeyaml-1.23.jar;C:\Users\gabri\.m2\repository\org\springframework\boot\spring-boot-starter-json\2.1.9.RELEASE\spring-boot-starter-json-2.1.9.RELEASE.jar;C:\Users\gabri\.m2\repository\com\fasterxml\jackson\datatype\jackson-datatype-jdk8\2.9.9\jackson-datatype-jdk8-2.9.9.jar;C:\Users\gabri\.m2\repository\com\fasterxml\jackson\datatype\jackson-datatype-jsr310\2.9.9\jackson-datatype-jsr310-2.9.9.jar;C:\Users\gabri\.m2\repository\com\fasterxml\jackson\module\jackson-module-parameter-names\2.9.9\jackson-module-parameter-names-2.9.9.jar;C:\Users\gabri\.m2\repository\org\springframework\boot\spring-boot-starter-tomcat\2.1.9.RELEASE\spring-boot-starter-tomcat-2.1.9.RELEASE.jar;C:\Users\gabri\.m2\repository\org\apache\tomcat\embed\tomcat-embed-core\9.0.26\tomcat-embed-core-9.0.26.jar;C:\Users\gabri\.m2\repository\org\apache\tomcat\embed\tomcat-embed-el\9.0.26\tomcat-embed-el-9.0.26.jar;C:\Users\ga
Launcher Type: SUN_STANDARD

[Global flags]
     bool BytecodeVerificationLocal                = false                                     {product} {command line}
     bool BytecodeVerificationRemote               = false                                     {product} {command line}
     intx CICompilerCount                          = 3                                         {product} {ergonomic}
     uint ConcGCThreads                            = 1                                         {product} {ergonomic}
     uint G1ConcRefinementThreads                  = 4                                         {product} {ergonomic}
   size_t G1HeapRegionSize                         = 1048576                                   {product} {ergonomic}
    uintx GCDrainStackTargetSize                   = 64                                        {product} {ergonomic}
   size_t InitialHeapSize                          = 134217728                                 {product} {ergonomic}
     bool ManagementServer                         = true                                      {product} {command line}
   size_t MarkStackSize                            = 4194304                                   {product} {ergonomic}
   size_t MaxHeapSize                              = 2120220672                                {product} {ergonomic}
   size_t MaxNewSize                               = 1271922688                                {product} {ergonomic}
   size_t MinHeapDeltaBytes                        = 1048576                                   {product} {ergonomic}
    uintx NonNMethodCodeHeapSize                   = 6973028                                {pd product} {ergonomic}
    uintx NonProfiledCodeHeapSize                  = 244685212                              {pd product} {ergonomic}
    uintx ProfiledCodeHeapSize                     = 0                                      {pd product} {ergonomic}
    uintx ReservedCodeCacheSize                    = 251658240                              {pd product} {ergonomic}
     bool SegmentedCodeCache                       = true                                      {product} {ergonomic}
     intx TieredStopAtLevel                        = 1                                         {product} {command line}
     bool UseCompressedClassPointers               = true                                 {lp64_product} {ergonomic}
     bool UseCompressedOops                        = true                                 {lp64_product} {ergonomic}
     bool UseG1GC                                  = true                                      {product} {ergonomic}
     bool UseLargePagesIndividualAllocation        = false                                  {pd product} {ergonomic}

Logging:
Log output configuration:
 #0: stdout all=warning uptime,level,tags
 #1: stderr all=off uptime,level,tags

Environment Variables:
JAVA_HOME=C:\Program Files\Java\jdk-12.0.2
PATH=C:/Program Files/Java/jdk-12.0.2/bin/server;C:/Program Files/Java/jdk-12.0.2/bin;C:\Windows\system32;C:\Windows;C:\Windows\System32\Wbem;C:\Windows\System32\WindowsPowerShell\v1.0\;C:\Windows\System32\OpenSSH\;C:\Program Files (x86)\NVIDIA Corporation\PhysX\Common;C:\Program Files\dotnet\;C:\Program Files\Microsoft SQL Server\130\Tools\Binn\;C:\Program Files\Microsoft SQL Server\Client SDK\ODBC\170\Tools\Binn\;C:\WINDOWS\system32;C:\WINDOWS;C:\WINDOWS\System32\Wbem;C:\WINDOWS\System32\WindowsPowerShell\v1.0\;C:\WINDOWS\System32\OpenSSH\;C:\Program Files (x86)\Intel\Intel(R) Management Engine Components\DAL;C:\Program Files\Intel\Intel(R) Management Engine Components\DAL;C:\xampp\php;C:\Program Files\MySQL\MySQL Server 8.0\bin;C:\Program Files\nodejs\;C:\Program Files\MongoDB\Server\4.2\bin;C:\Program Files\Git\cmd;C:\Program Files\MySQL\MySQL Shell 8.0\bin\;C:\Users\gabri\.dotnet\tools;C:\Users\gabri\AppData\Local\Programs\Microsoft VS Code\bin;C:\xampp\php;C:\Users\gabri\AppData\Roaming\npm;C:\Program Files\Java\jdk-12.0.2\bin;;C:\Program Files\JetBrains\IntelliJ IDEA 2019.2.2\bin;;C:\Program Files\heroku\bin;C:\sts-4.4.0.RELEASE;
USERNAME=gabri
OS=Windows_NT
PROCESSOR_IDENTIFIER=Intel64 Family 6 Model 78 Stepping 3, GenuineIntel



---------------  S Y S T E M  ---------------

OS: Windows 10 , 64 bit Build 18362 (10.0.18362.329)

CPU:total 4 (initial active 4) (2 cores per cpu, 2 threads per core) family 6 model 78 stepping 3, cmov, cx8, fxsr, mmx, sse, sse2, sse3, ssse3, sse4.1, sse4.2, popcnt, avx, avx2, aes, clmul, erms, 3dnowpref, lzcnt, ht, tsc, tscinvbit, bmi1, bmi2, adx, fma

Memory: 4k page, system-wide physical 8083M (1113M free)
TotalPageFile size 13203M (AvailPageFile size 2319M)
current process WorkingSet (physical memory assigned to process): 320M, peak: 321M
current process commit charge ("private bytes"): 363M, peak: 371M

vm_info: Java HotSpot(TM) 64-Bit Server VM (12.0.2+10) for windows-amd64 JRE (12.0.2+10), built on Jul 16 2019 01:56:17 by "mach5one" with MS VC++ 15.5 (VS2017)

END.
